#
# There is insufficient memory for the Java Runtime Environment to continue.
# Native memory allocation (malloc) failed to allocate 2049136 bytes. Error detail: Chunk::new
# Possible reasons:
#   The system is out of physical RAM or swap space
#   This process is running with CompressedOops enabled, and the Java Heap may be blocking the growth of the native heap
# Possible solutions:
#   Reduce memory load on the system
#   Increase physical memory or swap space
#   Check if swap backing store is full
#   Decrease Java heap size (-Xmx/-Xms)
#   Decrease number of Java threads
#   Decrease Java thread stack sizes (-Xss)
#   Set larger code cache with -XX:ReservedCodeCacheSize=
#   JVM is running with Unscaled Compressed Oops mode in which the Java heap is
#     placed in the first 4GB address space. The Java Heap base address is the
#     maximum limit for the native heap growth. Please use -XX:HeapBaseMinAddress
#     to set the Java Heap base and to place the Java Heap above 4GB virtual address.
# This output file may be truncated or incomplete.
#
#  Out of Memory Error (arena.cpp:168), pid=3944, tid=8296
#
# JRE version: OpenJDK Runtime Environment Temurin-21.0.7+6 (21.0.7+6) (build 21.0.7+6-LTS)
# Java VM: OpenJDK 64-Bit Server VM Temurin-21.0.7+6 (21.0.7+6-LTS, mixed mode, sharing, tiered, compressed oops, compressed class ptrs, parallel gc, windows-amd64)
# No core dump will be written. Minidumps are not enabled by default on client versions of Windows
#

---------------  S U M M A R Y ------------

Command Line: --add-modules=ALL-SYSTEM --add-opens=java.base/java.util=ALL-UNNAMED --add-opens=java.base/java.lang=ALL-UNNAMED --add-opens=java.base/sun.nio.fs=ALL-UNNAMED -Declipse.application=org.eclipse.jdt.ls.core.id1 -Dosgi.bundles.defaultStartLevel=4 -Declipse.product=org.eclipse.jdt.ls.core.product -Djava.import.generatesMetadataFilesAtProjectRoot=false -DDetectVMInstallationsJob.disabled=true -Dfile.encoding=utf8 -XX:+UseParallelGC -XX:GCTimeRatio=4 -XX:AdaptiveSizePolicyWeight=90 -Dsun.zip.disableMemoryMapping=true -Xmx2G -Xms100m -Xlog:disable -javaagent:c:\Users\Farate\.vscode\extensions\redhat.java-1.43.0-win32-x64\lombok\lombok-1.18.39-4050.jar -XX:+HeapDumpOnOutOfMemoryError -XX:HeapDumpPath=c:\Users\Farate\AppData\Roaming\Code\User\workspaceStorage\f661b1c5d9a8e523ea848e005d286eda\redhat.java -Daether.dependencyCollector.impl=bf c:\Users\Farate\.vscode\extensions\redhat.java-1.43.0-win32-x64\server\plugins\org.eclipse.equinox.launcher_1.7.0.v20250519-0528.jar -configuration c:\Users\Farate\AppData\Roaming\Code\User\globalStorage\redhat.java\1.43.0\config_win -data c:\Users\Farate\AppData\Roaming\Code\User\workspaceStorage\f661b1c5d9a8e523ea848e005d286eda\redhat.java\jdt_ws --pipe=\\.\pipe\lsp-5766634da8e9267263d0b255378845f9-sock

Host: 12th Gen Intel(R) Core(TM) i5-12450H, 12 cores, 15G,  Windows 11 , 64 bit Build 26100 (10.0.26100.2161)
Time: Mon Jun 30 11:03:29 2025 India Standard Time elapsed time: 14.001462 seconds (0d 0h 0m 14s)

---------------  T H R E A D  ---------------

Current thread (0x000001c1ff97eef0):  JavaThread "C2 CompilerThread1" daemon [_thread_in_native, id=8296, stack(0x0000008183f00000,0x0000008184000000) (1024K)]


Current CompileTask:
C2:14002 6719       4       org.eclipse.jdt.internal.compiler.util.JrtFileSystem$2::visitFile (72 bytes)

Stack: [0x0000008183f00000,0x0000008184000000]
Native frames: (J=compiled Java code, j=interpreted, Vv=VM code, C=native code)
V  [jvm.dll+0x6ce119]
V  [jvm.dll+0x8a84a1]
V  [jvm.dll+0x8aa9ce]
V  [jvm.dll+0x8ab0b3]
V  [jvm.dll+0x27f8a6]
V  [jvm.dll+0xc507d]
V  [jvm.dll+0xc55b3]
V  [jvm.dll+0x3b68f2]
V  [jvm.dll+0x382aa5]
V  [jvm.dll+0x381f0a]
V  [jvm.dll+0x247af0]
V  [jvm.dll+0x2470cf]
V  [jvm.dll+0x1c760e]
V  [jvm.dll+0x25695a]
V  [jvm.dll+0x254efa]
V  [jvm.dll+0x3f03f6]
V  [jvm.dll+0x851f6b]
V  [jvm.dll+0x6cc7dd]
C  [ucrtbase.dll+0x14ea0]
C  [KERNEL32.DLL+0x2dbe7]
C  [ntdll.dll+0xdfbec]


---------------  P R O C E S S  ---------------

Threads class SMR info:
_java_thread_list=0x000001c1c619e090, length=46, elements={
0x000001c1e7c32800, 0x000001c1e7cd0f70, 0x000001c1e7cd25e0, 0x000001c1e7cd5eb0,
0x000001c1e7cdba70, 0x000001c1e7cdd8b0, 0x000001c1e7cddf10, 0x000001c1e7cdfcf0,
0x000001c1ff97cce0, 0x000001c1e7c9b3f0, 0x000001c1ffcd1a00, 0x000001c1c63d9240,
0x000001c1c684deb0, 0x000001c1c6962e30, 0x000001c1c6963490, 0x000001c1c7018660,
0x000001c1c70c50c0, 0x000001c1c70d3360, 0x000001c1c70d1fb0, 0x000001c1c70d4710,
0x000001c1c70d2640, 0x000001c1ff97eef0, 0x000001c1c70d4da0, 0x000001c1c70d2cd0,
0x000001c1c8f5ab60, 0x000001c1c8f5e670, 0x000001c1c8f5dfe0, 0x000001c1ff97bf40,
0x000001c1c8f5b1f0, 0x000001c1c8f5ed00, 0x000001c1c8f5d2c0, 0x000001c1c8f5bf10,
0x000001c1c8f5c5a0, 0x000001c1c8f5cc30, 0x000001c1c8f5d950, 0x000001c1c8f5b880,
0x000001c1c8f61af0, 0x000001c1c8f5f390, 0x000001c1c8f5fa20, 0x000001c1c8f62180,
0x000001c1c8f60dd0, 0x000001c1c8f61460, 0x000001c1c8f60740, 0x000001c1c8f600b0,
0x000001c1c70d4080, 0x000001c1cb807060
}

Java Threads: ( => current thread )
  0x000001c1e7c32800 JavaThread "main"                              [_thread_blocked, id=888, stack(0x0000008183100000,0x0000008183200000) (1024K)]
  0x000001c1e7cd0f70 JavaThread "Reference Handler"          daemon [_thread_blocked, id=18640, stack(0x0000008183500000,0x0000008183600000) (1024K)]
  0x000001c1e7cd25e0 JavaThread "Finalizer"                  daemon [_thread_blocked, id=23088, stack(0x0000008183600000,0x0000008183700000) (1024K)]
  0x000001c1e7cd5eb0 JavaThread "Signal Dispatcher"          daemon [_thread_blocked, id=12768, stack(0x0000008183700000,0x0000008183800000) (1024K)]
  0x000001c1e7cdba70 JavaThread "Attach Listener"            daemon [_thread_blocked, id=17112, stack(0x0000008183800000,0x0000008183900000) (1024K)]
  0x000001c1e7cdd8b0 JavaThread "Service Thread"             daemon [_thread_blocked, id=21736, stack(0x0000008183900000,0x0000008183a00000) (1024K)]
  0x000001c1e7cddf10 JavaThread "Monitor Deflation Thread"   daemon [_thread_blocked, id=23204, stack(0x0000008183a00000,0x0000008183b00000) (1024K)]
  0x000001c1e7cdfcf0 JavaThread "C2 CompilerThread0"         daemon [_thread_in_native, id=9036, stack(0x0000008183b00000,0x0000008183c00000) (1024K)]
  0x000001c1ff97cce0 JavaThread "C1 CompilerThread0"         daemon [_thread_blocked, id=14792, stack(0x0000008183c00000,0x0000008183d00000) (1024K)]
  0x000001c1e7c9b3f0 JavaThread "Common-Cleaner"             daemon [_thread_blocked, id=14712, stack(0x0000008183d00000,0x0000008183e00000) (1024K)]
  0x000001c1ffcd1a00 JavaThread "Notification Thread"        daemon [_thread_blocked, id=5556, stack(0x0000008183e00000,0x0000008183f00000) (1024K)]
  0x000001c1c63d9240 JavaThread "Active Thread: Equinox Container: 77ca33b4-5f7d-4d93-b21c-4bfa1132c999"        [_thread_blocked, id=20864, stack(0x0000008184700000,0x0000008184800000) (1024K)]
  0x000001c1c684deb0 JavaThread "Refresh Thread: Equinox Container: 77ca33b4-5f7d-4d93-b21c-4bfa1132c999" daemon [_thread_blocked, id=24776, stack(0x0000008184000000,0x0000008184100000) (1024K)]
  0x000001c1c6962e30 JavaThread "Framework Event Dispatcher: Equinox Container: 77ca33b4-5f7d-4d93-b21c-4bfa1132c999" daemon [_thread_blocked, id=16752, stack(0x0000008184900000,0x0000008184a00000) (1024K)]
  0x000001c1c6963490 JavaThread "Start Level: Equinox Container: 77ca33b4-5f7d-4d93-b21c-4bfa1132c999" daemon [_thread_blocked, id=10876, stack(0x0000008184a00000,0x0000008184b00000) (1024K)]
  0x000001c1c7018660 JavaThread "Bundle File Closer"         daemon [_thread_blocked, id=20904, stack(0x0000008184e00000,0x0000008184f00000) (1024K)]
  0x000001c1c70c50c0 JavaThread "SCR Component Actor"        daemon [_thread_blocked, id=17556, stack(0x0000008184b00000,0x0000008184c00000) (1024K)]
  0x000001c1c70d3360 JavaThread "Worker-JM"                         [_thread_blocked, id=15464, stack(0x0000008185000000,0x0000008185100000) (1024K)]
  0x000001c1c70d1fb0 JavaThread "JNA Cleaner"                daemon [_thread_blocked, id=1876, stack(0x0000008185200000,0x0000008185300000) (1024K)]
  0x000001c1c70d4710 JavaThread "Worker-0: Java indexing... "        [_thread_blocked, id=3872, stack(0x0000008185300000,0x0000008185400000) (1024K)]
  0x000001c1c70d2640 JavaThread "Worker-1"                          [_thread_blocked, id=20968, stack(0x0000008185400000,0x0000008185500000) (1024K)]
=>0x000001c1ff97eef0 JavaThread "C2 CompilerThread1"         daemon [_thread_in_native, id=8296, stack(0x0000008183f00000,0x0000008184000000) (1024K)]
  0x000001c1c70d4da0 JavaThread "Java indexing"              daemon [_thread_in_Java, id=3916, stack(0x0000008185100000,0x0000008185200000) (1024K)]
  0x000001c1c70d2cd0 JavaThread "Worker-2"                          [_thread_blocked, id=12192, stack(0x0000008185700000,0x0000008185800000) (1024K)]
  0x000001c1c8f5ab60 JavaThread "Worker-3"                          [_thread_blocked, id=9020, stack(0x0000008185800000,0x0000008185900000) (1024K)]
  0x000001c1c8f5e670 JavaThread "Worker-4"                          [_thread_blocked, id=25036, stack(0x0000008185900000,0x0000008185a00000) (1024K)]
  0x000001c1c8f5dfe0 JavaThread "Worker-5: Initialize Workspace"        [_thread_blocked, id=16836, stack(0x0000008185a00000,0x0000008185b00000) (1024K)]
  0x000001c1ff97bf40 JavaThread "C2 CompilerThread2"         daemon [_thread_in_native, id=25472, stack(0x0000008185b00000,0x0000008185c00000) (1024K)]
  0x000001c1c8f5b1f0 JavaThread "Thread-2"                   daemon [_thread_in_native, id=19076, stack(0x0000008185c00000,0x0000008185d00000) (1024K)]
  0x000001c1c8f5ed00 JavaThread "Thread-3"                   daemon [_thread_in_native, id=9764, stack(0x0000008185d00000,0x0000008185e00000) (1024K)]
  0x000001c1c8f5d2c0 JavaThread "Thread-4"                   daemon [_thread_in_native, id=10356, stack(0x0000008185e00000,0x0000008185f00000) (1024K)]
  0x000001c1c8f5bf10 JavaThread "Thread-5"                   daemon [_thread_in_native, id=20692, stack(0x0000008185f00000,0x0000008186000000) (1024K)]
  0x000001c1c8f5c5a0 JavaThread "Thread-6"                   daemon [_thread_in_native, id=22964, stack(0x0000008186000000,0x0000008186100000) (1024K)]
  0x000001c1c8f5cc30 JavaThread "Thread-7"                   daemon [_thread_in_native, id=20436, stack(0x0000008186100000,0x0000008186200000) (1024K)]
  0x000001c1c8f5d950 JavaThread "Thread-8"                   daemon [_thread_in_native, id=3120, stack(0x0000008186200000,0x0000008186300000) (1024K)]
  0x000001c1c8f5b880 JavaThread "Thread-9"                   daemon [_thread_in_native, id=15948, stack(0x0000008186300000,0x0000008186400000) (1024K)]
  0x000001c1c8f61af0 JavaThread "Thread-10"                  daemon [_thread_in_native, id=24984, stack(0x0000008186400000,0x0000008186500000) (1024K)]
  0x000001c1c8f5f390 JavaThread "Thread-11"                  daemon [_thread_in_native, id=22884, stack(0x0000008186500000,0x0000008186600000) (1024K)]
  0x000001c1c8f5fa20 JavaThread "Thread-12"                  daemon [_thread_in_native, id=9232, stack(0x0000008186600000,0x0000008186700000) (1024K)]
  0x000001c1c8f62180 JavaThread "Thread-13"                  daemon [_thread_in_native, id=4140, stack(0x0000008186700000,0x0000008186800000) (1024K)]
  0x000001c1c8f60dd0 JavaThread "Thread-14"                  daemon [_thread_in_native, id=23708, stack(0x0000008186800000,0x0000008186900000) (1024K)]
  0x000001c1c8f61460 JavaThread "pool-2-thread-1"                   [_thread_blocked, id=4028, stack(0x0000008186900000,0x0000008186a00000) (1024K)]
  0x000001c1c8f60740 JavaThread "WorkspaceEventsHandler"            [_thread_blocked, id=13476, stack(0x0000008186a00000,0x0000008186b00000) (1024K)]
  0x000001c1c8f600b0 JavaThread "pool-1-thread-1"                   [_thread_blocked, id=17952, stack(0x0000008186b00000,0x0000008186c00000) (1024K)]
  0x000001c1c70d4080 JavaThread "Timer-0"                           [_thread_blocked, id=1892, stack(0x0000008186c00000,0x0000008186d00000) (1024K)]
  0x000001c1cb807060 JavaThread "Connection worker"                 [_thread_in_Java, id=25028, stack(0x0000008186d00000,0x0000008186e00000) (1024K)]
Total: 46

Other Threads:
  0x000001c1e7cd09a0 VMThread "VM Thread"                           [id=20548, stack(0x0000008183400000,0x0000008183500000) (1024K)]
  0x000001c1e7abca00 WatcherThread "VM Periodic Task Thread"        [id=23180, stack(0x0000008183300000,0x0000008183400000) (1024K)]
  0x000001c1e7c50720 WorkerThread "GC Thread#0"                     [id=16652, stack(0x0000008183200000,0x0000008183300000) (1024K)]
  0x000001c1c60ac4a0 WorkerThread "GC Thread#1"                     [id=15964, stack(0x0000008184100000,0x0000008184200000) (1024K)]
  0x000001c1c67b0de0 WorkerThread "GC Thread#2"                     [id=24108, stack(0x0000008184200000,0x0000008184300000) (1024K)]
  0x000001c1c67b1180 WorkerThread "GC Thread#3"                     [id=2480, stack(0x0000008184300000,0x0000008184400000) (1024K)]
  0x000001c1c67b1520 WorkerThread "GC Thread#4"                     [id=24992, stack(0x0000008184400000,0x0000008184500000) (1024K)]
  0x000001c1c60ac840 WorkerThread "GC Thread#5"                     [id=408, stack(0x0000008184500000,0x0000008184600000) (1024K)]
  0x000001c1c60acbe0 WorkerThread "GC Thread#6"                     [id=16280, stack(0x0000008184600000,0x0000008184700000) (1024K)]
  0x000001c1c684e7e0 WorkerThread "GC Thread#7"                     [id=4164, stack(0x0000008184800000,0x0000008184900000) (1024K)]
  0x000001c1c6823210 WorkerThread "GC Thread#8"                     [id=22500, stack(0x0000008184c00000,0x0000008184d00000) (1024K)]
  0x000001c1c6822730 WorkerThread "GC Thread#9"                     [id=10544, stack(0x0000008184d00000,0x0000008184e00000) (1024K)]
Total: 12

Threads with active compile tasks:
C2 CompilerThread0  19754 7421       4       java.util.Properties$LineReader::readLine (584 bytes)
C2 CompilerThread1  19754 6719       4       org.eclipse.jdt.internal.compiler.util.JrtFileSystem$2::visitFile (72 bytes)
C2 CompilerThread2  19754 7319   !   4       org.eclipse.jdt.internal.core.search.indexing.BinaryIndexer::indexDocument (1168 bytes)
Total: 3

VM state: not at safepoint (normal execution)

VM Mutex/Monitor currently owned by a thread: None

Heap address: 0x0000000080000000, size: 2048 MB, Compressed Oops mode: 32-bit

CDS archive(s) mapped at: [0x000001c180000000-0x000001c180ba0000-0x000001c180ba0000), size 12189696, SharedBaseAddress: 0x000001c180000000, ArchiveRelocationMode: 1.
Compressed class space mapped at: 0x000001c181000000-0x000001c1c1000000, reserved size: 1073741824
Narrow klass base: 0x000001c180000000, Narrow klass shift: 0, Narrow klass range: 0x100000000

GC Precious Log:
 CardTable entry size: 512
 CPUs: 12 total, 12 available
 Memory: 16024M
 Large Page Support: Disabled
 NUMA Support: Disabled
 Compressed Oops: Enabled (32-bit)
 Alignments: Space 512K, Generation 512K, Heap 2M
 Heap Min Capacity: 100M
 Heap Initial Capacity: 100M
 Heap Max Capacity: 2G
 Pre-touch: Disabled
 Parallel Workers: 10

Heap:
 PSYoungGen      total 23040K, used 6921K [0x00000000d5580000, 0x00000000d7180000, 0x0000000100000000)
  eden space 19456K, 19% used [0x00000000d5580000,0x00000000d5921d70,0x00000000d6880000)
  from space 3584K, 98% used [0x00000000d6e00000,0x00000000d7173020,0x00000000d7180000)
  to   space 4096K, 0% used [0x00000000d6980000,0x00000000d6980000,0x00000000d6d80000)
 ParOldGen       total 143360K, used 132906K [0x0000000080000000, 0x0000000088c00000, 0x00000000d5580000)
  object space 143360K, 92% used [0x0000000080000000,0x00000000881caa20,0x0000000088c00000)
 Metaspace       used 54497K, committed 55744K, reserved 1114112K
  class space    used 6027K, committed 6592K, reserved 1048576K

Card table byte_map: [0x000001c1e75d0000,0x000001c1e79e0000] _byte_map_base: 0x000001c1e71d0000

Marking Bits: (ParMarkBitMap*) 0x00007ff9fcda31f0
 Begin Bits: [0x000001c1fa0d0000, 0x000001c1fc0d0000)
 End Bits:   [0x000001c1fc0d0000, 0x000001c1fe0d0000)

Polling page: 0x000001c1e5a20000

Metaspace:

Usage:
  Non-class:     47.34 MB used.
      Class:      5.89 MB used.
       Both:     53.22 MB used.

Virtual space:
  Non-class space:       64.00 MB reserved,      48.06 MB ( 75%) committed,  1 nodes.
      Class space:        1.00 GB reserved,       6.44 MB ( <1%) committed,  1 nodes.
             Both:        1.06 GB reserved,      54.50 MB (  5%) committed. 

Chunk freelists:
   Non-Class:  15.61 MB
       Class:  9.47 MB
        Both:  25.08 MB

MaxMetaspaceSize: unlimited
CompressedClassSpaceSize: 1.00 GB
Initial GC threshold: 21.00 MB
Current GC threshold: 89.50 MB
CDS: on
 - commit_granule_bytes: 65536.
 - commit_granule_words: 8192.
 - virtual_space_node_default_size: 8388608.
 - enlarge_chunks_in_place: 1.
 - use_allocation_guard: 0.


Internal statistics:

num_allocs_failed_limit: 6.
num_arena_births: 942.
num_arena_deaths: 40.
num_vsnodes_births: 2.
num_vsnodes_deaths: 0.
num_space_committed: 872.
num_space_uncommitted: 0.
num_chunks_returned_to_freelist: 56.
num_chunks_taken_from_freelist: 3387.
num_chunk_merges: 11.
num_chunk_splits: 2132.
num_chunks_enlarged: 1309.
num_inconsistent_stats: 0.

CodeHeap 'non-profiled nmethods': size=120000Kb used=4236Kb max_used=4247Kb free=115763Kb
 bounds [0x000001c1f28f0000, 0x000001c1f2d20000, 0x000001c1f9e20000]
CodeHeap 'profiled nmethods': size=120000Kb used=13702Kb max_used=14187Kb free=106297Kb
 bounds [0x000001c1eae20000, 0x000001c1ebc00000, 0x000001c1f2350000]
CodeHeap 'non-nmethods': size=5760Kb used=1399Kb max_used=1465Kb free=4360Kb
 bounds [0x000001c1f2350000, 0x000001c1f25c0000, 0x000001c1f28f0000]
 total_blobs=7350 nmethods=6642 adapters=612
 compilation: enabled
              stopped_count=0, restarted_count=0
 full_count=0

Compilation events (20 events):
Event: 11.878 Thread 0x000001c1ff97bf40 nmethod 7306 0x000001c1f2d09f90 code [0x000001c1f2d0a200, 0x000001c1f2d0ae78]
Event: 11.879 Thread 0x000001c1ff97bf40 7297   !   4       jdk.internal.loader.URLClassPath$JarLoader::ensureOpen (36 bytes)
Event: 11.881 Thread 0x000001c1e7cdfcf0 nmethod 6745 0x000001c1f2d0b590 code [0x000001c1f2d0b920, 0x000001c1f2d0dae0]
Event: 11.883 Thread 0x000001c1e7cdfcf0 7308       4       java.util.jar.JarFile::getEntry (35 bytes)
Event: 11.884 Thread 0x000001c1ff97bf40 nmethod 7297 0x000001c1f2d0ee10 code [0x000001c1f2d0efc0, 0x000001c1f2d0f118]
Event: 11.884 Thread 0x000001c1ff97bf40 7310   !   4       jdk.internal.loader.URLClassPath$JarLoader::getResource (40 bytes)
Event: 11.888 Thread 0x000001c1ff97cce0 7320       2       java.util.stream.ReduceOps$3ReducingSink::accept (15 bytes)
Event: 11.889 Thread 0x000001c1ff97cce0 nmethod 7320 0x000001c1ebbf7490 code [0x000001c1ebbf7640, 0x000001c1ebbf7780]
Event: 11.906 Thread 0x000001c1e7cdfcf0 nmethod 7308 0x000001c1f2d0f210 code [0x000001c1f2d0f4c0, 0x000001c1f2d10020]
Event: 11.907 Thread 0x000001c1e7cdfcf0 7321       4       org.eclipse.jdt.internal.core.search.indexing.BinaryIndexer::decodeFieldType (379 bytes)
Event: 11.915 Thread 0x000001c1ff97bf40 nmethod 7310 0x000001c1f2d10810 code [0x000001c1f2d10b20, 0x000001c1f2d11a90]
Event: 11.915 Thread 0x000001c1ff97bf40 7319   !   4       org.eclipse.jdt.internal.core.search.indexing.BinaryIndexer::indexDocument (1168 bytes)
Event: 11.920 Thread 0x000001c1ff97cce0 7325       3       java.util.jar.JarFile::getVersionedEntry (133 bytes)
Event: 12.956 Thread 0x000001c1e7cdfcf0 nmethod 7321 0x000001c1f2d12510 code [0x000001c1f2d12780, 0x000001c1f2d13150]
Event: 12.956 Thread 0x000001c1ff97cce0 nmethod 7325 0x000001c1ebbf7810 code [0x000001c1ebbf7ae0, 0x000001c1ebbf8808]
Event: 12.958 Thread 0x000001c1ff97cce0 7326       2       sun.net.www.protocol.file.Handler::openConnection (7 bytes)
Event: 12.958 Thread 0x000001c1e7cdfcf0 7324       4       org.eclipse.jdt.internal.compiler.classfmt.FieldInfo::createField (450 bytes)
Event: 12.959 Thread 0x000001c1ff97cce0 nmethod 7326 0x000001c1ebbf8e10 code [0x000001c1ebbf8fc0, 0x000001c1ebbf90f8]
Event: 12.959 Thread 0x000001c1ff97cce0 7327   !   2       sun.net.www.protocol.file.Handler::openConnection (274 bytes)
Event: 12.962 Thread 0x000001c1ff97cce0 nmethod 7327 0x000001c1ebbf9190 code [0x000001c1ebbf9560, 0x000001c1ebbfa3c0]

GC Heap History (20 events):
Event: 10.313 GC heap after
{Heap after GC invocations=43 (full 2):
 PSYoungGen      total 13312K, used 2129K [0x00000000d5580000, 0x00000000d6700000, 0x0000000100000000)
  eden space 10752K, 0% used [0x00000000d5580000,0x00000000d5580000,0x00000000d6000000)
  from space 2560K, 83% used [0x00000000d6180000,0x00000000d6394578,0x00000000d6400000)
  to   space 3072K, 0% used [0x00000000d6400000,0x00000000d6400000,0x00000000d6700000)
 ParOldGen       total 95744K, used 95643K [0x0000000080000000, 0x0000000085d80000, 0x00000000d5580000)
  object space 95744K, 99% used [0x0000000080000000,0x0000000085d66ff0,0x0000000085d80000)
 Metaspace       used 52556K, committed 53824K, reserved 1114112K
  class space    used 5712K, committed 6272K, reserved 1048576K
}
Event: 10.354 GC heap before
{Heap before GC invocations=44 (full 2):
 PSYoungGen      total 13312K, used 12881K [0x00000000d5580000, 0x00000000d6700000, 0x0000000100000000)
  eden space 10752K, 100% used [0x00000000d5580000,0x00000000d6000000,0x00000000d6000000)
  from space 2560K, 83% used [0x00000000d6180000,0x00000000d6394578,0x00000000d6400000)
  to   space 3072K, 0% used [0x00000000d6400000,0x00000000d6400000,0x00000000d6700000)
 ParOldGen       total 95744K, used 95643K [0x0000000080000000, 0x0000000085d80000, 0x00000000d5580000)
  object space 95744K, 99% used [0x0000000080000000,0x0000000085d66ff0,0x0000000085d80000)
 Metaspace       used 52909K, committed 54208K, reserved 1114112K
  class space    used 5766K, committed 6336K, reserved 1048576K
}
Event: 10.357 GC heap after
{Heap after GC invocations=44 (full 2):
 PSYoungGen      total 12800K, used 1920K [0x00000000d5580000, 0x00000000d6600000, 0x0000000100000000)
  eden space 10752K, 0% used [0x00000000d5580000,0x00000000d5580000,0x00000000d6000000)
  from space 2048K, 93% used [0x00000000d6400000,0x00000000d65e0398,0x00000000d6600000)
  to   space 2560K, 0% used [0x00000000d6100000,0x00000000d6100000,0x00000000d6380000)
 ParOldGen       total 97792K, used 97532K [0x0000000080000000, 0x0000000085f80000, 0x00000000d5580000)
  object space 97792K, 99% used [0x0000000080000000,0x0000000085f3f218,0x0000000085f80000)
 Metaspace       used 52909K, committed 54208K, reserved 1114112K
  class space    used 5766K, committed 6336K, reserved 1048576K
}
Event: 10.396 GC heap before
{Heap before GC invocations=45 (full 2):
 PSYoungGen      total 12800K, used 12672K [0x00000000d5580000, 0x00000000d6600000, 0x0000000100000000)
  eden space 10752K, 100% used [0x00000000d5580000,0x00000000d6000000,0x00000000d6000000)
  from space 2048K, 93% used [0x00000000d6400000,0x00000000d65e0398,0x00000000d6600000)
  to   space 2560K, 0% used [0x00000000d6100000,0x00000000d6100000,0x00000000d6380000)
 ParOldGen       total 97792K, used 97532K [0x0000000080000000, 0x0000000085f80000, 0x00000000d5580000)
  object space 97792K, 99% used [0x0000000080000000,0x0000000085f3f218,0x0000000085f80000)
 Metaspace       used 53100K, committed 54336K, reserved 1114112K
  class space    used 5789K, committed 6336K, reserved 1048576K
}
Event: 10.411 GC heap after
{Heap after GC invocations=45 (full 2):
 PSYoungGen      total 13312K, used 2199K [0x00000000d5580000, 0x00000000d6500000, 0x0000000100000000)
  eden space 10752K, 0% used [0x00000000d5580000,0x00000000d5580000,0x00000000d6000000)
  from space 2560K, 85% used [0x00000000d6100000,0x00000000d6325d58,0x00000000d6380000)
  to   space 1536K, 0% used [0x00000000d6380000,0x00000000d6380000,0x00000000d6500000)
 ParOldGen       total 99328K, used 99279K [0x0000000080000000, 0x0000000086100000, 0x00000000d5580000)
  object space 99328K, 99% used [0x0000000080000000,0x00000000860f3c88,0x0000000086100000)
 Metaspace       used 53100K, committed 54336K, reserved 1114112K
  class space    used 5789K, committed 6336K, reserved 1048576K
}
Event: 10.480 GC heap before
{Heap before GC invocations=46 (full 2):
 PSYoungGen      total 13312K, used 12951K [0x00000000d5580000, 0x00000000d6500000, 0x0000000100000000)
  eden space 10752K, 100% used [0x00000000d5580000,0x00000000d6000000,0x00000000d6000000)
  from space 2560K, 85% used [0x00000000d6100000,0x00000000d6325d58,0x00000000d6380000)
  to   space 1536K, 0% used [0x00000000d6380000,0x00000000d6380000,0x00000000d6500000)
 ParOldGen       total 99328K, used 99279K [0x0000000080000000, 0x0000000086100000, 0x00000000d5580000)
  object space 99328K, 99% used [0x0000000080000000,0x00000000860f3c88,0x0000000086100000)
 Metaspace       used 53119K, committed 54400K, reserved 1114112K
  class space    used 5791K, committed 6336K, reserved 1048576K
}
Event: 11.537 GC heap after
{Heap after GC invocations=46 (full 2):
 PSYoungGen      total 10752K, used 1526K [0x00000000d5580000, 0x00000000d6a00000, 0x0000000100000000)
  eden space 9216K, 0% used [0x00000000d5580000,0x00000000d5580000,0x00000000d5e80000)
  from space 1536K, 99% used [0x00000000d6380000,0x00000000d64fda80,0x00000000d6500000)
  to   space 5120K, 0% used [0x00000000d5e80000,0x00000000d5e80000,0x00000000d6380000)
 ParOldGen       total 102400K, used 102299K [0x0000000080000000, 0x0000000086400000, 0x00000000d5580000)
  object space 102400K, 99% used [0x0000000080000000,0x00000000863e6d60,0x0000000086400000)
 Metaspace       used 53119K, committed 54400K, reserved 1114112K
  class space    used 5791K, committed 6336K, reserved 1048576K
}
Event: 11.589 GC heap before
{Heap before GC invocations=47 (full 2):
 PSYoungGen      total 10752K, used 10742K [0x00000000d5580000, 0x00000000d6a00000, 0x0000000100000000)
  eden space 9216K, 100% used [0x00000000d5580000,0x00000000d5e80000,0x00000000d5e80000)
  from space 1536K, 99% used [0x00000000d6380000,0x00000000d64fda80,0x00000000d6500000)
  to   space 5120K, 0% used [0x00000000d5e80000,0x00000000d5e80000,0x00000000d6380000)
 ParOldGen       total 102400K, used 102299K [0x0000000080000000, 0x0000000086400000, 0x00000000d5580000)
  object space 102400K, 99% used [0x0000000080000000,0x00000000863e6d60,0x0000000086400000)
 Metaspace       used 53185K, committed 54400K, reserved 1114112K
  class space    used 5806K, committed 6336K, reserved 1048576K
}
Event: 11.603 GC heap after
{Heap after GC invocations=47 (full 2):
 PSYoungGen      total 11776K, used 2218K [0x00000000d5580000, 0x00000000d6480000, 0x0000000100000000)
  eden space 9216K, 0% used [0x00000000d5580000,0x00000000d5580000,0x00000000d5e80000)
  from space 2560K, 86% used [0x00000000d5e80000,0x00000000d60aa9d0,0x00000000d6100000)
  to   space 3072K, 0% used [0x00000000d6180000,0x00000000d6180000,0x00000000d6480000)
 ParOldGen       total 103936K, used 103773K [0x0000000080000000, 0x0000000086580000, 0x00000000d5580000)
  object space 103936K, 99% used [0x0000000080000000,0x0000000086557720,0x0000000086580000)
 Metaspace       used 53185K, committed 54400K, reserved 1114112K
  class space    used 5806K, committed 6336K, reserved 1048576K
}
Event: 11.650 GC heap before
{Heap before GC invocations=48 (full 2):
 PSYoungGen      total 11776K, used 11434K [0x00000000d5580000, 0x00000000d6480000, 0x0000000100000000)
  eden space 9216K, 100% used [0x00000000d5580000,0x00000000d5e80000,0x00000000d5e80000)
  from space 2560K, 86% used [0x00000000d5e80000,0x00000000d60aa9d0,0x00000000d6100000)
  to   space 3072K, 0% used [0x00000000d6180000,0x00000000d6180000,0x00000000d6480000)
 ParOldGen       total 103936K, used 103773K [0x0000000080000000, 0x0000000086580000, 0x00000000d5580000)
  object space 103936K, 99% used [0x0000000080000000,0x0000000086557720,0x0000000086580000)
 Metaspace       used 53272K, committed 54528K, reserved 1114112K
  class space    used 5823K, committed 6400K, reserved 1048576K
}
Event: 11.667 GC heap after
{Heap after GC invocations=48 (full 2):
 PSYoungGen      total 11776K, used 2294K [0x00000000d5580000, 0x00000000d6400000, 0x0000000100000000)
  eden space 9216K, 0% used [0x00000000d5580000,0x00000000d5580000,0x00000000d5e80000)
  from space 2560K, 89% used [0x00000000d6180000,0x00000000d63bda48,0x00000000d6400000)
  to   space 2560K, 0% used [0x00000000d5e80000,0x00000000d5e80000,0x00000000d6100000)
 ParOldGen       total 105984K, used 105713K [0x0000000080000000, 0x0000000086780000, 0x00000000d5580000)
  object space 105984K, 99% used [0x0000000080000000,0x000000008673c6f8,0x0000000086780000)
 Metaspace       used 53272K, committed 54528K, reserved 1114112K
  class space    used 5823K, committed 6400K, reserved 1048576K
}
Event: 11.715 GC heap before
{Heap before GC invocations=49 (full 2):
 PSYoungGen      total 11776K, used 11510K [0x00000000d5580000, 0x00000000d6400000, 0x0000000100000000)
  eden space 9216K, 100% used [0x00000000d5580000,0x00000000d5e80000,0x00000000d5e80000)
  from space 2560K, 89% used [0x00000000d6180000,0x00000000d63bda48,0x00000000d6400000)
  to   space 2560K, 0% used [0x00000000d5e80000,0x00000000d5e80000,0x00000000d6100000)
 ParOldGen       total 105984K, used 105713K [0x0000000080000000, 0x0000000086780000, 0x00000000d5580000)
  object space 105984K, 99% used [0x0000000080000000,0x000000008673c6f8,0x0000000086780000)
 Metaspace       used 53323K, committed 54592K, reserved 1114112K
  class space    used 5834K, committed 6400K, reserved 1048576K
}
Event: 11.728 GC heap after
{Heap after GC invocations=49 (full 2):
 PSYoungGen      total 11776K, used 2274K [0x00000000d5580000, 0x00000000d6380000, 0x0000000100000000)
  eden space 9216K, 0% used [0x00000000d5580000,0x00000000d5580000,0x00000000d5e80000)
  from space 2560K, 88% used [0x00000000d5e80000,0x00000000d60b8b40,0x00000000d6100000)
  to   space 2560K, 0% used [0x00000000d6100000,0x00000000d6100000,0x00000000d6380000)
 ParOldGen       total 108032K, used 107789K [0x0000000080000000, 0x0000000086980000, 0x00000000d5580000)
  object space 108032K, 99% used [0x0000000080000000,0x00000000869435a8,0x0000000086980000)
 Metaspace       used 53323K, committed 54592K, reserved 1114112K
  class space    used 5834K, committed 6400K, reserved 1048576K
}
Event: 11.776 GC heap before
{Heap before GC invocations=50 (full 2):
 PSYoungGen      total 11776K, used 11490K [0x00000000d5580000, 0x00000000d6380000, 0x0000000100000000)
  eden space 9216K, 100% used [0x00000000d5580000,0x00000000d5e80000,0x00000000d5e80000)
  from space 2560K, 88% used [0x00000000d5e80000,0x00000000d60b8b40,0x00000000d6100000)
  to   space 2560K, 0% used [0x00000000d6100000,0x00000000d6100000,0x00000000d6380000)
 ParOldGen       total 108032K, used 107789K [0x0000000080000000, 0x0000000086980000, 0x00000000d5580000)
  object space 108032K, 99% used [0x0000000080000000,0x00000000869435a8,0x0000000086980000)
 Metaspace       used 53415K, committed 54656K, reserved 1114112K
  class space    used 5846K, committed 6400K, reserved 1048576K
}
Event: 11.790 GC heap after
{Heap after GC invocations=50 (full 2):
 PSYoungGen      total 11776K, used 2094K [0x00000000d5580000, 0x00000000d6380000, 0x0000000100000000)
  eden space 9216K, 0% used [0x00000000d5580000,0x00000000d5580000,0x00000000d5e80000)
  from space 2560K, 81% used [0x00000000d6100000,0x00000000d630ba38,0x00000000d6380000)
  to   space 2560K, 0% used [0x00000000d5e80000,0x00000000d5e80000,0x00000000d6100000)
 ParOldGen       total 110080K, used 109941K [0x0000000080000000, 0x0000000086b80000, 0x00000000d5580000)
  object space 110080K, 99% used [0x0000000080000000,0x0000000086b5d4b8,0x0000000086b80000)
 Metaspace       used 53415K, committed 54656K, reserved 1114112K
  class space    used 5846K, committed 6400K, reserved 1048576K
}
Event: 11.844 GC heap before
{Heap before GC invocations=51 (full 2):
 PSYoungGen      total 11776K, used 11310K [0x00000000d5580000, 0x00000000d6380000, 0x0000000100000000)
  eden space 9216K, 100% used [0x00000000d5580000,0x00000000d5e80000,0x00000000d5e80000)
  from space 2560K, 81% used [0x00000000d6100000,0x00000000d630ba38,0x00000000d6380000)
  to   space 2560K, 0% used [0x00000000d5e80000,0x00000000d5e80000,0x00000000d6100000)
 ParOldGen       total 110080K, used 109941K [0x0000000080000000, 0x0000000086b80000, 0x00000000d5580000)
  object space 110080K, 99% used [0x0000000080000000,0x0000000086b5d4b8,0x0000000086b80000)
 Metaspace       used 53513K, committed 54720K, reserved 1114112K
  class space    used 5867K, committed 6400K, reserved 1048576K
}
Event: 11.877 GC heap after
{Heap after GC invocations=51 (full 2):
 PSYoungGen      total 11776K, used 2164K [0x00000000d5580000, 0x00000000d6580000, 0x0000000100000000)
  eden space 9216K, 0% used [0x00000000d5580000,0x00000000d5580000,0x00000000d5e80000)
  from space 2560K, 84% used [0x00000000d5e80000,0x00000000d609d2c8,0x00000000d6100000)
  to   space 2560K, 0% used [0x00000000d6300000,0x00000000d6300000,0x00000000d6580000)
 ParOldGen       total 112128K, used 111895K [0x0000000080000000, 0x0000000086d80000, 0x00000000d5580000)
  object space 112128K, 99% used [0x0000000080000000,0x0000000086d45f18,0x0000000086d80000)
 Metaspace       used 53513K, committed 54720K, reserved 1114112K
  class space    used 5867K, committed 6400K, reserved 1048576K
}
Event: 11.921 GC heap before
{Heap before GC invocations=52 (full 2):
 PSYoungGen      total 11776K, used 11380K [0x00000000d5580000, 0x00000000d6580000, 0x0000000100000000)
  eden space 9216K, 100% used [0x00000000d5580000,0x00000000d5e80000,0x00000000d5e80000)
  from space 2560K, 84% used [0x00000000d5e80000,0x00000000d609d2c8,0x00000000d6100000)
  to   space 2560K, 0% used [0x00000000d6300000,0x00000000d6300000,0x00000000d6580000)
 ParOldGen       total 112128K, used 111895K [0x0000000080000000, 0x0000000086d80000, 0x00000000d5580000)
  object space 112128K, 99% used [0x0000000080000000,0x0000000086d45f18,0x0000000086d80000)
 Metaspace       used 53648K, committed 54912K, reserved 1114112K
  class space    used 5890K, committed 6464K, reserved 1048576K
}
Event: 12.954 GC heap after
{Heap after GC invocations=52 (full 2):
 PSYoungGen      total 13824K, used 2091K [0x00000000d5580000, 0x00000000d6580000, 0x0000000100000000)
  eden space 11264K, 0% used [0x00000000d5580000,0x00000000d5580000,0x00000000d6080000)
  from space 2560K, 81% used [0x00000000d6300000,0x00000000d650af98,0x00000000d6580000)
  to   space 2560K, 0% used [0x00000000d6080000,0x00000000d6080000,0x00000000d6300000)
 ParOldGen       total 114176K, used 113867K [0x0000000080000000, 0x0000000086f80000, 0x00000000d5580000)
  object space 114176K, 99% used [0x0000000080000000,0x0000000086f32f60,0x0000000086f80000)
 Metaspace       used 53648K, committed 54912K, reserved 1114112K
  class space    used 5890K, committed 6464K, reserved 1048576K
}
Event: 13.030 GC heap before
{Heap before GC invocations=53 (full 2):
 PSYoungGen      total 13824K, used 13355K [0x00000000d5580000, 0x00000000d6580000, 0x0000000100000000)
  eden space 11264K, 100% used [0x00000000d5580000,0x00000000d6080000,0x00000000d6080000)
  from space 2560K, 81% used [0x00000000d6300000,0x00000000d650af98,0x00000000d6580000)
  to   space 2560K, 0% used [0x00000000d6080000,0x00000000d6080000,0x00000000d6300000)
 ParOldGen       total 114176K, used 113867K [0x0000000080000000, 0x0000000086f80000, 0x00000000d5580000)
  object space 114176K, 99% used [0x0000000080000000,0x0000000086f32f60,0x0000000086f80000)
 Metaspace       used 53687K, committed 54912K, reserved 1114112K
  class space    used 5901K, committed 6464K, reserved 1048576K
}

Dll operation events (11 events):
Event: 0.019 Loaded shared library c:\Users\Farate\.vscode\extensions\redhat.java-1.43.0-win32-x64\jre\21.0.7-win32-x86_64\bin\java.dll
Event: 0.105 Loaded shared library c:\Users\Farate\.vscode\extensions\redhat.java-1.43.0-win32-x64\jre\21.0.7-win32-x86_64\bin\zip.dll
Event: 0.132 Loaded shared library C:\Users\Farate\.vscode\extensions\redhat.java-1.43.0-win32-x64\jre\21.0.7-win32-x86_64\bin\instrument.dll
Event: 0.138 Loaded shared library C:\Users\Farate\.vscode\extensions\redhat.java-1.43.0-win32-x64\jre\21.0.7-win32-x86_64\bin\net.dll
Event: 0.143 Loaded shared library C:\Users\Farate\.vscode\extensions\redhat.java-1.43.0-win32-x64\jre\21.0.7-win32-x86_64\bin\nio.dll
Event: 0.148 Loaded shared library C:\Users\Farate\.vscode\extensions\redhat.java-1.43.0-win32-x64\jre\21.0.7-win32-x86_64\bin\zip.dll
Event: 0.168 Loaded shared library C:\Users\Farate\.vscode\extensions\redhat.java-1.43.0-win32-x64\jre\21.0.7-win32-x86_64\bin\jimage.dll
Event: 0.280 Loaded shared library c:\Users\Farate\.vscode\extensions\redhat.java-1.43.0-win32-x64\jre\21.0.7-win32-x86_64\bin\verify.dll
Event: 1.854 Loaded shared library C:\Users\Farate\AppData\Roaming\Code\User\globalStorage\redhat.java\1.43.0\config_win\org.eclipse.equinox.launcher\org.eclipse.equinox.launcher.win32.win32.x86_64_1.2.1300.v20250331-1702\eclipse_11911.dll
Event: 4.250 Loaded shared library C:\Users\Farate\AppData\Local\Temp\jna-2097115195\jna2016668205271061430.dll
Event: 11.885 Loaded shared library C:\Users\Farate\.gradle\native\c067742578af261105cb4f569cf0c3c89f3d7b1fecec35dd04571415982c5e48\windows-amd64\native-platform.dll

Deoptimization events (20 events):
Event: 10.394 Thread 0x000001c1c70d4da0 DEOPT PACKING pc=0x000001c1eba6782a sp=0x00000081851fe370
Event: 10.394 Thread 0x000001c1c70d4da0 DEOPT UNPACKING pc=0x000001c1f23a4242 sp=0x00000081851fd8f8 mode 0
Event: 10.416 Thread 0x000001c1c70d4da0 DEOPT PACKING pc=0x000001c1eba6782a sp=0x00000081851fe370
Event: 10.416 Thread 0x000001c1c70d4da0 DEOPT UNPACKING pc=0x000001c1f23a4242 sp=0x00000081851fd8f8 mode 0
Event: 10.429 Thread 0x000001c1c70d4da0 DEOPT PACKING pc=0x000001c1eba6782a sp=0x00000081851fe370
Event: 10.429 Thread 0x000001c1c70d4da0 DEOPT UNPACKING pc=0x000001c1f23a4242 sp=0x00000081851fd8f8 mode 0
Event: 10.434 Thread 0x000001c1c70d4da0 DEOPT PACKING pc=0x000001c1eba6782a sp=0x00000081851fe370
Event: 10.434 Thread 0x000001c1c70d4da0 DEOPT UNPACKING pc=0x000001c1f23a4242 sp=0x00000081851fd8f8 mode 0
Event: 10.436 Thread 0x000001c1c70d4da0 DEOPT PACKING pc=0x000001c1eba6782a sp=0x00000081851fe370
Event: 10.436 Thread 0x000001c1c70d4da0 DEOPT UNPACKING pc=0x000001c1f23a4242 sp=0x00000081851fd8f8 mode 0
Event: 10.471 Thread 0x000001c1c70d4da0 DEOPT PACKING pc=0x000001c1eba6782a sp=0x00000081851fe370
Event: 10.472 Thread 0x000001c1c70d4da0 DEOPT UNPACKING pc=0x000001c1f23a4242 sp=0x00000081851fd8f8 mode 0
Event: 10.479 Thread 0x000001c1c70d4da0 DEOPT PACKING pc=0x000001c1eba6782a sp=0x00000081851fe570
Event: 10.479 Thread 0x000001c1c70d4da0 DEOPT UNPACKING pc=0x000001c1f23a4242 sp=0x00000081851fdaf8 mode 0
Event: 11.690 Thread 0x000001c1c70d4da0 DEOPT PACKING pc=0x000001c1ebb26ad7 sp=0x00000081851fe490
Event: 11.690 Thread 0x000001c1c70d4da0 DEOPT UNPACKING pc=0x000001c1f23a4242 sp=0x00000081851fd8f8 mode 0
Event: 11.690 Thread 0x000001c1c70d4da0 DEOPT PACKING pc=0x000001c1ebb38596 sp=0x00000081851fe400
Event: 11.690 Thread 0x000001c1c70d4da0 DEOPT UNPACKING pc=0x000001c1f23a4242 sp=0x00000081851fd8d8 mode 0
Event: 11.694 Thread 0x000001c1cb807060 DEOPT PACKING pc=0x000001c1eb1ebcbc sp=0x0000008186dfb260
Event: 11.694 Thread 0x000001c1cb807060 DEOPT UNPACKING pc=0x000001c1f23a4242 sp=0x0000008186dfa780 mode 0

Classes loaded (20 events):
Event: 9.450 Loading class java/nio/file/FileChannelLinesSpliterator
Event: 9.450 Loading class java/nio/file/FileChannelLinesSpliterator done
Event: 9.452 Loading class java/util/stream/Streams$1
Event: 9.452 Loading class java/util/stream/Streams$1 done
Event: 9.453 Loading class java/nio/file/FileChannelLinesSpliterator$1
Event: 9.454 Loading class java/nio/file/FileChannelLinesSpliterator$1 done
Event: 9.605 Loading class java/util/concurrent/CopyOnWriteArraySet
Event: 9.606 Loading class java/util/concurrent/CopyOnWriteArraySet done
Event: 9.693 Loading class java/util/concurrent/ArrayBlockingQueue
Event: 9.694 Loading class java/util/concurrent/ArrayBlockingQueue done
Event: 9.798 Loading class java/net/HttpURLConnection
Event: 9.799 Loading class java/net/HttpURLConnection done
Event: 9.814 Loading class java/io/FileFilter
Event: 9.814 Loading class java/io/FileFilter done
Event: 9.856 Loading class java/util/concurrent/ConcurrentHashMap$ValueSpliterator
Event: 9.856 Loading class java/util/concurrent/ConcurrentHashMap$ValueSpliterator done
Event: 9.858 Loading class jdk/internal/loader/BootLoader$PackageHelper
Event: 9.858 Loading class jdk/internal/loader/BootLoader$PackageHelper done
Event: 11.816 Loading class java/lang/Class$EnclosingMethodInfo
Event: 11.816 Loading class java/lang/Class$EnclosingMethodInfo done

Classes unloaded (20 events):
Event: 4.919 Thread 0x000001c1e7cd09a0 Unloading class 0x000001c1811a5000 'java/lang/invoke/LambdaForm$MH+0x000001c1811a5000'
Event: 4.919 Thread 0x000001c1e7cd09a0 Unloading class 0x000001c1811a4c00 'java/lang/invoke/LambdaForm$MH+0x000001c1811a4c00'
Event: 4.919 Thread 0x000001c1e7cd09a0 Unloading class 0x000001c1811a4800 'java/lang/invoke/LambdaForm$MH+0x000001c1811a4800'
Event: 4.919 Thread 0x000001c1e7cd09a0 Unloading class 0x000001c1811a4400 'java/lang/invoke/LambdaForm$MH+0x000001c1811a4400'
Event: 4.919 Thread 0x000001c1e7cd09a0 Unloading class 0x000001c1811a4000 'java/lang/invoke/LambdaForm$BMH+0x000001c1811a4000'
Event: 4.919 Thread 0x000001c1e7cd09a0 Unloading class 0x000001c1811a3c00 'java/lang/invoke/LambdaForm$DMH+0x000001c1811a3c00'
Event: 4.919 Thread 0x000001c1e7cd09a0 Unloading class 0x000001c1811a2800 'java/lang/invoke/LambdaForm$DMH+0x000001c1811a2800'
Event: 6.266 Thread 0x000001c1e7cd09a0 Unloading class 0x000001c18134b800 'java/lang/invoke/LambdaForm$MH+0x000001c18134b800'
Event: 6.266 Thread 0x000001c1e7cd09a0 Unloading class 0x000001c18134ac00 'java/lang/invoke/LambdaForm$MH+0x000001c18134ac00'
Event: 6.266 Thread 0x000001c1e7cd09a0 Unloading class 0x000001c18134a400 'java/lang/invoke/LambdaForm$MH+0x000001c18134a400'
Event: 6.266 Thread 0x000001c1e7cd09a0 Unloading class 0x000001c181349c00 'java/lang/invoke/LambdaForm$MH+0x000001c181349c00'
Event: 6.266 Thread 0x000001c1e7cd09a0 Unloading class 0x000001c181349800 'java/lang/invoke/LambdaForm$DMH+0x000001c181349800'
Event: 6.266 Thread 0x000001c1e7cd09a0 Unloading class 0x000001c181348400 'java/lang/invoke/LambdaForm$MH+0x000001c181348400'
Event: 6.266 Thread 0x000001c1e7cd09a0 Unloading class 0x000001c18133a000 'java/lang/invoke/LambdaForm$MH+0x000001c18133a000'
Event: 6.266 Thread 0x000001c1e7cd09a0 Unloading class 0x000001c181339800 'java/lang/invoke/LambdaForm$MH+0x000001c181339800'
Event: 6.266 Thread 0x000001c1e7cd09a0 Unloading class 0x000001c181339000 'java/lang/invoke/LambdaForm$MH+0x000001c181339000'
Event: 6.266 Thread 0x000001c1e7cd09a0 Unloading class 0x000001c181338800 'java/lang/invoke/LambdaForm$MH+0x000001c181338800'
Event: 6.266 Thread 0x000001c1e7cd09a0 Unloading class 0x000001c181338400 'java/lang/invoke/LambdaForm$MH+0x000001c181338400'
Event: 6.266 Thread 0x000001c1e7cd09a0 Unloading class 0x000001c181335800 'java/lang/invoke/LambdaForm$MH+0x000001c181335800'
Event: 6.266 Thread 0x000001c1e7cd09a0 Unloading class 0x000001c181335000 'java/lang/invoke/LambdaForm$MH+0x000001c181335000'

Classes redefined (0 events):
No events

Internal exceptions (20 events):
Event: 8.856 Thread 0x000001c1c8f5ab60 Exception <a 'sun/nio/fs/WindowsException'{0x00000000d5f131d8}> (0x00000000d5f131d8) 
thrown [s\src\hotspot\share\prims\jni.cpp, line 520]
Event: 8.856 Thread 0x000001c1c8f5ab60 Exception <a 'sun/nio/fs/WindowsException'{0x00000000d5f138f0}> (0x00000000d5f138f0) 
thrown [s\src\hotspot\share\prims\jni.cpp, line 520]
Event: 8.861 Thread 0x000001c1c8f5ab60 Exception <a 'sun/nio/fs/WindowsException'{0x00000000d60069a8}> (0x00000000d60069a8) 
thrown [s\src\hotspot\share\prims\jni.cpp, line 520]
Event: 8.861 Thread 0x000001c1c8f5ab60 Exception <a 'sun/nio/fs/WindowsException'{0x00000000d6007370}> (0x00000000d6007370) 
thrown [s\src\hotspot\share\prims\jni.cpp, line 520]
Event: 8.929 Thread 0x000001c1c8f5ab60 Exception <a 'java/io/FileNotFoundException'{0x00000000d56eebc0}> (0x00000000d56eebc0) 
thrown [s\src\hotspot\share\prims\jni.cpp, line 520]
Event: 8.930 Thread 0x000001c1c8f5ab60 Exception <a 'java/io/FileNotFoundException'{0x00000000d56efbc8}> (0x00000000d56efbc8) 
thrown [s\src\hotspot\share\prims\jni.cpp, line 520]
Event: 8.931 Thread 0x000001c1c8f5ab60 Exception <a 'java/io/FileNotFoundException'{0x00000000d56f1360}> (0x00000000d56f1360) 
thrown [s\src\hotspot\share\prims\jni.cpp, line 520]
Event: 8.932 Thread 0x000001c1c8f5ab60 Exception <a 'java/io/FileNotFoundException'{0x00000000d56f2628}> (0x00000000d56f2628) 
thrown [s\src\hotspot\share\prims\jni.cpp, line 520]
Event: 8.932 Thread 0x000001c1c8f5ab60 Exception <a 'java/io/FileNotFoundException'{0x00000000d57ef518}> (0x00000000d57ef518) 
thrown [s\src\hotspot\share\prims\jni.cpp, line 520]
Event: 9.124 Thread 0x000001c1c8f600b0 Exception <a 'java/lang/IncompatibleClassChangeError'{0x00000000d66e3000}: Found class java.lang.Object, but interface was expected> (0x00000000d66e3000) 
thrown [s\src\hotspot\share\interpreter\linkResolver.cpp, line 840]
Event: 9.311 Thread 0x000001c1c8f5ab60 Exception <a 'java/lang/NoSuchMethodError'{0x00000000d58a1c18}: 'int java.lang.invoke.DirectMethodHandle$Holder.invokeSpecialIFC(java.lang.Object, java.lang.Object, java.lang.Object, java.lang.Object)'> (0x00000000d58a1c18) 
thrown [s\src\hotspot\share\interpreter\linkResolver.cpp, line 773]
Event: 9.329 Thread 0x000001c1c8f5ab60 Exception <a 'sun/nio/fs/WindowsException'{0x00000000d5a521a0}> (0x00000000d5a521a0) 
thrown [s\src\hotspot\share\prims\jni.cpp, line 520]
Event: 9.329 Thread 0x000001c1c8f5ab60 Exception <a 'sun/nio/fs/WindowsException'{0x00000000d5a528b8}> (0x00000000d5a528b8) 
thrown [s\src\hotspot\share\prims\jni.cpp, line 520]
Event: 9.394 Thread 0x000001c1c8f5dfe0 Exception <a 'java/lang/NoSuchMethodError'{0x00000000d6586bc8}: 'int java.lang.invoke.DirectMethodHandle$Holder.invokeInterface(java.lang.Object, java.lang.Object)'> (0x00000000d6586bc8) 
thrown [s\src\hotspot\share\interpreter\linkResolver.cpp, line 773]
Event: 9.395 Thread 0x000001c1c8f5dfe0 Exception <a 'java/lang/IncompatibleClassChangeError'{0x00000000d658a2f0}: Found class java.lang.Object, but interface was expected> (0x00000000d658a2f0) 
thrown [s\src\hotspot\share\interpreter\linkResolver.cpp, line 840]
Event: 9.428 Thread 0x000001c1c8f5dfe0 Exception <a 'java/lang/NoSuchMethodError'{0x00000000d59911d8}: method resolution failed> (0x00000000d59911d8) 
thrown [s\src\hotspot\share\prims\methodHandles.cpp, line 1144]
Event: 9.441 Thread 0x000001c1c8f5dfe0 Exception <a 'sun/nio/fs/WindowsException'{0x00000000d5b979f8}> (0x00000000d5b979f8) 
thrown [s\src\hotspot\share\prims\jni.cpp, line 520]
Event: 9.441 Thread 0x000001c1c8f5dfe0 Exception <a 'sun/nio/fs/WindowsException'{0x00000000d5b97fe8}> (0x00000000d5b97fe8) 
thrown [s\src\hotspot\share\prims\jni.cpp, line 520]
Event: 9.609 Thread 0x000001c1c8f5dfe0 Exception <a 'java/lang/NoSuchMethodError'{0x00000000d6558950}: 'java.lang.Object java.lang.invoke.DirectMethodHandle$Holder.invokeVirtual(java.lang.Object, java.lang.Object, java.lang.Object, java.lang.Object)'> (0x00000000d6558950) 
thrown [s\src\hotspot\share\interpreter\linkResolver.cpp, line 773]
Event: 9.617 Thread 0x000001c1c8f5dfe0 Exception <a 'java/lang/NoSuchMethodError'{0x00000000d55c3578}: 'java.lang.Object java.lang.invoke.DirectMethodHandle$Holder.invokeVirtual(java.lang.Object, java.lang.Object, java.lang.Object, java.lang.Object, java.lang.Object)'> (0x00000000d55c3578) 
thrown [s\src\hotspot\share\interpreter\linkResolver.cpp, line 773]

ZGC Phase Switch (0 events):
No events

VM Operations (20 events):
Event: 10.313 Executing VM operation: ParallelGCFailedAllocation (Allocation Failure) done
Event: 10.354 Executing VM operation: ParallelGCFailedAllocation (Allocation Failure)
Event: 10.357 Executing VM operation: ParallelGCFailedAllocation (Allocation Failure) done
Event: 10.396 Executing VM operation: ParallelGCFailedAllocation (Allocation Failure)
Event: 10.411 Executing VM operation: ParallelGCFailedAllocation (Allocation Failure) done
Event: 10.480 Executing VM operation: ParallelGCFailedAllocation (Allocation Failure)
Event: 11.537 Executing VM operation: ParallelGCFailedAllocation (Allocation Failure) done
Event: 11.589 Executing VM operation: ParallelGCFailedAllocation (Allocation Failure)
Event: 11.603 Executing VM operation: ParallelGCFailedAllocation (Allocation Failure) done
Event: 11.650 Executing VM operation: ParallelGCFailedAllocation (Allocation Failure)
Event: 11.667 Executing VM operation: ParallelGCFailedAllocation (Allocation Failure) done
Event: 11.715 Executing VM operation: ParallelGCFailedAllocation (Allocation Failure)
Event: 11.728 Executing VM operation: ParallelGCFailedAllocation (Allocation Failure) done
Event: 11.776 Executing VM operation: ParallelGCFailedAllocation (Allocation Failure)
Event: 11.790 Executing VM operation: ParallelGCFailedAllocation (Allocation Failure) done
Event: 11.844 Executing VM operation: ParallelGCFailedAllocation (Allocation Failure)
Event: 11.877 Executing VM operation: ParallelGCFailedAllocation (Allocation Failure) done
Event: 11.921 Executing VM operation: ParallelGCFailedAllocation (Allocation Failure)
Event: 12.954 Executing VM operation: ParallelGCFailedAllocation (Allocation Failure) done
Event: 13.030 Executing VM operation: ParallelGCFailedAllocation (Allocation Failure)

Memory protections (0 events):
No events

Nmethod flushes (20 events):
Event: 6.275 Thread 0x000001c1e7cd09a0 flushing  nmethod 0x000001c1eb49e410
Event: 6.275 Thread 0x000001c1e7cd09a0 flushing  nmethod 0x000001c1eb49f610
Event: 6.275 Thread 0x000001c1e7cd09a0 flushing  nmethod 0x000001c1eb49fe10
Event: 6.275 Thread 0x000001c1e7cd09a0 flushing  nmethod 0x000001c1eb4a0590
Event: 6.275 Thread 0x000001c1e7cd09a0 flushing  nmethod 0x000001c1eb4a0f10
Event: 6.275 Thread 0x000001c1e7cd09a0 flushing  nmethod 0x000001c1eb4a1310
Event: 6.275 Thread 0x000001c1e7cd09a0 flushing  nmethod 0x000001c1eb4a2810
Event: 6.275 Thread 0x000001c1e7cd09a0 flushing  nmethod 0x000001c1eb4a3510
Event: 6.275 Thread 0x000001c1e7cd09a0 flushing  nmethod 0x000001c1eb4a3990
Event: 6.275 Thread 0x000001c1e7cd09a0 flushing  nmethod 0x000001c1eb4a4690
Event: 6.275 Thread 0x000001c1e7cd09a0 flushing  nmethod 0x000001c1eb4a4e90
Event: 6.275 Thread 0x000001c1e7cd09a0 flushing  nmethod 0x000001c1eb4a6390
Event: 6.275 Thread 0x000001c1e7cd09a0 flushing  nmethod 0x000001c1eb4a6690
Event: 6.275 Thread 0x000001c1e7cd09a0 flushing  nmethod 0x000001c1eb4cb390
Event: 6.275 Thread 0x000001c1e7cd09a0 flushing  nmethod 0x000001c1eb4e6590
Event: 6.275 Thread 0x000001c1e7cd09a0 flushing  nmethod 0x000001c1eb4e8790
Event: 6.275 Thread 0x000001c1e7cd09a0 flushing  nmethod 0x000001c1eb4fcb10
Event: 6.275 Thread 0x000001c1e7cd09a0 flushing  nmethod 0x000001c1eb584e10
Event: 6.275 Thread 0x000001c1e7cd09a0 flushing  nmethod 0x000001c1eb585810
Event: 6.275 Thread 0x000001c1e7cd09a0 flushing  nmethod 0x000001c1eb5a7490

Events (20 events):
Event: 5.975 Thread 0x000001c1ff97cce0 Thread added: 0x000001c1ff97bf40
Event: 5.979 Thread 0x000001c1e7c32800 Thread added: 0x000001c1c8f5b1f0
Event: 5.980 Thread 0x000001c1e7c32800 Thread added: 0x000001c1c8f5ed00
Event: 5.981 Thread 0x000001c1e7c32800 Thread added: 0x000001c1c8f5d2c0
Event: 5.981 Thread 0x000001c1e7c32800 Thread added: 0x000001c1c8f5bf10
Event: 5.982 Thread 0x000001c1e7c32800 Thread added: 0x000001c1c8f5c5a0
Event: 5.982 Thread 0x000001c1e7c32800 Thread added: 0x000001c1c8f5cc30
Event: 5.982 Thread 0x000001c1e7c32800 Thread added: 0x000001c1c8f5d950
Event: 5.983 Thread 0x000001c1e7c32800 Thread added: 0x000001c1c8f5b880
Event: 5.983 Thread 0x000001c1e7c32800 Thread added: 0x000001c1c8f61af0
Event: 5.983 Thread 0x000001c1e7c32800 Thread added: 0x000001c1c8f5f390
Event: 5.984 Thread 0x000001c1e7c32800 Thread added: 0x000001c1c8f5fa20
Event: 5.984 Thread 0x000001c1e7c32800 Thread added: 0x000001c1c8f62180
Event: 5.984 Thread 0x000001c1e7c32800 Thread added: 0x000001c1c8f60dd0
Event: 6.012 Thread 0x000001c1e7c32800 Thread added: 0x000001c1c8f61460
Event: 6.354 Thread 0x000001c1e7c32800 Thread added: 0x000001c1c8f60740
Event: 6.354 Thread 0x000001c1e7c32800 Thread added: 0x000001c1c8f600b0
Event: 9.539 Thread 0x000001c1c8f5dfe0 Thread added: 0x000001c1c70d4080
Event: 9.730 Thread 0x000001c1c8f5dfe0 Thread added: 0x000001c1cb807060
Event: 9.896 Thread 0x000001c1c70d1920 Thread exited: 0x000001c1c70d1920


Dynamic libraries:
0x00007ff6f2a30000 - 0x00007ff6f2a3e000 	c:\Users\Farate\.vscode\extensions\redhat.java-1.43.0-win32-x64\jre\21.0.7-win32-x86_64\bin\java.exe
0x00007ffae1ea0000 - 0x00007ffae2103000 	C:\WINDOWS\SYSTEM32\ntdll.dll
0x00007ffae0d10000 - 0x00007ffae0dd8000 	C:\WINDOWS\System32\KERNEL32.DLL
0x00007ffadf5f0000 - 0x00007ffadf9a1000 	C:\WINDOWS\System32\KERNELBASE.dll
0x00007ffadfb40000 - 0x00007ffadfc8b000 	C:\WINDOWS\System32\ucrtbase.dll
0x00007ffa96c40000 - 0x00007ffa96c58000 	c:\Users\Farate\.vscode\extensions\redhat.java-1.43.0-win32-x64\jre\21.0.7-win32-x86_64\bin\jli.dll
0x00007ffae14f0000 - 0x00007ffae16b8000 	C:\WINDOWS\System32\USER32.dll
0x00007ffadf9b0000 - 0x00007ffadf9d7000 	C:\WINDOWS\System32\win32u.dll
0x00007ffae16c0000 - 0x00007ffae16ea000 	C:\WINDOWS\System32\GDI32.dll
0x00007ffadf410000 - 0x00007ffadf535000 	C:\WINDOWS\System32\gdi32full.dll
0x00007ffadf540000 - 0x00007ffadf5e3000 	C:\WINDOWS\System32\msvcp_win.dll
0x00007ffa93f70000 - 0x00007ffa93f8e000 	c:\Users\Farate\.vscode\extensions\redhat.java-1.43.0-win32-x64\jre\21.0.7-win32-x86_64\bin\VCRUNTIME140.dll
0x00007ffaba5f0000 - 0x00007ffaba880000 	C:\WINDOWS\WinSxS\amd64_microsoft.windows.common-controls_6595b64144ccf1df_6.0.26100.2161_none_3e0cadb0e33078e1\COMCTL32.dll
0x00007ffae1740000 - 0x00007ffae17e9000 	C:\WINDOWS\System32\msvcrt.dll
0x00007ffae0cd0000 - 0x00007ffae0cff000 	C:\WINDOWS\System32\IMM32.DLL
0x00007ffabbd00000 - 0x00007ffabbd0c000 	c:\Users\Farate\.vscode\extensions\redhat.java-1.43.0-win32-x64\jre\21.0.7-win32-x86_64\bin\vcruntime140_1.dll
0x00007ffa8d590000 - 0x00007ffa8d61d000 	c:\Users\Farate\.vscode\extensions\redhat.java-1.43.0-win32-x64\jre\21.0.7-win32-x86_64\bin\msvcp140.dll
0x00007ff9fc0f0000 - 0x00007ff9fce80000 	c:\Users\Farate\.vscode\extensions\redhat.java-1.43.0-win32-x64\jre\21.0.7-win32-x86_64\bin\server\jvm.dll
0x00007ffae1be0000 - 0x00007ffae1c94000 	C:\WINDOWS\System32\ADVAPI32.dll
0x00007ffae1910000 - 0x00007ffae19b6000 	C:\WINDOWS\System32\sechost.dll
0x00007ffae17f0000 - 0x00007ffae1906000 	C:\WINDOWS\System32\RPCRT4.dll
0x00007ffadfdf0000 - 0x00007ffadfe64000 	C:\WINDOWS\System32\WS2_32.dll
0x00007ffaddf50000 - 0x00007ffaddf9e000 	C:\WINDOWS\SYSTEM32\POWRPROF.dll
0x00007ffacb9d0000 - 0x00007ffacba06000 	C:\WINDOWS\SYSTEM32\WINMM.dll
0x00007ffad4090000 - 0x00007ffad409b000 	C:\WINDOWS\SYSTEM32\VERSION.dll
0x00007ffaddf30000 - 0x00007ffaddf44000 	C:\WINDOWS\SYSTEM32\UMPDC.dll
0x00007ffade1f0000 - 0x00007ffade20a000 	C:\WINDOWS\SYSTEM32\kernel.appcore.dll
0x00007ffabba70000 - 0x00007ffabba7a000 	c:\Users\Farate\.vscode\extensions\redhat.java-1.43.0-win32-x64\jre\21.0.7-win32-x86_64\bin\jimage.dll
0x00007ffadcb20000 - 0x00007ffadcd61000 	C:\WINDOWS\SYSTEM32\DBGHELP.DLL
0x00007ffae0950000 - 0x00007ffae0ccd000 	C:\WINDOWS\System32\combase.dll
0x00007ffadfd10000 - 0x00007ffadfde6000 	C:\WINDOWS\System32\OLEAUT32.dll
0x00007ffab5f80000 - 0x00007ffab5fb9000 	C:\WINDOWS\SYSTEM32\dbgcore.DLL
0x00007ffadf9e0000 - 0x00007ffadfa79000 	C:\WINDOWS\System32\bcryptPrimitives.dll
0x00007ffab4e80000 - 0x00007ffab4e8f000 	c:\Users\Farate\.vscode\extensions\redhat.java-1.43.0-win32-x64\jre\21.0.7-win32-x86_64\bin\instrument.dll
0x00007ffa926f0000 - 0x00007ffa9270f000 	c:\Users\Farate\.vscode\extensions\redhat.java-1.43.0-win32-x64\jre\21.0.7-win32-x86_64\bin\java.dll
0x00007ffae0de0000 - 0x00007ffae14df000 	C:\WINDOWS\System32\SHELL32.dll
0x00007ffadcfe0000 - 0x00007ffadd80d000 	C:\WINDOWS\SYSTEM32\windows.storage.dll
0x00007ffae0350000 - 0x00007ffae0423000 	C:\WINDOWS\System32\SHCORE.dll
0x00007ffae1af0000 - 0x00007ffae1b4d000 	C:\WINDOWS\System32\shlwapi.dll
0x00007ffadf1a0000 - 0x00007ffadf1ce000 	C:\WINDOWS\SYSTEM32\profapi.dll
0x00007ffa918c0000 - 0x00007ffa918d8000 	c:\Users\Farate\.vscode\extensions\redhat.java-1.43.0-win32-x64\jre\21.0.7-win32-x86_64\bin\zip.dll
0x00007ffab6740000 - 0x00007ffab6750000 	C:\Users\Farate\.vscode\extensions\redhat.java-1.43.0-win32-x64\jre\21.0.7-win32-x86_64\bin\net.dll
0x00007ffad8290000 - 0x00007ffad83b6000 	C:\WINDOWS\SYSTEM32\WINHTTP.dll
0x00007ffade6f0000 - 0x00007ffade758000 	C:\WINDOWS\system32\mswsock.dll
0x00007ffa91200000 - 0x00007ffa91216000 	C:\Users\Farate\.vscode\extensions\redhat.java-1.43.0-win32-x64\jre\21.0.7-win32-x86_64\bin\nio.dll
0x00007ffab1070000 - 0x00007ffab1080000 	c:\Users\Farate\.vscode\extensions\redhat.java-1.43.0-win32-x64\jre\21.0.7-win32-x86_64\bin\verify.dll
0x00007ffa8d540000 - 0x00007ffa8d585000 	C:\Users\Farate\AppData\Roaming\Code\User\globalStorage\redhat.java\1.43.0\config_win\org.eclipse.equinox.launcher\org.eclipse.equinox.launcher.win32.win32.x86_64_1.2.1300.v20250331-1702\eclipse_11911.dll
0x00007ffae1ca0000 - 0x00007ffae1e39000 	C:\WINDOWS\System32\ole32.dll
0x00007ffade990000 - 0x00007ffade9ac000 	C:\WINDOWS\SYSTEM32\CRYPTSP.dll
0x00007ffade150000 - 0x00007ffade188000 	C:\WINDOWS\system32\rsaenh.dll
0x00007ffade790000 - 0x00007ffade7bb000 	C:\WINDOWS\SYSTEM32\USERENV.dll
0x00007ffadebd0000 - 0x00007ffadebf6000 	C:\WINDOWS\SYSTEM32\bcrypt.dll
0x00007ffade9b0000 - 0x00007ffade9bc000 	C:\WINDOWS\SYSTEM32\CRYPTBASE.dll
0x00007ffaddbe0000 - 0x00007ffaddc11000 	C:\WINDOWS\SYSTEM32\IPHLPAPI.DLL
0x00007ffae1e50000 - 0x00007ffae1e5a000 	C:\WINDOWS\System32\NSI.dll
0x00007ffa8d4a0000 - 0x00007ffa8d4e9000 	C:\Users\Farate\AppData\Local\Temp\jna-2097115195\jna2016668205271061430.dll
0x00007ffae1e40000 - 0x00007ffae1e48000 	C:\WINDOWS\System32\PSAPI.DLL
0x00007ffad8af0000 - 0x00007ffad8b0e000 	C:\WINDOWS\SYSTEM32\dhcpcsvc6.DLL
0x00007ffad8a30000 - 0x00007ffad8a55000 	C:\WINDOWS\SYSTEM32\dhcpcsvc.DLL
0x00007ffab6a00000 - 0x00007ffab6a27000 	C:\Users\Farate\.gradle\native\c067742578af261105cb4f569cf0c3c89f3d7b1fecec35dd04571415982c5e48\windows-amd64\native-platform.dll

dbghelp: loaded successfully - version: 4.0.5 - missing functions: none
symbol engine: initialized successfully - sym options: 0x614 - pdb path: .;c:\Users\Farate\.vscode\extensions\redhat.java-1.43.0-win32-x64\jre\21.0.7-win32-x86_64\bin;C:\WINDOWS\SYSTEM32;C:\WINDOWS\WinSxS\amd64_microsoft.windows.common-controls_6595b64144ccf1df_6.0.26100.2161_none_3e0cadb0e33078e1;c:\Users\Farate\.vscode\extensions\redhat.java-1.43.0-win32-x64\jre\21.0.7-win32-x86_64\bin\server;C:\Users\Farate\AppData\Roaming\Code\User\globalStorage\redhat.java\1.43.0\config_win\org.eclipse.equinox.launcher\org.eclipse.equinox.launcher.win32.win32.x86_64_1.2.1300.v20250331-1702;C:\Users\Farate\AppData\Local\Temp\jna-2097115195;C:\Users\Farate\.gradle\native\c067742578af261105cb4f569cf0c3c89f3d7b1fecec35dd04571415982c5e48\windows-amd64

VM Arguments:
jvm_args: --add-modules=ALL-SYSTEM --add-opens=java.base/java.util=ALL-UNNAMED --add-opens=java.base/java.lang=ALL-UNNAMED --add-opens=java.base/sun.nio.fs=ALL-UNNAMED -Declipse.application=org.eclipse.jdt.ls.core.id1 -Dosgi.bundles.defaultStartLevel=4 -Declipse.product=org.eclipse.jdt.ls.core.product -Djava.import.generatesMetadataFilesAtProjectRoot=false -DDetectVMInstallationsJob.disabled=true -Dfile.encoding=utf8 -XX:+UseParallelGC -XX:GCTimeRatio=4 -XX:AdaptiveSizePolicyWeight=90 -Dsun.zip.disableMemoryMapping=true -Xmx2G -Xms100m -Xlog:disable -javaagent:c:\Users\Farate\.vscode\extensions\redhat.java-1.43.0-win32-x64\lombok\lombok-1.18.39-4050.jar -XX:+HeapDumpOnOutOfMemoryError -XX:HeapDumpPath=c:\Users\Farate\AppData\Roaming\Code\User\workspaceStorage\f661b1c5d9a8e523ea848e005d286eda\redhat.java -Daether.dependencyCollector.impl=bf 
java_command: c:\Users\Farate\.vscode\extensions\redhat.java-1.43.0-win32-x64\server\plugins\org.eclipse.equinox.launcher_1.7.0.v20250519-0528.jar -configuration c:\Users\Farate\AppData\Roaming\Code\User\globalStorage\redhat.java\1.43.0\config_win -data c:\Users\Farate\AppData\Roaming\Code\User\workspaceStorage\f661b1c5d9a8e523ea848e005d286eda\redhat.java\jdt_ws --pipe=\\.\pipe\lsp-5766634da8e9267263d0b255378845f9-sock
java_class_path (initial): c:\Users\Farate\.vscode\extensions\redhat.java-1.43.0-win32-x64\server\plugins\org.eclipse.equinox.launcher_1.7.0.v20250519-0528.jar
Launcher Type: SUN_STANDARD

[Global flags]
    uintx AdaptiveSizePolicyWeight                 = 90                                        {product} {command line}
     intx CICompilerCount                          = 4                                         {product} {ergonomic}
    uintx GCTimeRatio                              = 4                                         {product} {command line}
     bool HeapDumpOnOutOfMemoryError               = true                                   {manageable} {command line}
    ccstr HeapDumpPath                             = c:\Users\Farate\AppData\Roaming\Code\User\workspaceStorage\f661b1c5d9a8e523ea848e005d286eda\redhat.java         {manageable} {command line}
   size_t InitialHeapSize                          = 104857600                                 {product} {command line}
   size_t MaxHeapSize                              = 2147483648                                {product} {command line}
   size_t MaxNewSize                               = 715653120                                 {product} {ergonomic}
   size_t MinHeapDeltaBytes                        = 524288                                    {product} {ergonomic}
   size_t MinHeapSize                              = 104857600                                 {product} {command line}
   size_t NewSize                                  = 34603008                                  {product} {ergonomic}
    uintx NonNMethodCodeHeapSize                   = 5839372                                {pd product} {ergonomic}
    uintx NonProfiledCodeHeapSize                  = 122909434                              {pd product} {ergonomic}
   size_t OldSize                                  = 70254592                                  {product} {ergonomic}
    uintx ProfiledCodeHeapSize                     = 122909434                              {pd product} {ergonomic}
    uintx ReservedCodeCacheSize                    = 251658240                              {pd product} {ergonomic}
     bool SegmentedCodeCache                       = true                                      {product} {ergonomic}
   size_t SoftMaxHeapSize                          = 2147483648                             {manageable} {ergonomic}
     bool UseCompressedOops                        = true                           {product lp64_product} {ergonomic}
     bool UseLargePagesIndividualAllocation        = false                                  {pd product} {ergonomic}
     bool UseParallelGC                            = true                                      {product} {command line}

Logging:
Log output configuration:
 #0: stdout all=off uptime,level,tags foldmultilines=false
 #1: stderr all=off uptime,level,tags foldmultilines=false

Environment Variables:
JAVA_HOME=C:\Program Files\Android\Android Studio\jbr
PATH=C:\Program Files\Eclipse Adoptium\jdk-17.0.15.6-hotspot\bin;C:\Program Files (x86)\VMware\VMware Workstation\bin\;C:\Users\Farate\AppData\Local\Programs\Python\Python312\Scripts\;C:\Users\Farate\AppData\Local\Programs\Python\Python312\;C:\Program Files\Common Files\Oracle\Java\javapath;C:\windows\system32;C:\windows;C:\windows\System32\Wbem;C:\windows\System32\WindowsPowerShell\v1.0\;C:\windows\System32\OpenSSH\;C:\Program Files (x86)\NVIDIA Corporation\PhysX\Common;C:\Program Files\NVIDIA Corporation\NVIDIA NvDLISR;C:\Users\Administrator\AppData\Local\Microsoft\WindowsApps;C:\Program Files\HP\OMEN-Broadcast\Common;C:\MinGW\bin;C:\ProgramData\chocolatey\bin;C:\WINDOWS\system32;C:\WINDOWS;C:\WINDOWS\System32\Wbem;C:\WINDOWS\System32\WindowsPowerShell\v1.0\;C:\WINDOWS\System32\OpenSSH\;C:\Program Files\MongoDB\Server\8.0\bin;C:\xampp\apache\bin;C:\Program Files\nodejs\;C:\Program Files\MongoDB\Server\8.0\bin;C:\Program Files\MongoDB\mongosh\bin;C:\Program Files\Git\cmd;C:\Program Files\Java\jdk-24\bin;C:\Program Files\Android\Android Studio\jbr\bin;C:\Users\Farate\AppData\Local\Programs\Python\Launcher\;C:\Users\Farate\AppData\Local\Microsoft\WindowsApps;C:\Users\Farate\AppData\Local\Programs\Microsoft VS Code\bin;C:\msys64\ucrt64\bin;C:\Program Files\Java\jdk-23\bin;C:\Program Files\MongoDB\Server\8.0\bin;C:\xampp\apache\bin;C:\Users\Farate\AppData\Roaming\npm;C:\Program Files\MongoDB\Server\8.0\bin;C:\Users\Farate\AppData\Local\Programs\mongosh\;E:\flutter\bin;C:\Program Files\JetBrains\IntelliJ IDEA 2025.1.1.1\bin;;C:\Users\Farate\AppData\Local\GitHubDesktop\bin
USERNAME=Farate
OS=Windows_NT
PROCESSOR_IDENTIFIER=Intel64 Family 6 Model 154 Stepping 3, GenuineIntel
TMP=C:\Users\Farate\AppData\Local\Temp
TEMP=C:\Users\Farate\AppData\Local\Temp




Periodic native trim disabled

---------------  S Y S T E M  ---------------

OS:
 Windows 11 , 64 bit Build 26100 (10.0.26100.2161)
OS uptime: 4 days 0:13 hours
Hyper-V role detected

CPU: total 12 (initial active 12) (6 cores per cpu, 2 threads per core) family 6 model 154 stepping 3 microcode 0x434, cx8, cmov, fxsr, ht, mmx, 3dnowpref, sse, sse2, sse3, ssse3, sse4.1, sse4.2, popcnt, lzcnt, tsc, tscinvbit, avx, avx2, aes, erms, clmul, bmi1, bmi2, adx, sha, fma, vzeroupper, clflush, clflushopt, clwb, hv, serialize, rdtscp, rdpid, fsrm, f16c, cet_ibt, cet_ss
Processor Information for processor 0
  Max Mhz: 2000, Current Mhz: 2000, Mhz Limit: 2000
Processor Information for processor 1
  Max Mhz: 2000, Current Mhz: 2000, Mhz Limit: 2000
Processor Information for processor 2
  Max Mhz: 2000, Current Mhz: 2000, Mhz Limit: 2000
Processor Information for processor 3
  Max Mhz: 2000, Current Mhz: 2000, Mhz Limit: 2000
Processor Information for processor 4
  Max Mhz: 2000, Current Mhz: 2000, Mhz Limit: 2000
Processor Information for processor 5
  Max Mhz: 2000, Current Mhz: 2000, Mhz Limit: 2000
Processor Information for processor 6
  Max Mhz: 2000, Current Mhz: 2000, Mhz Limit: 2000
Processor Information for processor 7
  Max Mhz: 2000, Current Mhz: 2000, Mhz Limit: 2000
Processor Information for processor 8
  Max Mhz: 2000, Current Mhz: 2000, Mhz Limit: 2000
Processor Information for processor 9
  Max Mhz: 2000, Current Mhz: 2000, Mhz Limit: 2000
Processor Information for processor 10
  Max Mhz: 2000, Current Mhz: 2000, Mhz Limit: 2000
Processor Information for processor 11
  Max Mhz: 2000, Current Mhz: 1466, Mhz Limit: 2000

Memory: 4k page, system-wide physical 16024M (1534M free)
TotalPageFile size 21835M (AvailPageFile size 124M)
current process WorkingSet (physical memory assigned to process): 422M, peak: 422M
current process commit charge ("private bytes"): 467M, peak: 1672M

vm_info: OpenJDK 64-Bit Server VM (21.0.7+6-LTS) for windows-amd64 JRE (21.0.7+6-LTS), built on 2025-04-15T00:00:00Z by "admin" with MS VC++ 17.7 (VS2022)

END.
