#
# There is insufficient memory for the Java Runtime Environment to continue.
# Native memory allocation (mmap) failed to map 70254592 bytes. Error detail: G1 virtual space
# Possible reasons:
#   The system is out of physical RAM or swap space
#   This process is running with CompressedOops enabled, and the Java Heap may be blocking the growth of the native heap
# Possible solutions:
#   Reduce memory load on the system
#   Increase physical memory or swap space
#   Check if swap backing store is full
#   Decrease Java heap size (-Xmx/-Xms)
#   Decrease number of Java threads
#   Decrease Java thread stack sizes (-Xss)
#   Set larger code cache with -XX:ReservedCodeCacheSize=
#   JVM is running with Unscaled Compressed Oops mode in which the Java heap is
#     placed in the first 4GB address space. The Java Heap base address is the
#     maximum limit for the native heap growth. Please use -XX:HeapBaseMinAddress
#     to set the Java Heap base and to place the Java Heap above 4GB virtual address.
# This output file may be truncated or incomplete.
#
#  Out of Memory Error (os_windows.cpp:3618), pid=18248, tid=22880
#
# JRE version: OpenJDK Runtime Environment Temurin-17.0.15+6 (17.0.15+6) (build 17.0.15+6)
# Java VM: OpenJDK 64-Bit Server VM Temurin-17.0.15+6 (17.0.15+6, mixed mode, sharing, tiered, compressed oops, compressed class ptrs, g1 gc, windows-amd64)
# No core dump will be written. Minidumps are not enabled by default on client versions of Windows
#

---------------  S U M M A R Y ------------

Command Line: --add-opens=java.base/java.lang=ALL-UNNAMED --add-opens=java.base/java.lang.invoke=ALL-UNNAMED --add-opens=java.base/java.util=ALL-UNNAMED --add-opens=java.prefs/java.util.prefs=ALL-UNNAMED --add-exports=jdk.compiler/com.sun.tools.javac.api=ALL-UNNAMED --add-exports=jdk.compiler/com.sun.tools.javac.util=ALL-UNNAMED --add-opens=java.base/java.util=ALL-UNNAMED --add-opens=java.prefs/java.util.prefs=ALL-UNNAMED --add-opens=java.base/java.nio.charset=ALL-UNNAMED --add-opens=java.base/java.net=ALL-UNNAMED --add-opens=java.base/java.util.concurrent.atomic=ALL-UNNAMED --add-opens=java.xml/javax.xml.namespace=ALL-UNNAMED -Xmx2048m -Dfile.encoding=UTF-8 -Duser.country=IN -Duser.language=en -Duser.variant -javaagent:C:\Users\Farate\.gradle\wrapper\dists\gradle-8.11.1-bin\bpt9gzteqjrbo1mjrsomdt32c\gradle-8.11.1\lib\agents\gradle-instrumentation-agent-8.11.1.jar org.gradle.launcher.daemon.bootstrap.GradleDaemon 8.11.1

Host: 12th Gen Intel(R) Core(TM) i5-12450H, 12 cores, 15G,  Windows 11 , 64 bit Build 26100 (10.0.26100.2161)
Time: Fri Jun 27 21:54:01 2025 India Standard Time elapsed time: 13.747269 seconds (0d 0h 0m 13s)

---------------  T H R E A D  ---------------

Current thread (0x00000200a629cae0):  VMThread "VM Thread" [stack: 0x0000006385d00000,0x0000006385e00000] [id=22880]

Stack: [0x0000006385d00000,0x0000006385e00000]
Native frames: (J=compiled Java code, j=interpreted, Vv=VM code, C=native code)
V  [jvm.dll+0x682fc9]
V  [jvm.dll+0x839878]
V  [jvm.dll+0x83b323]
V  [jvm.dll+0x83b993]
V  [jvm.dll+0x24725f]
V  [jvm.dll+0x67fda9]
V  [jvm.dll+0x674c9a]
V  [jvm.dll+0x304d06]
V  [jvm.dll+0x30c1c6]
V  [jvm.dll+0x35dd4e]
V  [jvm.dll+0x35df8d]
V  [jvm.dll+0x2dc0cc]
V  [jvm.dll+0x2da46f]
V  [jvm.dll+0x2d9bdc]
V  [jvm.dll+0x31d3bb]
V  [jvm.dll+0x8401cd]
V  [jvm.dll+0x840f03]
V  [jvm.dll+0x84142f]
V  [jvm.dll+0x841814]
V  [jvm.dll+0x8418de]
V  [jvm.dll+0x7e94dc]
V  [jvm.dll+0x681ea7]
C  [ucrtbase.dll+0x14ea0]
C  [KERNEL32.DLL+0x2dbe7]
C  [ntdll.dll+0xdfbec]

VM_Operation (0x00000063876f32b0): G1CollectForAllocation, mode: safepoint, requested by thread 0x00000200ed3b4720


---------------  P R O C E S S  ---------------

Threads class SMR info:
_java_thread_list=0x00000200f0b6c1b0, length=37, elements={
0x000002008715d8d0, 0x00000200a629eab0, 0x00000200a62a9ed0, 0x00000200a62b5380,
0x00000200a62b5890, 0x00000200a62b7c00, 0x00000200a62b8110, 0x00000200a62bd700,
0x00000200a62c00d0, 0x00000200a62b8620, 0x00000200a62b62b0, 0x00000200a62b5da0,
0x00000200a62b67c0, 0x00000200a62b71e0, 0x00000200a62b76f0, 0x00000200ed3b4210,
0x00000200ed3b5650, 0x00000200ed3b32e0, 0x00000200ed3b4720, 0x00000200ed3b37f0,
0x00000200ed3b6070, 0x00000200ed3b6580, 0x00000200ed3b6a90, 0x00000200ed3b3d00,
0x00000200ed3b5140, 0x00000200ed3b4c30, 0x00000200ed3b5b60, 0x00000200f0851400,
0x00000200f0853260, 0x00000200f0853770, 0x00000200f0853c80, 0x00000200f0851910,
0x00000200f0852d50, 0x00000200f08546a0, 0x00000200f0854bb0, 0x00000200f08550c0,
0x00000200a6579b00
}

Java Threads: ( => current thread )
  0x000002008715d8d0 JavaThread "main" [_thread_blocked, id=21416, stack(0x0000006385700000,0x0000006385800000)]
  0x00000200a629eab0 JavaThread "Reference Handler" daemon [_thread_blocked, id=9732, stack(0x0000006385e00000,0x0000006385f00000)]
  0x00000200a62a9ed0 JavaThread "Finalizer" daemon [_thread_blocked, id=22480, stack(0x0000006385f00000,0x0000006386000000)]
  0x00000200a62b5380 JavaThread "Signal Dispatcher" daemon [_thread_blocked, id=15048, stack(0x0000006386000000,0x0000006386100000)]
  0x00000200a62b5890 JavaThread "Attach Listener" daemon [_thread_blocked, id=8228, stack(0x0000006386100000,0x0000006386200000)]
  0x00000200a62b7c00 JavaThread "Service Thread" daemon [_thread_blocked, id=19552, stack(0x0000006386200000,0x0000006386300000)]
  0x00000200a62b8110 JavaThread "Monitor Deflation Thread" daemon [_thread_blocked, id=22248, stack(0x0000006386300000,0x0000006386400000)]
  0x00000200a62bd700 JavaThread "C2 CompilerThread0" daemon [_thread_blocked, id=23080, stack(0x0000006386400000,0x0000006386500000)]
  0x00000200a62c00d0 JavaThread "C1 CompilerThread0" daemon [_thread_blocked, id=13964, stack(0x0000006386500000,0x0000006386600000)]
  0x00000200a62b8620 JavaThread "Sweeper thread" daemon [_thread_blocked, id=4732, stack(0x0000006386600000,0x0000006386700000)]
  0x00000200a62b62b0 JavaThread "Common-Cleaner" daemon [_thread_blocked, id=14824, stack(0x0000006386700000,0x0000006386800000)]
  0x00000200a62b5da0 JavaThread "Notification Thread" daemon [_thread_blocked, id=20260, stack(0x0000006386800000,0x0000006386900000)]
  0x00000200a62b67c0 JavaThread "Daemon health stats" [_thread_blocked, id=23812, stack(0x0000006386b00000,0x0000006386c00000)]
  0x00000200a62b71e0 JavaThread "Incoming local TCP Connector on port 63362" [_thread_in_native, id=10452, stack(0x0000006386a00000,0x0000006386b00000)]
  0x00000200a62b76f0 JavaThread "Daemon periodic checks" [_thread_blocked, id=16396, stack(0x0000006387100000,0x0000006387200000)]
  0x00000200ed3b4210 JavaThread "Daemon" [_thread_blocked, id=11136, stack(0x0000006387300000,0x0000006387400000)]
  0x00000200ed3b5650 JavaThread "Handler for socket connection from /127.0.0.1:63362 to /127.0.0.1:63364" [_thread_in_native, id=23664, stack(0x0000006387400000,0x0000006387500000)]
  0x00000200ed3b32e0 JavaThread "Cancel handler" [_thread_blocked, id=13368, stack(0x0000006387500000,0x0000006387600000)]
  0x00000200ed3b4720 JavaThread "Daemon worker" [_thread_blocked, id=10960, stack(0x0000006387600000,0x0000006387700000)]
  0x00000200ed3b37f0 JavaThread "Asynchronous log dispatcher for DefaultDaemonConnection: socket connection from /127.0.0.1:63362 to /127.0.0.1:63364" [_thread_blocked, id=24048, stack(0x0000006387700000,0x0000006387800000)]
  0x00000200ed3b6070 JavaThread "Stdin handler" [_thread_blocked, id=19000, stack(0x0000006387800000,0x0000006387900000)]
  0x00000200ed3b6580 JavaThread "Daemon client event forwarder" [_thread_blocked, id=8796, stack(0x0000006387900000,0x0000006387a00000)]
  0x00000200ed3b6a90 JavaThread "Cache worker for journal cache (C:\Users\Farate\.gradle\caches\journal-1)" [_thread_blocked, id=24516, stack(0x0000006387a00000,0x0000006387b00000)]
  0x00000200ed3b3d00 JavaThread "File lock request listener" [_thread_in_native, id=3076, stack(0x0000006387b00000,0x0000006387c00000)]
  0x00000200ed3b5140 JavaThread "Cache worker for file hash cache (C:\Users\Farate\.gradle\caches\8.11.1\fileHashes)" [_thread_blocked, id=4488, stack(0x0000006387c00000,0x0000006387d00000)]
  0x00000200ed3b4c30 JavaThread "File lock release action executor" [_thread_blocked, id=2200, stack(0x0000006387d00000,0x0000006387e00000)]
  0x00000200ed3b5b60 JavaThread "Cache worker for file content cache (C:\Users\Farate\.gradle\caches\8.11.1\fileContent)" [_thread_blocked, id=9688, stack(0x0000006387e00000,0x0000006387f00000)]
  0x00000200f0851400 JavaThread "Cache worker for file hash cache (C:\Users\Farate\AndroidStudioProjects\SmartMechanicApp\.gradle\8.11.1\fileHashes)" [_thread_blocked, id=16276, stack(0x0000006388000000,0x0000006388100000)]
  0x00000200f0853260 JavaThread "Cache worker for Build Output Cleanup Cache (C:\Users\Farate\AndroidStudioProjects\SmartMechanicApp\.gradle\buildOutputCleanup)" [_thread_blocked, id=17584, stack(0x0000006388100000,0x0000006388200000)]
  0x00000200f0853770 JavaThread "File watcher server" daemon [_thread_in_native, id=23788, stack(0x0000006388800000,0x0000006388900000)]
  0x00000200f0853c80 JavaThread "File watcher consumer" daemon [_thread_blocked, id=23260, stack(0x0000006388900000,0x0000006388a00000)]
  0x00000200f0851910 JavaThread "Cache worker for checksums cache (C:\Users\Farate\AndroidStudioProjects\SmartMechanicApp\.gradle\8.11.1\checksums)" [_thread_blocked, id=17628, stack(0x0000006388a00000,0x0000006388b00000)]
  0x00000200f0852d50 JavaThread "Cache worker for cache directory md-rule (C:\Users\Farate\.gradle\caches\8.11.1\md-rule)" [_thread_blocked, id=19212, stack(0x0000006387f00000,0x0000006388000000)]
  0x00000200f08546a0 JavaThread "Cache worker for cache directory md-supplier (C:\Users\Farate\.gradle\caches\8.11.1\md-supplier)" [_thread_blocked, id=10856, stack(0x0000006388b00000,0x0000006388c00000)]
  0x00000200f0854bb0 JavaThread "jar transforms" [_thread_blocked, id=21488, stack(0x0000006388c00000,0x0000006388d00000)]
  0x00000200f08550c0 JavaThread "jar transforms Thread 2" [_thread_blocked, id=10616, stack(0x0000006388d00000,0x0000006388e00000)]
  0x00000200a6579b00 JavaThread "C2 CompilerThread1" daemon [_thread_blocked, id=11208, stack(0x0000006387200000,0x0000006387300000)]

Other Threads:
=>0x00000200a629cae0 VMThread "VM Thread" [stack: 0x0000006385d00000,0x0000006385e00000] [id=22880]
  0x00000200a654ba40 WatcherThread [stack: 0x0000006386900000,0x0000006386a00000] [id=23468]
  0x00000200871beb20 GCTaskThread "GC Thread#0" [stack: 0x0000006385800000,0x0000006385900000] [id=6504]
  0x00000200a6c93350 GCTaskThread "GC Thread#1" [stack: 0x0000006386c00000,0x0000006386d00000] [id=15004]
  0x00000200a6b04dc0 GCTaskThread "GC Thread#2" [stack: 0x0000006386d00000,0x0000006386e00000] [id=22404]
  0x00000200a6d607c0 GCTaskThread "GC Thread#3" [stack: 0x0000006386e00000,0x0000006386f00000] [id=5764]
  0x00000200a6ab7f00 GCTaskThread "GC Thread#4" [stack: 0x0000006386f00000,0x0000006387000000] [id=18500]
  0x00000200a6ab9240 GCTaskThread "GC Thread#5" [stack: 0x0000006387000000,0x0000006387100000] [id=4164]
  0x00000200a6ab9a80 GCTaskThread "GC Thread#6" [stack: 0x0000006388200000,0x0000006388300000] [id=22944]
  0x00000200a6ab8a00 GCTaskThread "GC Thread#7" [stack: 0x0000006388300000,0x0000006388400000] [id=21164]
  0x00000200a6ab8cc0 GCTaskThread "GC Thread#8" [stack: 0x0000006388400000,0x0000006388500000] [id=3828]
  0x00000200a6ab8f80 GCTaskThread "GC Thread#9" [stack: 0x0000006388500000,0x0000006388600000] [id=23640]
  0x00000200871d0650 ConcurrentGCThread "G1 Main Marker" [stack: 0x0000006385900000,0x0000006385a00000] [id=23168]
  0x00000200871d1e30 ConcurrentGCThread "G1 Conc#0" [stack: 0x0000006385a00000,0x0000006385b00000] [id=4156]
  0x00000200a6ab9500 ConcurrentGCThread "G1 Conc#1" [stack: 0x0000006388600000,0x0000006388700000] [id=17684]
  0x00000200a6ab97c0 ConcurrentGCThread "G1 Conc#2" [stack: 0x0000006388700000,0x0000006388800000] [id=16960]
  0x000002008720e660 ConcurrentGCThread "G1 Refine#0" [stack: 0x0000006385b00000,0x0000006385c00000] [id=21244]
  0x00000200eded56d0 ConcurrentGCThread "G1 Refine#1" [stack: 0x0000006388f00000,0x0000006389000000] [id=23796]
  0x00000200eded6b60 ConcurrentGCThread "G1 Refine#2" [stack: 0x0000006389000000,0x0000006389100000] [id=17328]
  0x00000200eded7d00 ConcurrentGCThread "G1 Refine#3" [stack: 0x0000006389100000,0x0000006389200000] [id=9456]
  0x00000200eded82e0 ConcurrentGCThread "G1 Refine#4" [stack: 0x0000006389200000,0x0000006389300000] [id=11576]
  0x00000200eded7720 ConcurrentGCThread "G1 Refine#5" [stack: 0x0000006389300000,0x0000006389400000] [id=2020]
  0x00000200a6148600 ConcurrentGCThread "G1 Service" [stack: 0x0000006385c00000,0x0000006385d00000] [id=22356]

Threads with active compile tasks:
C2 CompilerThread0    13867 6262       4       org.jetbrains.kotlin.metadata.ProtoBuf$Type::isInitialized (145 bytes)
C2 CompilerThread1    13867 6223   !   4       org.jetbrains.kotlin.metadata.ProtoBuf$Type::<init> (875 bytes)

VM state: at safepoint (normal execution)

VM Mutex/Monitor currently owned by a thread:  ([mutex/lock_event])
[0x00000200871582a0] Threads_lock - owner thread: 0x00000200a629cae0
[0x0000020087158960] Heap_lock - owner thread: 0x00000200ed3b4720

Heap address: 0x0000000080000000, size: 2048 MB, Compressed Oops mode: 32-bit

CDS archive(s) mapped at: [0x00000200a7000000-0x00000200a7bb0000-0x00000200a7bb0000), size 12255232, SharedBaseAddress: 0x00000200a7000000, ArchiveRelocationMode: 1.
Compressed class space mapped at: 0x00000200a8000000-0x00000200e8000000, reserved size: 1073741824
Narrow klass base: 0x00000200a7000000, Narrow klass shift: 0, Narrow klass range: 0x100000000

GC Precious Log:
 CPUs: 12 total, 12 available
 Memory: 16024M
 Large Page Support: Disabled
 NUMA Support: Disabled
 Compressed Oops: Enabled (32-bit)
 Heap Region Size: 1M
 Heap Min Capacity: 8M
 Heap Initial Capacity: 252M
 Heap Max Capacity: 2G
 Pre-touch: Disabled
 Parallel Workers: 10
 Concurrent Workers: 3
 Concurrent Refinement Workers: 10
 Periodic GC: Disabled

Heap:
 garbage-first heap   total 146432K, used 66841K [0x0000000080000000, 0x0000000100000000)
  region size 1024K, 2 young (2048K), 2 survivors (2048K)
 Metaspace       used 77825K, committed 78464K, reserved 1179648K
  class space    used 10560K, committed 10880K, reserved 1048576K

Heap Regions: E=young(eden), S=young(survivor), O=old, HS=humongous(starts), HC=humongous(continues), CS=collection set, F=free, OA=open archive, CA=closed archive, TAMS=top-at-mark-start (previous, next)
|   0|0x0000000080000000, 0x0000000080100000, 0x0000000080100000|100%| O|  |TAMS 0x0000000080100000, 0x0000000080100000| Untracked 
|   1|0x0000000080100000, 0x0000000080200000, 0x0000000080200000|100%|HS|  |TAMS 0x0000000080200000, 0x0000000080200000| Complete 
|   2|0x0000000080200000, 0x0000000080300000, 0x0000000080300000|100%|HC|  |TAMS 0x0000000080300000, 0x0000000080300000| Complete 
|   3|0x0000000080300000, 0x0000000080400000, 0x0000000080400000|100%|HC|  |TAMS 0x0000000080400000, 0x0000000080400000| Complete 
|   4|0x0000000080400000, 0x0000000080500000, 0x0000000080500000|100%| O|  |TAMS 0x0000000080500000, 0x0000000080500000| Untracked 
|   5|0x0000000080500000, 0x0000000080600000, 0x0000000080600000|100%| O|  |TAMS 0x0000000080600000, 0x0000000080600000| Untracked 
|   6|0x0000000080600000, 0x0000000080700000, 0x0000000080700000|100%| O|  |TAMS 0x0000000080700000, 0x0000000080700000| Untracked 
|   7|0x0000000080700000, 0x0000000080800000, 0x0000000080800000|100%|HS|  |TAMS 0x0000000080800000, 0x0000000080800000| Complete 
|   8|0x0000000080800000, 0x0000000080900000, 0x0000000080900000|100%| O|  |TAMS 0x0000000080900000, 0x0000000080900000| Untracked 
|   9|0x0000000080900000, 0x0000000080a00000, 0x0000000080a00000|100%| O|  |TAMS 0x0000000080a00000, 0x0000000080a00000| Untracked 
|  10|0x0000000080a00000, 0x0000000080b00000, 0x0000000080b00000|100%| O|  |TAMS 0x0000000080b00000, 0x0000000080b00000| Untracked 
|  11|0x0000000080b00000, 0x0000000080c00000, 0x0000000080c00000|100%| O|  |TAMS 0x0000000080c00000, 0x0000000080c00000| Untracked 
|  12|0x0000000080c00000, 0x0000000080c00000, 0x0000000080d00000|  0%| F|  |TAMS 0x0000000080c00000, 0x0000000080c00000| Untracked 
|  13|0x0000000080d00000, 0x0000000080e00000, 0x0000000080e00000|100%| O|  |TAMS 0x0000000080e00000, 0x0000000080e00000| Untracked 
|  14|0x0000000080e00000, 0x0000000080f00000, 0x0000000080f00000|100%| O|  |TAMS 0x0000000080f00000, 0x0000000080f00000| Untracked 
|  15|0x0000000080f00000, 0x0000000081000000, 0x0000000081000000|100%| O|  |TAMS 0x0000000081000000, 0x0000000081000000| Untracked 
|  16|0x0000000081000000, 0x0000000081100000, 0x0000000081100000|100%| O|  |TAMS 0x0000000081100000, 0x0000000081100000| Untracked 
|  17|0x0000000081100000, 0x0000000081200000, 0x0000000081200000|100%| O|  |TAMS 0x0000000081200000, 0x0000000081200000| Untracked 
|  18|0x0000000081200000, 0x0000000081300000, 0x0000000081300000|100%| O|  |TAMS 0x0000000081300000, 0x0000000081300000| Untracked 
|  19|0x0000000081300000, 0x0000000081400000, 0x0000000081400000|100%| O|  |TAMS 0x0000000081400000, 0x0000000081400000| Untracked 
|  20|0x0000000081400000, 0x0000000081500000, 0x0000000081500000|100%| O|  |TAMS 0x0000000081500000, 0x0000000081500000| Untracked 
|  21|0x0000000081500000, 0x0000000081600000, 0x0000000081600000|100%| O|  |TAMS 0x0000000081600000, 0x0000000081600000| Untracked 
|  22|0x0000000081600000, 0x0000000081700000, 0x0000000081700000|100%| O|  |TAMS 0x0000000081700000, 0x0000000081700000| Untracked 
|  23|0x0000000081700000, 0x0000000081800000, 0x0000000081800000|100%| O|  |TAMS 0x0000000081800000, 0x0000000081800000| Untracked 
|  24|0x0000000081800000, 0x0000000081900000, 0x0000000081900000|100%| O|  |TAMS 0x0000000081900000, 0x0000000081900000| Untracked 
|  25|0x0000000081900000, 0x0000000081a00000, 0x0000000081a00000|100%| O|  |TAMS 0x0000000081a00000, 0x0000000081a00000| Untracked 
|  26|0x0000000081a00000, 0x0000000081b00000, 0x0000000081b00000|100%| O|  |TAMS 0x0000000081b00000, 0x0000000081b00000| Untracked 
|  27|0x0000000081b00000, 0x0000000081c00000, 0x0000000081c00000|100%| O|  |TAMS 0x0000000081c00000, 0x0000000081c00000| Untracked 
|  28|0x0000000081c00000, 0x0000000081d00000, 0x0000000081d00000|100%| O|  |TAMS 0x0000000081d00000, 0x0000000081d00000| Untracked 
|  29|0x0000000081d00000, 0x0000000081e00000, 0x0000000081e00000|100%| O|  |TAMS 0x0000000081e00000, 0x0000000081e00000| Untracked 
|  30|0x0000000081e00000, 0x0000000081f00000, 0x0000000081f00000|100%| O|  |TAMS 0x0000000081f00000, 0x0000000081f00000| Untracked 
|  31|0x0000000081f00000, 0x0000000082000000, 0x0000000082000000|100%| O|  |TAMS 0x0000000082000000, 0x0000000082000000| Untracked 
|  32|0x0000000082000000, 0x0000000082100000, 0x0000000082100000|100%| O|  |TAMS 0x0000000082100000, 0x0000000082100000| Untracked 
|  33|0x0000000082100000, 0x0000000082200000, 0x0000000082200000|100%| O|  |TAMS 0x0000000082200000, 0x0000000082200000| Untracked 
|  34|0x0000000082200000, 0x0000000082300000, 0x0000000082300000|100%| O|  |TAMS 0x0000000082300000, 0x0000000082300000| Untracked 
|  35|0x0000000082300000, 0x0000000082400000, 0x0000000082400000|100%| O|  |TAMS 0x0000000082400000, 0x0000000082400000| Untracked 
|  36|0x0000000082400000, 0x0000000082500000, 0x0000000082500000|100%| O|  |TAMS 0x0000000082500000, 0x0000000082500000| Untracked 
|  37|0x0000000082500000, 0x0000000082600000, 0x0000000082600000|100%| O|  |TAMS 0x0000000082600000, 0x0000000082600000| Untracked 
|  38|0x0000000082600000, 0x0000000082700000, 0x0000000082700000|100%| O|  |TAMS 0x0000000082700000, 0x0000000082700000| Untracked 
|  39|0x0000000082700000, 0x0000000082800000, 0x0000000082800000|100%| O|  |TAMS 0x0000000082800000, 0x0000000082800000| Untracked 
|  40|0x0000000082800000, 0x0000000082900000, 0x0000000082900000|100%| O|  |TAMS 0x0000000082900000, 0x0000000082900000| Untracked 
|  41|0x0000000082900000, 0x0000000082a00000, 0x0000000082a00000|100%| O|  |TAMS 0x0000000082a00000, 0x0000000082a00000| Untracked 
|  42|0x0000000082a00000, 0x0000000082b00000, 0x0000000082b00000|100%| O|  |TAMS 0x0000000082b00000, 0x0000000082b00000| Untracked 
|  43|0x0000000082b00000, 0x0000000082c00000, 0x0000000082c00000|100%|HS|  |TAMS 0x0000000082c00000, 0x0000000082c00000| Complete 
|  44|0x0000000082c00000, 0x0000000082d00000, 0x0000000082d00000|100%| O|  |TAMS 0x0000000082d00000, 0x0000000082d00000| Untracked 
|  45|0x0000000082d00000, 0x0000000082e00000, 0x0000000082e00000|100%| O|  |TAMS 0x0000000082e00000, 0x0000000082e00000| Untracked 
|  46|0x0000000082e00000, 0x0000000082f00000, 0x0000000082f00000|100%| O|  |TAMS 0x0000000082f00000, 0x0000000082f00000| Untracked 
|  47|0x0000000082f00000, 0x0000000083000000, 0x0000000083000000|100%| O|  |TAMS 0x0000000083000000, 0x0000000083000000| Untracked 
|  48|0x0000000083000000, 0x0000000083100000, 0x0000000083100000|100%| O|  |TAMS 0x0000000083000000, 0x0000000083100000| Untracked 
|  49|0x0000000083100000, 0x0000000083200000, 0x0000000083200000|100%| O|  |TAMS 0x0000000083200000, 0x0000000083200000| Untracked 
|  50|0x0000000083200000, 0x0000000083300000, 0x0000000083300000|100%| O|  |TAMS 0x0000000083300000, 0x0000000083300000| Untracked 
|  51|0x0000000083300000, 0x0000000083400000, 0x0000000083400000|100%| O|  |TAMS 0x0000000083400000, 0x0000000083400000| Untracked 
|  52|0x0000000083400000, 0x0000000083500000, 0x0000000083500000|100%|HS|  |TAMS 0x0000000083500000, 0x0000000083500000| Complete 
|  53|0x0000000083500000, 0x0000000083600000, 0x0000000083600000|100%|HC|  |TAMS 0x0000000083600000, 0x0000000083600000| Complete 
|  54|0x0000000083600000, 0x0000000083700000, 0x0000000083700000|100%|HC|  |TAMS 0x0000000083700000, 0x0000000083700000| Complete 
|  55|0x0000000083700000, 0x0000000083800000, 0x0000000083800000|100%|HC|  |TAMS 0x0000000083800000, 0x0000000083800000| Complete 
|  56|0x0000000083800000, 0x0000000083900000, 0x0000000083900000|100%|HC|  |TAMS 0x0000000083900000, 0x0000000083900000| Complete 
|  57|0x0000000083900000, 0x0000000083a00000, 0x0000000083a00000|100%|HC|  |TAMS 0x0000000083a00000, 0x0000000083a00000| Complete 
|  58|0x0000000083a00000, 0x0000000083b00000, 0x0000000083b00000|100%| O|  |TAMS 0x0000000083b00000, 0x0000000083b00000| Untracked 
|  59|0x0000000083b00000, 0x0000000083c00000, 0x0000000083c00000|100%| O|  |TAMS 0x0000000083c00000, 0x0000000083c00000| Untracked 
|  60|0x0000000083c00000, 0x0000000083d00000, 0x0000000083d00000|100%| O|  |TAMS 0x0000000083d00000, 0x0000000083d00000| Untracked 
|  61|0x0000000083d00000, 0x0000000083e00000, 0x0000000083e00000|100%| O|  |TAMS 0x0000000083e00000, 0x0000000083e00000| Untracked 
|  62|0x0000000083e00000, 0x0000000083f00000, 0x0000000083f00000|100%| O|  |TAMS 0x0000000083e87200, 0x0000000083f00000| Untracked 
|  63|0x0000000083f00000, 0x0000000084000000, 0x0000000084000000|100%| O|  |TAMS 0x0000000083f00000, 0x0000000084000000| Untracked 
|  64|0x0000000084000000, 0x0000000084100000, 0x0000000084100000|100%| O|  |TAMS 0x0000000084000000, 0x0000000084100000| Untracked 
|  65|0x0000000084100000, 0x000000008411b000, 0x0000000084200000| 10%| O|  |TAMS 0x0000000084100000, 0x000000008411b000| Untracked 
|  66|0x0000000084200000, 0x0000000084200000, 0x0000000084300000|  0%| F|  |TAMS 0x0000000084200000, 0x0000000084200000| Untracked 
|  67|0x0000000084300000, 0x0000000084300000, 0x0000000084400000|  0%| F|  |TAMS 0x0000000084300000, 0x0000000084300000| Untracked 
|  68|0x0000000084400000, 0x0000000084400000, 0x0000000084500000|  0%| F|  |TAMS 0x0000000084400000, 0x0000000084400000| Untracked 
|  69|0x0000000084500000, 0x0000000084500000, 0x0000000084600000|  0%| F|  |TAMS 0x0000000084500000, 0x0000000084500000| Untracked 
|  70|0x0000000084600000, 0x0000000084600000, 0x0000000084700000|  0%| F|  |TAMS 0x0000000084600000, 0x0000000084600000| Untracked 
|  71|0x0000000084700000, 0x0000000084700000, 0x0000000084800000|  0%| F|  |TAMS 0x0000000084700000, 0x0000000084700000| Untracked 
|  72|0x0000000084800000, 0x0000000084800000, 0x0000000084900000|  0%| F|  |TAMS 0x0000000084800000, 0x0000000084800000| Untracked 
|  73|0x0000000084900000, 0x0000000084900000, 0x0000000084a00000|  0%| F|  |TAMS 0x0000000084900000, 0x0000000084900000| Untracked 
|  74|0x0000000084a00000, 0x0000000084a00000, 0x0000000084b00000|  0%| F|  |TAMS 0x0000000084a00000, 0x0000000084a00000| Untracked 
|  75|0x0000000084b00000, 0x0000000084b00000, 0x0000000084c00000|  0%| F|  |TAMS 0x0000000084b00000, 0x0000000084b00000| Untracked 
|  76|0x0000000084c00000, 0x0000000084c00000, 0x0000000084d00000|  0%| F|  |TAMS 0x0000000084c00000, 0x0000000084c00000| Untracked 
|  77|0x0000000084d00000, 0x0000000084d00000, 0x0000000084e00000|  0%| F|  |TAMS 0x0000000084d00000, 0x0000000084d00000| Untracked 
|  78|0x0000000084e00000, 0x0000000084e00000, 0x0000000084f00000|  0%| F|  |TAMS 0x0000000084e00000, 0x0000000084e00000| Untracked 
|  79|0x0000000084f00000, 0x0000000084f00000, 0x0000000085000000|  0%| F|  |TAMS 0x0000000084f00000, 0x0000000084f00000| Untracked 
|  80|0x0000000085000000, 0x0000000085000000, 0x0000000085100000|  0%| F|  |TAMS 0x0000000085000000, 0x0000000085000000| Untracked 
|  81|0x0000000085100000, 0x0000000085100000, 0x0000000085200000|  0%| F|  |TAMS 0x0000000085100000, 0x0000000085100000| Untracked 
|  82|0x0000000085200000, 0x0000000085200000, 0x0000000085300000|  0%| F|  |TAMS 0x0000000085200000, 0x0000000085200000| Untracked 
|  83|0x0000000085300000, 0x000000008532b440, 0x0000000085400000| 16%| S|CS|TAMS 0x0000000085300000, 0x0000000085300000| Complete 
|  84|0x0000000085400000, 0x0000000085500000, 0x0000000085500000|100%| S|CS|TAMS 0x0000000085400000, 0x0000000085400000| Complete 
|  85|0x0000000085500000, 0x0000000085500000, 0x0000000085600000|  0%| F|  |TAMS 0x0000000085500000, 0x0000000085500000| Untracked 
|  86|0x0000000085600000, 0x0000000085600000, 0x0000000085700000|  0%| F|  |TAMS 0x0000000085600000, 0x0000000085600000| Untracked 
|  87|0x0000000085700000, 0x0000000085700000, 0x0000000085800000|  0%| F|  |TAMS 0x0000000085700000, 0x0000000085700000| Untracked 
|  88|0x0000000085800000, 0x0000000085800000, 0x0000000085900000|  0%| F|  |TAMS 0x0000000085800000, 0x0000000085800000| Untracked 
|  89|0x0000000085900000, 0x0000000085900000, 0x0000000085a00000|  0%| F|  |TAMS 0x0000000085900000, 0x0000000085900000| Untracked 
|  90|0x0000000085a00000, 0x0000000085a00000, 0x0000000085b00000|  0%| F|  |TAMS 0x0000000085a00000, 0x0000000085a00000| Untracked 
|  91|0x0000000085b00000, 0x0000000085b00000, 0x0000000085c00000|  0%| F|  |TAMS 0x0000000085b00000, 0x0000000085b00000| Untracked 
|  92|0x0000000085c00000, 0x0000000085c00000, 0x0000000085d00000|  0%| F|  |TAMS 0x0000000085c00000, 0x0000000085c00000| Untracked 
|  93|0x0000000085d00000, 0x0000000085d00000, 0x0000000085e00000|  0%| F|  |TAMS 0x0000000085d00000, 0x0000000085d00000| Untracked 
|  94|0x0000000085e00000, 0x0000000085e00000, 0x0000000085f00000|  0%| F|  |TAMS 0x0000000085e00000, 0x0000000085e00000| Untracked 
|  95|0x0000000085f00000, 0x0000000085f00000, 0x0000000086000000|  0%| F|  |TAMS 0x0000000085f00000, 0x0000000085f00000| Untracked 
|  96|0x0000000086000000, 0x0000000086000000, 0x0000000086100000|  0%| F|  |TAMS 0x0000000086000000, 0x0000000086000000| Untracked 
|  97|0x0000000086100000, 0x0000000086100000, 0x0000000086200000|  0%| F|  |TAMS 0x0000000086100000, 0x0000000086100000| Untracked 
|  98|0x0000000086200000, 0x0000000086200000, 0x0000000086300000|  0%| F|  |TAMS 0x0000000086200000, 0x0000000086200000| Untracked 
|  99|0x0000000086300000, 0x0000000086300000, 0x0000000086400000|  0%| F|  |TAMS 0x0000000086300000, 0x0000000086300000| Untracked 
| 100|0x0000000086400000, 0x0000000086400000, 0x0000000086500000|  0%| F|  |TAMS 0x0000000086400000, 0x0000000086400000| Untracked 
| 101|0x0000000086500000, 0x0000000086500000, 0x0000000086600000|  0%| F|  |TAMS 0x0000000086500000, 0x0000000086500000| Untracked 
| 102|0x0000000086600000, 0x0000000086600000, 0x0000000086700000|  0%| F|  |TAMS 0x0000000086600000, 0x0000000086600000| Untracked 
| 103|0x0000000086700000, 0x0000000086700000, 0x0000000086800000|  0%| F|  |TAMS 0x0000000086700000, 0x0000000086700000| Untracked 
| 104|0x0000000086800000, 0x0000000086800000, 0x0000000086900000|  0%| F|  |TAMS 0x0000000086800000, 0x0000000086800000| Untracked 
| 105|0x0000000086900000, 0x0000000086900000, 0x0000000086a00000|  0%| F|  |TAMS 0x0000000086900000, 0x0000000086900000| Untracked 
| 106|0x0000000086a00000, 0x0000000086a00000, 0x0000000086b00000|  0%| F|  |TAMS 0x0000000086a00000, 0x0000000086a00000| Untracked 
| 107|0x0000000086b00000, 0x0000000086b00000, 0x0000000086c00000|  0%| F|  |TAMS 0x0000000086b00000, 0x0000000086b00000| Untracked 
| 108|0x0000000086c00000, 0x0000000086c00000, 0x0000000086d00000|  0%| F|  |TAMS 0x0000000086c00000, 0x0000000086c00000| Untracked 
| 109|0x0000000086d00000, 0x0000000086d00000, 0x0000000086e00000|  0%| F|  |TAMS 0x0000000086d00000, 0x0000000086d00000| Untracked 
| 110|0x0000000086e00000, 0x0000000086e00000, 0x0000000086f00000|  0%| F|  |TAMS 0x0000000086e00000, 0x0000000086e00000| Untracked 
| 111|0x0000000086f00000, 0x0000000086f00000, 0x0000000087000000|  0%| F|  |TAMS 0x0000000086f00000, 0x0000000086f00000| Untracked 
| 112|0x0000000087000000, 0x0000000087000000, 0x0000000087100000|  0%| F|  |TAMS 0x0000000087000000, 0x0000000087000000| Untracked 
| 113|0x0000000087100000, 0x0000000087100000, 0x0000000087200000|  0%| F|  |TAMS 0x0000000087100000, 0x0000000087100000| Untracked 
| 114|0x0000000087200000, 0x0000000087200000, 0x0000000087300000|  0%| F|  |TAMS 0x0000000087200000, 0x0000000087200000| Untracked 
| 115|0x0000000087300000, 0x0000000087300000, 0x0000000087400000|  0%| F|  |TAMS 0x0000000087300000, 0x0000000087300000| Untracked 
| 116|0x0000000087400000, 0x0000000087400000, 0x0000000087500000|  0%| F|  |TAMS 0x0000000087400000, 0x0000000087400000| Untracked 
| 117|0x0000000087500000, 0x0000000087500000, 0x0000000087600000|  0%| F|  |TAMS 0x0000000087500000, 0x0000000087500000| Untracked 
| 118|0x0000000087600000, 0x0000000087600000, 0x0000000087700000|  0%| F|  |TAMS 0x0000000087600000, 0x0000000087600000| Untracked 
| 119|0x0000000087700000, 0x0000000087700000, 0x0000000087800000|  0%| F|  |TAMS 0x0000000087700000, 0x0000000087700000| Untracked 
| 120|0x0000000087800000, 0x0000000087800000, 0x0000000087900000|  0%| F|  |TAMS 0x0000000087800000, 0x0000000087800000| Untracked 
| 121|0x0000000087900000, 0x0000000087900000, 0x0000000087a00000|  0%| F|  |TAMS 0x0000000087900000, 0x0000000087900000| Untracked 
| 122|0x0000000087a00000, 0x0000000087a00000, 0x0000000087b00000|  0%| F|  |TAMS 0x0000000087a00000, 0x0000000087a00000| Untracked 
| 123|0x0000000087b00000, 0x0000000087b00000, 0x0000000087c00000|  0%| F|  |TAMS 0x0000000087b00000, 0x0000000087b00000| Untracked 
| 124|0x0000000087c00000, 0x0000000087c00000, 0x0000000087d00000|  0%| F|  |TAMS 0x0000000087c00000, 0x0000000087c00000| Untracked 
| 125|0x0000000087d00000, 0x0000000087d00000, 0x0000000087e00000|  0%| F|  |TAMS 0x0000000087d00000, 0x0000000087d00000| Untracked 
| 126|0x0000000087e00000, 0x0000000087e00000, 0x0000000087f00000|  0%| F|  |TAMS 0x0000000087e00000, 0x0000000087e00000| Untracked 
| 127|0x0000000087f00000, 0x0000000087f00000, 0x0000000088000000|  0%| F|  |TAMS 0x0000000087f00000, 0x0000000087f00000| Untracked 
| 128|0x0000000088000000, 0x0000000088000000, 0x0000000088100000|  0%| F|  |TAMS 0x0000000088000000, 0x0000000088000000| Untracked 
| 129|0x0000000088100000, 0x0000000088100000, 0x0000000088200000|  0%| F|  |TAMS 0x0000000088100000, 0x0000000088100000| Untracked 
| 130|0x0000000088200000, 0x0000000088200000, 0x0000000088300000|  0%| F|  |TAMS 0x0000000088200000, 0x0000000088200000| Untracked 
| 131|0x0000000088300000, 0x0000000088300000, 0x0000000088400000|  0%| F|  |TAMS 0x0000000088300000, 0x0000000088300000| Untracked 
| 132|0x0000000088400000, 0x0000000088400000, 0x0000000088500000|  0%| F|  |TAMS 0x0000000088400000, 0x0000000088400000| Untracked 
| 133|0x0000000088500000, 0x0000000088500000, 0x0000000088600000|  0%| F|  |TAMS 0x0000000088500000, 0x0000000088500000| Untracked 
| 134|0x0000000088600000, 0x0000000088600000, 0x0000000088700000|  0%| F|  |TAMS 0x0000000088600000, 0x0000000088600000| Untracked 
| 135|0x0000000088700000, 0x0000000088700000, 0x0000000088800000|  0%| F|  |TAMS 0x0000000088700000, 0x0000000088700000| Untracked 
| 136|0x0000000088800000, 0x0000000088800000, 0x0000000088900000|  0%| F|  |TAMS 0x0000000088800000, 0x0000000088800000| Untracked 
| 137|0x0000000088900000, 0x0000000088900000, 0x0000000088a00000|  0%| F|  |TAMS 0x0000000088900000, 0x0000000088900000| Untracked 
| 138|0x0000000088a00000, 0x0000000088a00000, 0x0000000088b00000|  0%| F|  |TAMS 0x0000000088a00000, 0x0000000088a00000| Untracked 
| 139|0x0000000088b00000, 0x0000000088b00000, 0x0000000088c00000|  0%| F|  |TAMS 0x0000000088b00000, 0x0000000088b00000| Untracked 
| 140|0x0000000088c00000, 0x0000000088c00000, 0x0000000088d00000|  0%| F|  |TAMS 0x0000000088c00000, 0x0000000088c00000| Untracked 
| 141|0x0000000088d00000, 0x0000000088d00000, 0x0000000088e00000|  0%| F|  |TAMS 0x0000000088d00000, 0x0000000088d00000| Untracked 
| 251|0x000000008fb00000, 0x000000008fb00000, 0x000000008fc00000|  0%| F|  |TAMS 0x000000008fb00000, 0x000000008fb00000| Untracked 

Card table byte_map: [0x000002009ee00000,0x000002009f200000] _byte_map_base: 0x000002009ea00000

Marking Bits (Prev, Next): (CMBitMap*) 0x00000200871bf050, (CMBitMap*) 0x00000200871bf090
 Prev Bits: [0x000002009f600000, 0x00000200a1600000)
 Next Bits: [0x00000200a1600000, 0x00000200a3600000)

Polling page: 0x0000020085890000

Metaspace:

Usage:
  Non-class:     65.69 MB used.
      Class:     10.31 MB used.
       Both:     76.00 MB used.

Virtual space:
  Non-class space:      128.00 MB reserved,      66.00 MB ( 52%) committed,  2 nodes.
      Class space:        1.00 GB reserved,      10.62 MB (  1%) committed,  1 nodes.
             Both:        1.12 GB reserved,      76.62 MB (  7%) committed. 

Chunk freelists:
   Non-Class:  13.08 MB
       Class:  5.20 MB
        Both:  18.28 MB

MaxMetaspaceSize: unlimited
CompressedClassSpaceSize: 1.00 GB
Initial GC threshold: 21.00 MB
Current GC threshold: 121.19 MB
CDS: on
MetaspaceReclaimPolicy: balanced
 - commit_granule_bytes: 65536.
 - commit_granule_words: 8192.
 - virtual_space_node_default_size: 8388608.
 - enlarge_chunks_in_place: 1.
 - new_chunks_are_fully_committed: 0.
 - uncommit_free_chunks: 1.
 - use_allocation_guard: 0.
 - handle_deallocations: 1.


Internal statistics:

num_allocs_failed_limit: 9.
num_arena_births: 760.
num_arena_deaths: 0.
num_vsnodes_births: 3.
num_vsnodes_deaths: 0.
num_space_committed: 1224.
num_space_uncommitted: 0.
num_chunks_returned_to_freelist: 9.
num_chunks_taken_from_freelist: 3620.
num_chunk_merges: 9.
num_chunk_splits: 2698.
num_chunks_enlarged: 2158.
num_inconsistent_stats: 0.

CodeHeap 'non-profiled nmethods': size=120000Kb used=3060Kb max_used=3060Kb free=116939Kb
 bounds [0x0000020096850000, 0x0000020096b50000, 0x000002009dd80000]
CodeHeap 'profiled nmethods': size=120000Kb used=11377Kb max_used=11377Kb free=108622Kb
 bounds [0x000002008ed80000, 0x000002008f8a0000, 0x00000200962b0000]
CodeHeap 'non-nmethods': size=5760Kb used=2405Kb max_used=2422Kb free=3354Kb
 bounds [0x00000200962b0000, 0x0000020096520000, 0x0000020096850000]
 total_blobs=6525 nmethods=5584 adapters=853
 compilation: enabled
              stopped_count=0, restarted_count=0
 full_count=0

Compilation events (20 events):
Event: 13.690 Thread 0x00000200a62c00d0 6341       2       org.jetbrains.kotlin.serialization.deserialization.descriptors.DeserializedPackageMemberScope::getContributedClassifier (26 bytes)
Event: 13.691 Thread 0x00000200a62c00d0 nmethod 6341 0x000002008f895210 code [0x000002008f8954e0, 0x000002008f895cd8]
Event: 13.691 Thread 0x00000200a62c00d0 6342       2       org.jetbrains.kotlin.serialization.deserialization.descriptors.DeserializedPackageMemberScope::recordLookup (33 bytes)
Event: 13.692 Thread 0x00000200a62c00d0 nmethod 6342 0x000002008f896210 code [0x000002008f896440, 0x000002008f8968e8]
Event: 13.692 Thread 0x00000200a62c00d0 6343       2       org.jetbrains.kotlin.serialization.deserialization.descriptors.DeserializedMemberScope::getContributedClassifier (63 bytes)
Event: 13.695 Thread 0x00000200a62c00d0 nmethod 6343 0x000002008f896c10 code [0x000002008f896ee0, 0x000002008f8977d8]
Event: 13.695 Thread 0x00000200a62c00d0 6347       2       org.jetbrains.kotlin.com.intellij.openapi.vfs.VirtualFile::findFileByRelativePath (145 bytes)
Event: 13.697 Thread 0x00000200a62c00d0 nmethod 6347 0x000002008f897d90 code [0x000002008f897fe0, 0x000002008f898538]
Event: 13.697 Thread 0x00000200a62c00d0 6344       2       org.jetbrains.kotlin.serialization.deserialization.descriptors.DeserializedPackageMemberScope::hasClass (116 bytes)
Event: 13.699 Thread 0x00000200a62c00d0 nmethod 6344 0x000002008f898990 code [0x000002008f898cc0, 0x000002008f8997a8]
Event: 13.699 Thread 0x00000200a62c00d0 6345       2       org.jetbrains.kotlin.serialization.deserialization.descriptors.DeserializedMemberScope::hasClass (17 bytes)
Event: 13.700 Thread 0x00000200a62c00d0 nmethod 6345 0x000002008f899e90 code [0x000002008f89a120, 0x000002008f89a7d8]
Event: 13.700 Thread 0x00000200a62c00d0 6352       1       org.jetbrains.kotlin.types.SimpleTypeImpl::getConstructor (5 bytes)
Event: 13.701 Thread 0x00000200a62c00d0 nmethod 6352 0x0000020096b4cf90 code [0x0000020096b4d120, 0x0000020096b4d1f8]
Event: 13.713 Thread 0x00000200a62c00d0 6353       2       jdk.internal.loader.URLClassPath$1::next (59 bytes)
Event: 13.713 Thread 0x00000200a62c00d0 nmethod 6353 0x000002008f89ac90 code [0x000002008f89ae60, 0x000002008f89b138]
Event: 13.713 Thread 0x00000200a62c00d0 6354       2       java.io.InputStreamReader::read (11 bytes)
Event: 13.714 Thread 0x00000200a62c00d0 nmethod 6354 0x000002008f89b290 code [0x000002008f89b420, 0x000002008f89b548]
Event: 13.714 Thread 0x00000200a62c00d0 6355   !   2       sun.nio.cs.StreamDecoder::read (220 bytes)
Event: 13.715 Thread 0x00000200a62c00d0 nmethod 6355 0x000002008f89b610 code [0x000002008f89b840, 0x000002008f89bf88]

GC Heap History (20 events):
Event: 11.335 GC heap after
{Heap after GC invocations=18 (full 0):
 garbage-first heap   total 103424K, used 52097K [0x0000000080000000, 0x0000000100000000)
  region size 1024K, 2 young (2048K), 2 survivors (2048K)
 Metaspace       used 62713K, committed 63360K, reserved 1114112K
  class space    used 8906K, committed 9216K, reserved 1048576K
}
Event: 11.438 GC heap before
{Heap before GC invocations=18 (full 0):
 garbage-first heap   total 103424K, used 58241K [0x0000000080000000, 0x0000000100000000)
  region size 1024K, 9 young (9216K), 2 survivors (2048K)
 Metaspace       used 63352K, committed 64000K, reserved 1114112K
  class space    used 8976K, committed 9280K, reserved 1048576K
}
Event: 11.440 GC heap after
{Heap after GC invocations=19 (full 0):
 garbage-first heap   total 103424K, used 52434K [0x0000000080000000, 0x0000000100000000)
  region size 1024K, 2 young (2048K), 2 survivors (2048K)
 Metaspace       used 63352K, committed 64000K, reserved 1114112K
  class space    used 8976K, committed 9280K, reserved 1048576K
}
Event: 11.827 GC heap before
{Heap before GC invocations=20 (full 0):
 garbage-first heap   total 103424K, used 84178K [0x0000000080000000, 0x0000000100000000)
  region size 1024K, 26 young (26624K), 2 survivors (2048K)
 Metaspace       used 65679K, committed 66368K, reserved 1114112K
  class space    used 9225K, committed 9536K, reserved 1048576K
}
Event: 11.830 GC heap after
{Heap after GC invocations=21 (full 0):
 garbage-first heap   total 103424K, used 61468K [0x0000000080000000, 0x0000000100000000)
  region size 1024K, 4 young (4096K), 4 survivors (4096K)
 Metaspace       used 65679K, committed 66368K, reserved 1114112K
  class space    used 9225K, committed 9536K, reserved 1048576K
}
Event: 11.852 GC heap before
{Heap before GC invocations=21 (full 0):
 garbage-first heap   total 103424K, used 62492K [0x0000000080000000, 0x0000000100000000)
  region size 1024K, 5 young (5120K), 4 survivors (4096K)
 Metaspace       used 65802K, committed 66496K, reserved 1114112K
  class space    used 9232K, committed 9536K, reserved 1048576K
}
Event: 11.855 GC heap after
{Heap after GC invocations=22 (full 0):
 garbage-first heap   total 103424K, used 61339K [0x0000000080000000, 0x0000000100000000)
  region size 1024K, 1 young (1024K), 1 survivors (1024K)
 Metaspace       used 65802K, committed 66496K, reserved 1114112K
  class space    used 9232K, committed 9536K, reserved 1048576K
}
Event: 12.115 GC heap before
{Heap before GC invocations=22 (full 0):
 garbage-first heap   total 103424K, used 79771K [0x0000000080000000, 0x0000000100000000)
  region size 1024K, 20 young (20480K), 1 survivors (1024K)
 Metaspace       used 68267K, committed 68928K, reserved 1114112K
  class space    used 9407K, committed 9728K, reserved 1048576K
}
Event: 12.117 GC heap after
{Heap after GC invocations=23 (full 0):
 garbage-first heap   total 103424K, used 62225K [0x0000000080000000, 0x0000000100000000)
  region size 1024K, 2 young (2048K), 2 survivors (2048K)
 Metaspace       used 68267K, committed 68928K, reserved 1114112K
  class space    used 9407K, committed 9728K, reserved 1048576K
}
Event: 12.465 GC heap before
{Heap before GC invocations=24 (full 0):
 garbage-first heap   total 109568K, used 81681K [0x0000000080000000, 0x0000000100000000)
  region size 1024K, 21 young (21504K), 2 survivors (2048K)
 Metaspace       used 70432K, committed 71104K, reserved 1114112K
  class space    used 9638K, committed 9984K, reserved 1048576K
}
Event: 12.467 GC heap after
{Heap after GC invocations=25 (full 0):
 garbage-first heap   total 109568K, used 63246K [0x0000000080000000, 0x0000000100000000)
  region size 1024K, 3 young (3072K), 3 survivors (3072K)
 Metaspace       used 70432K, committed 71104K, reserved 1114112K
  class space    used 9638K, committed 9984K, reserved 1048576K
}
Event: 12.514 GC heap before
{Heap before GC invocations=25 (full 0):
 garbage-first heap   total 109568K, used 64270K [0x0000000080000000, 0x0000000100000000)
  region size 1024K, 5 young (5120K), 3 survivors (3072K)
 Metaspace       used 70785K, committed 71424K, reserved 1114112K
  class space    used 9676K, committed 9984K, reserved 1048576K
}
Event: 12.517 GC heap after
{Heap after GC invocations=26 (full 0):
 garbage-first heap   total 109568K, used 63045K [0x0000000080000000, 0x0000000100000000)
  region size 1024K, 1 young (1024K), 1 survivors (1024K)
 Metaspace       used 70785K, committed 71424K, reserved 1114112K
  class space    used 9676K, committed 9984K, reserved 1048576K
}
Event: 13.004 GC heap before
{Heap before GC invocations=26 (full 0):
 garbage-first heap   total 109568K, used 86597K [0x0000000080000000, 0x0000000100000000)
  region size 1024K, 25 young (25600K), 1 survivors (1024K)
 Metaspace       used 73634K, committed 74368K, reserved 1114112K
  class space    used 10031K, committed 10368K, reserved 1048576K
}
Event: 13.007 GC heap after
{Heap after GC invocations=27 (full 0):
 garbage-first heap   total 109568K, used 64512K [0x0000000080000000, 0x0000000100000000)
  region size 1024K, 2 young (2048K), 2 survivors (2048K)
 Metaspace       used 73634K, committed 74368K, reserved 1114112K
  class space    used 10031K, committed 10368K, reserved 1048576K
}
Event: 13.489 GC heap before
{Heap before GC invocations=28 (full 0):
 garbage-first heap   total 114688K, used 87040K [0x0000000080000000, 0x0000000100000000)
  region size 1024K, 25 young (25600K), 2 survivors (2048K)
 Metaspace       used 77074K, committed 77696K, reserved 1179648K
  class space    used 10499K, committed 10816K, reserved 1048576K
}
Event: 13.492 GC heap after
{Heap after GC invocations=29 (full 0):
 garbage-first heap   total 114688K, used 65942K [0x0000000080000000, 0x0000000100000000)
  region size 1024K, 4 young (4096K), 4 survivors (4096K)
 Metaspace       used 77074K, committed 77696K, reserved 1179648K
  class space    used 10499K, committed 10816K, reserved 1048576K
}
Event: 13.516 GC heap before
{Heap before GC invocations=29 (full 0):
 garbage-first heap   total 114688K, used 66966K [0x0000000080000000, 0x0000000100000000)
  region size 1024K, 5 young (5120K), 4 survivors (4096K)
 Metaspace       used 77211K, committed 77824K, reserved 1179648K
  class space    used 10512K, committed 10816K, reserved 1048576K
}
Event: 13.520 GC heap after
{Heap after GC invocations=30 (full 0):
 garbage-first heap   total 114688K, used 66072K [0x0000000080000000, 0x0000000100000000)
  region size 1024K, 1 young (1024K), 1 survivors (1024K)
 Metaspace       used 77211K, committed 77824K, reserved 1179648K
  class space    used 10512K, committed 10816K, reserved 1048576K
}
Event: 13.730 GC heap before
{Heap before GC invocations=30 (full 0):
 garbage-first heap   total 114688K, used 93720K [0x0000000080000000, 0x0000000100000000)
  region size 1024K, 27 young (27648K), 1 survivors (1024K)
 Metaspace       used 77825K, committed 78464K, reserved 1179648K
  class space    used 10560K, committed 10880K, reserved 1048576K
}

Dll operation events (15 events):
Event: 0.013 Loaded shared library C:\Program Files\Eclipse Adoptium\jdk-17.0.15.6-hotspot\bin\java.dll
Event: 0.040 Loaded shared library C:\Program Files\Eclipse Adoptium\jdk-17.0.15.6-hotspot\bin\jsvml.dll
Event: 0.129 Loaded shared library C:\Program Files\Eclipse Adoptium\jdk-17.0.15.6-hotspot\bin\zip.dll
Event: 0.134 Loaded shared library C:\Program Files\Eclipse Adoptium\jdk-17.0.15.6-hotspot\bin\instrument.dll
Event: 0.140 Loaded shared library C:\Program Files\Eclipse Adoptium\jdk-17.0.15.6-hotspot\bin\net.dll
Event: 0.143 Loaded shared library C:\Program Files\Eclipse Adoptium\jdk-17.0.15.6-hotspot\bin\nio.dll
Event: 0.147 Loaded shared library C:\Program Files\Eclipse Adoptium\jdk-17.0.15.6-hotspot\bin\zip.dll
Event: 0.715 Loaded shared library C:\Program Files\Eclipse Adoptium\jdk-17.0.15.6-hotspot\bin\jimage.dll
Event: 1.033 Loaded shared library C:\Program Files\Eclipse Adoptium\jdk-17.0.15.6-hotspot\bin\verify.dll
Event: 1.271 Loaded shared library C:\Users\Farate\.gradle\native\c067742578af261105cb4f569cf0c3c89f3d7b1fecec35dd04571415982c5e48\windows-amd64\native-platform.dll
Event: 1.277 Loaded shared library C:\Users\Farate\.gradle\native\100fb08df4bc3b14c8652ba06237920a3bd2aa13389f12d3474272988ae205f9\windows-amd64\native-platform-file-events.dll
Event: 2.990 Loaded shared library C:\Program Files\Eclipse Adoptium\jdk-17.0.15.6-hotspot\bin\management.dll
Event: 2.995 Loaded shared library C:\Program Files\Eclipse Adoptium\jdk-17.0.15.6-hotspot\bin\management_ext.dll
Event: 3.247 Loaded shared library C:\Program Files\Eclipse Adoptium\jdk-17.0.15.6-hotspot\bin\extnet.dll
Event: 3.702 Loaded shared library C:\Program Files\Eclipse Adoptium\jdk-17.0.15.6-hotspot\bin\sunmscapi.dll

Deoptimization events (20 events):
Event: 12.748 Thread 0x00000200ed3b4720 Uncommon trap: trap_request=0xffffffc6 fr.pc=0x0000020096981bec relative=0x000000000000058c
Event: 12.748 Thread 0x00000200ed3b4720 Uncommon trap: reason=bimorphic_or_optimized_type_check action=maybe_recompile pc=0x0000020096981bec method=org.jetbrains.kotlin.protobuf.CodedInputStream.tryRefillBuffer(I)Z @ 177 c2
Event: 12.748 Thread 0x00000200ed3b4720 DEOPT PACKING pc=0x0000020096981bec sp=0x00000063876f5ab0
Event: 12.748 Thread 0x00000200ed3b4720 DEOPT UNPACKING pc=0x00000200963069a3 sp=0x00000063876f5998 mode 2
Event: 12.756 Thread 0x00000200ed3b4720 Uncommon trap: trap_request=0xffffff45 fr.pc=0x0000020096a1d3ac relative=0x000000000000058c
Event: 12.756 Thread 0x00000200ed3b4720 Uncommon trap: reason=unstable_if action=reinterpret pc=0x0000020096a1d3ac method=org.jetbrains.org.objectweb.asm.ClassReader.readUtf(II[C)Ljava/lang/String; @ 41 c2
Event: 12.756 Thread 0x00000200ed3b4720 DEOPT PACKING pc=0x0000020096a1d3ac sp=0x00000063876f5030
Event: 12.756 Thread 0x00000200ed3b4720 DEOPT UNPACKING pc=0x00000200963069a3 sp=0x00000063876f4fd8 mode 2
Event: 12.756 Thread 0x00000200ed3b4720 Uncommon trap: trap_request=0xffffffc6 fr.pc=0x0000020096981060 relative=0x0000000000000300
Event: 12.756 Thread 0x00000200ed3b4720 Uncommon trap: reason=bimorphic_or_optimized_type_check action=maybe_recompile pc=0x0000020096981060 method=org.jetbrains.kotlin.protobuf.CodedInputStream.tryRefillBuffer(I)Z @ 177 c2
Event: 12.756 Thread 0x00000200ed3b4720 DEOPT PACKING pc=0x0000020096981060 sp=0x00000063876f5390
Event: 12.756 Thread 0x00000200ed3b4720 DEOPT UNPACKING pc=0x00000200963069a3 sp=0x00000063876f52c8 mode 2
Event: 13.328 Thread 0x00000200ed3b4720 Uncommon trap: trap_request=0xffffff45 fr.pc=0x000002009691945c relative=0x00000000000006bc
Event: 13.328 Thread 0x00000200ed3b4720 Uncommon trap: reason=unstable_if action=reinterpret pc=0x000002009691945c method=java.util.regex.Pattern.atom()Ljava/util/regex/Pattern$Node; @ 14 c2
Event: 13.328 Thread 0x00000200ed3b4720 DEOPT PACKING pc=0x000002009691945c sp=0x00000063876f32c0
Event: 13.328 Thread 0x00000200ed3b4720 DEOPT UNPACKING pc=0x00000200963069a3 sp=0x00000063876f3298 mode 2
Event: 13.411 Thread 0x00000200ed3b4720 Uncommon trap: trap_request=0xffffff45 fr.pc=0x00000200969983d4 relative=0x00000000000000b4
Event: 13.411 Thread 0x00000200ed3b4720 Uncommon trap: reason=unstable_if action=reinterpret pc=0x00000200969983d4 method=java.text.StringCharacterIterator.current()C @ 19 c2
Event: 13.411 Thread 0x00000200ed3b4720 DEOPT PACKING pc=0x00000200969983d4 sp=0x00000063876f36b0
Event: 13.411 Thread 0x00000200ed3b4720 DEOPT UNPACKING pc=0x00000200963069a3 sp=0x00000063876f3648 mode 2

Classes loaded (20 events):
Event: 12.914 Loading class java/util/AbstractList$ListItr
Event: 12.914 Loading class java/util/AbstractList$ListItr done
Event: 13.220 Loading class java/util/function/IntUnaryOperator
Event: 13.220 Loading class java/util/function/IntUnaryOperator done
Event: 13.296 Loading class java/util/AbstractList$SubList
Event: 13.296 Loading class java/util/AbstractList$SubList done
Event: 13.296 Loading class java/util/AbstractList$SubList$1
Event: 13.296 Loading class java/util/AbstractList$SubList$1 done
Event: 13.450 Loading class java/util/EnumMap$EntrySet
Event: 13.450 Loading class java/util/EnumMap$EntrySet done
Event: 13.450 Loading class java/util/EnumMap$EntryIterator
Event: 13.450 Loading class java/util/EnumMap$EnumMapIterator
Event: 13.451 Loading class java/util/EnumMap$EnumMapIterator done
Event: 13.451 Loading class java/util/EnumMap$EntryIterator done
Event: 13.451 Loading class java/util/EnumMap$EntryIterator$Entry
Event: 13.451 Loading class java/util/EnumMap$EntryIterator$Entry done
Event: 13.669 Loading class java/util/concurrent/LinkedBlockingDeque$Itr
Event: 13.669 Loading class java/util/concurrent/LinkedBlockingDeque$AbstractItr
Event: 13.670 Loading class java/util/concurrent/LinkedBlockingDeque$AbstractItr done
Event: 13.670 Loading class java/util/concurrent/LinkedBlockingDeque$Itr done

Classes unloaded (0 events):
No events

Classes redefined (0 events):
No events

Internal exceptions (20 events):
Event: 9.311 Thread 0x00000200ed3b4720 Exception <a 'java/lang/NoSuchMethodError'{0x0000000085634748}: 'java.lang.Object java.lang.invoke.DirectMethodHandle$Holder.invokeSpecial(java.lang.Object, java.lang.Object, java.lang.Object, java.lang.Object, long)'> (0x0000000085634748) 
thrown [s\src\hotspot\share\interpreter\linkResolver.cpp, line 759]
Event: 9.312 Thread 0x00000200ed3b4720 Exception <a 'java/lang/NoSuchMethodError'{0x0000000085644bc0}: 'int java.lang.invoke.DelegatingMethodHandle$Holder.reinvoke_L(java.lang.Object, java.lang.Object, java.lang.Object, long, java.lang.Object, java.lang.Object)'> (0x0000000085644bc0) 
thrown [s\src\hotspot\share\interpreter\linkResolver.cpp, line 759]
Event: 9.314 Thread 0x00000200ed3b4720 Exception <a 'java/lang/NoSuchMethodError'{0x0000000085654980}: 'int java.lang.invoke.DelegatingMethodHandle$Holder.reinvoke_L(java.lang.Object, java.lang.Object, java.lang.Object, long, int, int)'> (0x0000000085654980) 
thrown [s\src\hotspot\share\interpreter\linkResolver.cpp, line 759]
Event: 9.314 Thread 0x00000200ed3b4720 Exception <a 'java/lang/NoSuchMethodError'{0x00000000856644e8}: 'int java.lang.invoke.DelegatingMethodHandle$Holder.reinvoke_L(java.lang.Object, java.lang.Object, java.lang.Object, long, long, long)'> (0x00000000856644e8) 
thrown [s\src\hotspot\share\interpreter\linkResolver.cpp, line 759]
Event: 9.316 Thread 0x00000200ed3b4720 Exception <a 'java/lang/NoSuchMethodError'{0x0000000085673d38}: 'int java.lang.invoke.DelegatingMethodHandle$Holder.reinvoke_L(java.lang.Object, java.lang.Object, java.lang.Object, long, int)'> (0x0000000085673d38) 
thrown [s\src\hotspot\share\interpreter\linkResolver.cpp, line 759]
Event: 9.317 Thread 0x00000200ed3b4720 Exception <a 'java/lang/NoSuchMethodError'{0x000000008568cd38}: 'long java.lang.invoke.DelegatingMethodHandle$Holder.reinvoke_L(java.lang.Object, java.lang.Object, java.lang.Object, long)'> (0x000000008568cd38) 
thrown [s\src\hotspot\share\interpreter\linkResolver.cpp, line 759]
Event: 9.319 Thread 0x00000200ed3b4720 Exception <a 'java/lang/NoSuchMethodError'{0x00000000856a0ea0}: 'void java.lang.invoke.DelegatingMethodHandle$Holder.reinvoke_L(java.lang.Object, java.lang.Object, java.lang.Object, long, java.lang.Object, long, long)'> (0x00000000856a0ea0) 
thrown [s\src\hotspot\share\interpreter\linkResolver.cpp, line 759]
Event: 9.320 Thread 0x00000200ed3b4720 Exception <a 'java/lang/NoSuchMethodError'{0x00000000856a90b8}: 'long java.lang.invoke.Invokers$Holder.invokeExact_MT(java.lang.Object, java.lang.Object, java.lang.Object)'> (0x00000000856a90b8) 
thrown [s\src\hotspot\share\interpreter\linkResolver.cpp, line 759]
Event: 9.320 Thread 0x00000200ed3b4720 Exception <a 'java/lang/NoSuchMethodError'{0x00000000856adfb8}: 'int java.lang.invoke.Invokers$Holder.invokeExact_MT(java.lang.Object, java.lang.Object, java.lang.Object)'> (0x00000000856adfb8) 
thrown [s\src\hotspot\share\interpreter\linkResolver.cpp, line 759]
Event: 9.911 Thread 0x00000200ed3b4720 Exception <a 'java/lang/NoSuchMethodError'{0x0000000088a43b18}: 'java.lang.Object java.lang.invoke.DirectMethodHandle$Holder.invokeStatic(java.lang.Object, java.lang.Object, java.lang.Object, java.lang.Object, int, java.lang.Object)'> (0x0000000088a43b18) 
thrown [s\src\hotspot\share\interpreter\linkResolver.cpp, line 759]
Event: 10.441 Thread 0x00000200ed3b4720 Exception <a 'java/lang/NoSuchMethodError'{0x00000000848c0060}: 'java.lang.Object java.lang.invoke.Invokers$Holder.invokeExact_MT(java.lang.Object, java.lang.Object, long, java.lang.Object)'> (0x00000000848c0060) 
thrown [s\src\hotspot\share\interpreter\linkResolver.cpp, line 759]
Event: 10.505 Thread 0x00000200ed3b4720 Exception <a 'java/lang/NoSuchMethodError'{0x000000008450de58}: 'java.lang.Object java.lang.invoke.Invokers$Holder.invoke_MT(java.lang.Object, java.lang.Object, java.lang.Object)'> (0x000000008450de58) 
thrown [s\src\hotspot\share\interpreter\linkResolver.cpp, line 759]
Event: 10.861 Thread 0x00000200ed3b4720 Implicit null exception at 0x00000200969010ad to 0x0000020096902f8c
Event: 13.326 Thread 0x00000200ed3b4720 Exception <a 'java/lang/NoSuchMethodError'{0x0000000085f45e78}: 'java.lang.Object java.lang.invoke.DirectMethodHandle$Holder.invokeStatic(java.lang.Object, java.lang.Object, java.lang.Object, java.lang.Object, int)'> (0x0000000085f45e78) 
thrown [s\src\hotspot\share\interpreter\linkResolver.cpp, line 759]
Event: 13.525 Thread 0x00000200ed3b4720 Exception <a 'java/lang/NoSuchMethodError'{0x000000008fb338d0}: 'java.lang.Object java.lang.invoke.DirectMethodHandle$Holder.newInvokeSpecial(java.lang.Object, java.lang.Object, java.lang.Object, java.lang.Object, java.lang.Object, int, java.lang.Object)'> (0x000000008fb338d0) 
thrown [s\src\hotspot\share\interpreter\linkResolver.cpp, line 759]
Event: 13.525 Thread 0x00000200ed3b4720 Exception <a 'java/lang/NoSuchMethodError'{0x000000008fb3de28}: 'java.lang.Object java.lang.invoke.Invokers$Holder.linkToTargetMethod(java.lang.Object, java.lang.Object, java.lang.Object, java.lang.Object, int, java.lang.Object, java.lang.Object)'> (0x000000008fb3de28) 
thrown [s\src\hotspot\share\interpreter\linkResolver.cpp, line 759]
Event: 13.696 Thread 0x00000200ed3b4720 Exception <a 'java/lang/NoSuchMethodError'{0x00000000856c0ff8}: 'java.lang.Object java.lang.invoke.DirectMethodHandle$Holder.invokeStatic(java.lang.Object, java.lang.Object, java.lang.Object, java.lang.Object, int, java.lang.Object, java.lang.Object)'> (0x00000000856c0ff8) 
thrown [s\src\hotspot\share\interpreter\linkResolver.cpp, line 759]
Event: 13.697 Thread 0x00000200ed3b4720 Exception <a 'java/lang/NoSuchMethodError'{0x00000000856cb628}: 'java.lang.Object java.lang.invoke.DirectMethodHandle$Holder.newInvokeSpecial(java.lang.Object, java.lang.Object, java.lang.Object, java.lang.Object, int, java.lang.Object)'> (0x00000000856cb628) 
thrown [s\src\hotspot\share\interpreter\linkResolver.cpp, line 759]
Event: 13.697 Thread 0x00000200ed3b4720 Exception <a 'java/lang/NoSuchMethodError'{0x00000000856d0df8}: 'java.lang.Object java.lang.invoke.DirectMethodHandle$Holder.invokeSpecial(java.lang.Object, java.lang.Object, java.lang.Object, java.lang.Object, java.lang.Object, int, java.lang.Object)'> (0x00000000856d0df8) 
thrown [s\src\hotspot\share\interpreter\linkResolver.cpp, line 759]
Event: 13.698 Thread 0x00000200ed3b4720 Exception <a 'java/lang/NoSuchMethodError'{0x00000000856d5c18}: 'java.lang.Object java.lang.invoke.Invokers$Holder.linkToTargetMethod(java.lang.Object, java.lang.Object, java.lang.Object, int, java.lang.Object, java.lang.Object)'> (0x00000000856d5c18) 
thrown [s\src\hotspot\share\interpreter\linkResolver.cpp, line 759]

VM Operations (20 events):
Event: 13.047 Executing VM operation: G1PauseRemark done
Event: 13.065 Executing VM operation: G1PauseCleanup
Event: 13.066 Executing VM operation: G1PauseCleanup done
Event: 13.243 Executing VM operation: HandshakeAllThreads
Event: 13.243 Executing VM operation: HandshakeAllThreads done
Event: 13.249 Executing VM operation: HandshakeAllThreads
Event: 13.249 Executing VM operation: HandshakeAllThreads done
Event: 13.266 Executing VM operation: HandshakeAllThreads
Event: 13.266 Executing VM operation: HandshakeAllThreads done
Event: 13.391 Executing VM operation: HandshakeAllThreads
Event: 13.391 Executing VM operation: HandshakeAllThreads done
Event: 13.489 Executing VM operation: G1CollectForAllocation
Event: 13.492 Executing VM operation: G1CollectForAllocation done
Event: 13.516 Executing VM operation: G1CollectForAllocation
Event: 13.520 Executing VM operation: G1CollectForAllocation done
Event: 13.642 Executing VM operation: HandshakeAllThreads
Event: 13.642 Executing VM operation: HandshakeAllThreads done
Event: 13.693 Executing VM operation: HandshakeAllThreads
Event: 13.693 Executing VM operation: HandshakeAllThreads done
Event: 13.730 Executing VM operation: G1CollectForAllocation

Memory protections (0 events):
No events

Nmethod flushes (20 events):
Event: 8.129 Thread 0x00000200a62b8620 flushing  nmethod 0x000002008f511f10
Event: 8.129 Thread 0x00000200a62b8620 flushing  nmethod 0x000002008f512490
Event: 8.129 Thread 0x00000200a62b8620 flushing  nmethod 0x000002008f513190
Event: 8.129 Thread 0x00000200a62b8620 flushing  nmethod 0x000002008f513990
Event: 8.129 Thread 0x00000200a62b8620 flushing  nmethod 0x000002008f53a690
Event: 8.129 Thread 0x00000200a62b8620 flushing  nmethod 0x000002008f53b210
Event: 8.129 Thread 0x00000200a62b8620 flushing  nmethod 0x000002008f53b610
Event: 8.129 Thread 0x00000200a62b8620 flushing  nmethod 0x000002008f53be10
Event: 8.129 Thread 0x00000200a62b8620 flushing  nmethod 0x000002008f53c890
Event: 8.129 Thread 0x00000200a62b8620 flushing  nmethod 0x000002008f544b90
Event: 8.129 Thread 0x00000200a62b8620 flushing  nmethod 0x000002008f546090
Event: 8.129 Thread 0x00000200a62b8620 flushing  nmethod 0x000002008f546c10
Event: 8.129 Thread 0x00000200a62b8620 flushing  nmethod 0x000002008f547d10
Event: 8.129 Thread 0x00000200a62b8620 flushing  nmethod 0x000002008f562410
Event: 8.129 Thread 0x00000200a62b8620 flushing  nmethod 0x000002008f563b90
Event: 8.130 Thread 0x00000200a62b8620 flushing  nmethod 0x000002008f5bfc90
Event: 8.130 Thread 0x00000200a62b8620 flushing  nmethod 0x000002008f5d2690
Event: 8.130 Thread 0x00000200a62b8620 flushing  nmethod 0x000002008f5f3e10
Event: 8.130 Thread 0x00000200a62b8620 flushing  nmethod 0x000002008f5fde90
Event: 13.645 Thread 0x00000200a62b8620 flushing  nmethod 0x000002008eea7090

Events (20 events):
Event: 6.213 Thread 0x00000200ed3b4720 Thread added: 0x00000200f0854bb0
Event: 6.303 Thread 0x00000200ed3b4720 Thread added: 0x00000200f08550c0
Event: 6.474 Thread 0x00000200a62c00d0 Thread added: 0x00000200ed192610
Event: 7.867 Thread 0x00000200ed192610 Thread exited: 0x00000200ed192610
Event: 7.867 Thread 0x00000200ed1930b0 Thread exited: 0x00000200ed1930b0
Event: 7.944 Thread 0x00000200a62c00d0 Thread added: 0x00000200ed1930b0
Event: 8.969 Thread 0x00000200ed1930b0 Thread exited: 0x00000200ed1930b0
Event: 9.969 Thread 0x00000200a62c00d0 Thread added: 0x00000200ed1930b0
Event: 10.416 Thread 0x00000200ed1930b0 Thread exited: 0x00000200ed1930b0
Event: 10.678 Thread 0x00000200a62bd700 Thread added: 0x00000200ed1930b0
Event: 10.678 Thread 0x00000200a62bd700 Thread added: 0x00000200ed193b50
Event: 11.159 Thread 0x00000200ed193b50 Thread exited: 0x00000200ed193b50
Event: 11.280 Thread 0x00000200ed1930b0 Thread exited: 0x00000200ed1930b0
Event: 11.342 Thread 0x00000200a62c00d0 Thread added: 0x00000200ed1930b0
Event: 11.679 Thread 0x00000200ed1930b0 Thread exited: 0x00000200ed1930b0
Event: 12.281 Thread 0x00000200a62c00d0 Thread added: 0x00000200ed192610
Event: 12.493 Thread 0x00000200ed192610 Thread exited: 0x00000200ed192610
Event: 13.014 Thread 0x00000200a62c00d0 Thread added: 0x00000200a657aaf0
Event: 13.310 Thread 0x00000200a657aaf0 Thread exited: 0x00000200a657aaf0
Event: 13.616 Thread 0x00000200a62c00d0 Thread added: 0x00000200a6579b00


Dynamic libraries:
0x00007ff6948d0000 - 0x00007ff6948de000 	C:\Program Files\Eclipse Adoptium\jdk-17.0.15.6-hotspot\bin\java.exe
0x00007ffae1ea0000 - 0x00007ffae2103000 	C:\WINDOWS\SYSTEM32\ntdll.dll
0x00007ffae0d10000 - 0x00007ffae0dd8000 	C:\WINDOWS\System32\KERNEL32.DLL
0x00007ffadf5f0000 - 0x00007ffadf9a1000 	C:\WINDOWS\System32\KERNELBASE.dll
0x00007ffadfb40000 - 0x00007ffadfc8b000 	C:\WINDOWS\System32\ucrtbase.dll
0x00007ffac2190000 - 0x00007ffac21a7000 	C:\Program Files\Eclipse Adoptium\jdk-17.0.15.6-hotspot\bin\jli.dll
0x00007ffac2170000 - 0x00007ffac218e000 	C:\Program Files\Eclipse Adoptium\jdk-17.0.15.6-hotspot\bin\VCRUNTIME140.dll
0x00007ffae14f0000 - 0x00007ffae16b8000 	C:\WINDOWS\System32\USER32.dll
0x00007ffadf9b0000 - 0x00007ffadf9d7000 	C:\WINDOWS\System32\win32u.dll
0x00007ffae16c0000 - 0x00007ffae16ea000 	C:\WINDOWS\System32\GDI32.dll
0x00007ffadf410000 - 0x00007ffadf535000 	C:\WINDOWS\System32\gdi32full.dll
0x00007ffadf540000 - 0x00007ffadf5e3000 	C:\WINDOWS\System32\msvcp_win.dll
0x00007ffaba5f0000 - 0x00007ffaba880000 	C:\WINDOWS\WinSxS\amd64_microsoft.windows.common-controls_6595b64144ccf1df_6.0.26100.2161_none_3e0cadb0e33078e1\COMCTL32.dll
0x00007ffae1740000 - 0x00007ffae17e9000 	C:\WINDOWS\System32\msvcrt.dll
0x00007ffae0cd0000 - 0x00007ffae0cff000 	C:\WINDOWS\System32\IMM32.DLL
0x00007ffabec00000 - 0x00007ffabec0c000 	C:\Program Files\Eclipse Adoptium\jdk-17.0.15.6-hotspot\bin\vcruntime140_1.dll
0x00007ffab7df0000 - 0x00007ffab7e7d000 	C:\Program Files\Eclipse Adoptium\jdk-17.0.15.6-hotspot\bin\msvcp140.dll
0x00007ffa26e10000 - 0x00007ffa27a7b000 	C:\Program Files\Eclipse Adoptium\jdk-17.0.15.6-hotspot\bin\server\jvm.dll
0x00007ffae1be0000 - 0x00007ffae1c94000 	C:\WINDOWS\System32\ADVAPI32.dll
0x00007ffae1910000 - 0x00007ffae19b6000 	C:\WINDOWS\System32\sechost.dll
0x00007ffae17f0000 - 0x00007ffae1906000 	C:\WINDOWS\System32\RPCRT4.dll
0x00007ffadfdf0000 - 0x00007ffadfe64000 	C:\WINDOWS\System32\WS2_32.dll
0x00007ffacb9d0000 - 0x00007ffacba06000 	C:\WINDOWS\SYSTEM32\WINMM.dll
0x00007ffaddf50000 - 0x00007ffaddf9e000 	C:\WINDOWS\SYSTEM32\POWRPROF.dll
0x00007ffad4090000 - 0x00007ffad409b000 	C:\WINDOWS\SYSTEM32\VERSION.dll
0x00007ffaddf30000 - 0x00007ffaddf44000 	C:\WINDOWS\SYSTEM32\UMPDC.dll
0x00007ffade1f0000 - 0x00007ffade20a000 	C:\WINDOWS\SYSTEM32\kernel.appcore.dll
0x00007ffab7de0000 - 0x00007ffab7dea000 	C:\Program Files\Eclipse Adoptium\jdk-17.0.15.6-hotspot\bin\jimage.dll
0x00007ffadcb20000 - 0x00007ffadcd61000 	C:\WINDOWS\SYSTEM32\DBGHELP.DLL
0x00007ffae0950000 - 0x00007ffae0ccd000 	C:\WINDOWS\System32\combase.dll
0x00007ffadfd10000 - 0x00007ffadfde6000 	C:\WINDOWS\System32\OLEAUT32.dll
0x00007ffab5f80000 - 0x00007ffab5fb9000 	C:\WINDOWS\SYSTEM32\dbgcore.DLL
0x00007ffadf9e0000 - 0x00007ffadfa79000 	C:\WINDOWS\System32\bcryptPrimitives.dll
0x00007ffab7dd0000 - 0x00007ffab7dde000 	C:\Program Files\Eclipse Adoptium\jdk-17.0.15.6-hotspot\bin\instrument.dll
0x00007ffab0a20000 - 0x00007ffab0a45000 	C:\Program Files\Eclipse Adoptium\jdk-17.0.15.6-hotspot\bin\java.dll
0x00007ffa843f0000 - 0x00007ffa844c7000 	C:\Program Files\Eclipse Adoptium\jdk-17.0.15.6-hotspot\bin\jsvml.dll
0x00007ffae0de0000 - 0x00007ffae14df000 	C:\WINDOWS\System32\SHELL32.dll
0x00007ffadcfe0000 - 0x00007ffadd80d000 	C:\WINDOWS\SYSTEM32\windows.storage.dll
0x00007ffae0350000 - 0x00007ffae0423000 	C:\WINDOWS\System32\SHCORE.dll
0x00007ffae1af0000 - 0x00007ffae1b4d000 	C:\WINDOWS\System32\shlwapi.dll
0x00007ffadf1a0000 - 0x00007ffadf1ce000 	C:\WINDOWS\SYSTEM32\profapi.dll
0x00007ffab7db0000 - 0x00007ffab7dc8000 	C:\Program Files\Eclipse Adoptium\jdk-17.0.15.6-hotspot\bin\zip.dll
0x00007ffab0b90000 - 0x00007ffab0ba9000 	C:\Program Files\Eclipse Adoptium\jdk-17.0.15.6-hotspot\bin\net.dll
0x00007ffad8290000 - 0x00007ffad83b6000 	C:\WINDOWS\SYSTEM32\WINHTTP.dll
0x00007ffade6f0000 - 0x00007ffade758000 	C:\WINDOWS\system32\mswsock.dll
0x00007ffab0a00000 - 0x00007ffab0a16000 	C:\Program Files\Eclipse Adoptium\jdk-17.0.15.6-hotspot\bin\nio.dll
0x00007ffab6740000 - 0x00007ffab6750000 	C:\Program Files\Eclipse Adoptium\jdk-17.0.15.6-hotspot\bin\verify.dll
0x00007ffaca220000 - 0x00007ffaca247000 	C:\Users\Farate\.gradle\native\c067742578af261105cb4f569cf0c3c89f3d7b1fecec35dd04571415982c5e48\windows-amd64\native-platform.dll
0x00007ffaac470000 - 0x00007ffaac5b4000 	C:\Users\Farate\.gradle\native\100fb08df4bc3b14c8652ba06237920a3bd2aa13389f12d3474272988ae205f9\windows-amd64\native-platform-file-events.dll
0x00007ffab6550000 - 0x00007ffab655a000 	C:\Program Files\Eclipse Adoptium\jdk-17.0.15.6-hotspot\bin\management.dll
0x00007ffab5ff0000 - 0x00007ffab5ffb000 	C:\Program Files\Eclipse Adoptium\jdk-17.0.15.6-hotspot\bin\management_ext.dll
0x00007ffae1e40000 - 0x00007ffae1e48000 	C:\WINDOWS\System32\PSAPI.DLL
0x00007ffade990000 - 0x00007ffade9ac000 	C:\WINDOWS\SYSTEM32\CRYPTSP.dll
0x00007ffade150000 - 0x00007ffade188000 	C:\WINDOWS\system32\rsaenh.dll
0x00007ffade790000 - 0x00007ffade7bb000 	C:\WINDOWS\SYSTEM32\USERENV.dll
0x00007ffadebd0000 - 0x00007ffadebf6000 	C:\WINDOWS\SYSTEM32\bcrypt.dll
0x00007ffade9b0000 - 0x00007ffade9bc000 	C:\WINDOWS\SYSTEM32\CRYPTBASE.dll
0x00007ffaddbe0000 - 0x00007ffaddc11000 	C:\WINDOWS\SYSTEM32\IPHLPAPI.DLL
0x00007ffae1e50000 - 0x00007ffae1e5a000 	C:\WINDOWS\System32\NSI.dll
0x00007ffad8af0000 - 0x00007ffad8b0e000 	C:\WINDOWS\SYSTEM32\dhcpcsvc6.DLL
0x00007ffad8a30000 - 0x00007ffad8a55000 	C:\WINDOWS\SYSTEM32\dhcpcsvc.DLL
0x00007ffaddc80000 - 0x00007ffaddda5000 	C:\WINDOWS\SYSTEM32\DNSAPI.dll
0x00007ffab5d30000 - 0x00007ffab5d39000 	C:\Program Files\Eclipse Adoptium\jdk-17.0.15.6-hotspot\bin\extnet.dll
0x00007ffab4e80000 - 0x00007ffab4e8e000 	C:\Program Files\Eclipse Adoptium\jdk-17.0.15.6-hotspot\bin\sunmscapi.dll
0x00007ffadf290000 - 0x00007ffadf406000 	C:\WINDOWS\System32\CRYPT32.dll
0x00007ffadeb90000 - 0x00007ffadebc0000 	C:\WINDOWS\SYSTEM32\ncrypt.dll
0x00007ffadeb40000 - 0x00007ffadeb7f000 	C:\WINDOWS\SYSTEM32\NTASN1.dll
0x00007ffab1410000 - 0x00007ffab1418000 	C:\WINDOWS\system32\wshunix.dll

dbghelp: loaded successfully - version: 4.0.5 - missing functions: none
symbol engine: initialized successfully - sym options: 0x614 - pdb path: .;C:\Program Files\Eclipse Adoptium\jdk-17.0.15.6-hotspot\bin;C:\WINDOWS\SYSTEM32;C:\WINDOWS\WinSxS\amd64_microsoft.windows.common-controls_6595b64144ccf1df_6.0.26100.2161_none_3e0cadb0e33078e1;C:\Program Files\Eclipse Adoptium\jdk-17.0.15.6-hotspot\bin\server;C:\Users\Farate\.gradle\native\c067742578af261105cb4f569cf0c3c89f3d7b1fecec35dd04571415982c5e48\windows-amd64;C:\Users\Farate\.gradle\native\100fb08df4bc3b14c8652ba06237920a3bd2aa13389f12d3474272988ae205f9\windows-amd64

VM Arguments:
jvm_args: --add-opens=java.base/java.lang=ALL-UNNAMED --add-opens=java.base/java.lang.invoke=ALL-UNNAMED --add-opens=java.base/java.util=ALL-UNNAMED --add-opens=java.prefs/java.util.prefs=ALL-UNNAMED --add-exports=jdk.compiler/com.sun.tools.javac.api=ALL-UNNAMED --add-exports=jdk.compiler/com.sun.tools.javac.util=ALL-UNNAMED --add-opens=java.base/java.util=ALL-UNNAMED --add-opens=java.prefs/java.util.prefs=ALL-UNNAMED --add-opens=java.base/java.nio.charset=ALL-UNNAMED --add-opens=java.base/java.net=ALL-UNNAMED --add-opens=java.base/java.util.concurrent.atomic=ALL-UNNAMED --add-opens=java.xml/javax.xml.namespace=ALL-UNNAMED -Xmx2048m -Dfile.encoding=UTF-8 -Duser.country=IN -Duser.language=en -Duser.variant -javaagent:C:\Users\Farate\.gradle\wrapper\dists\gradle-8.11.1-bin\bpt9gzteqjrbo1mjrsomdt32c\gradle-8.11.1\lib\agents\gradle-instrumentation-agent-8.11.1.jar 
java_command: org.gradle.launcher.daemon.bootstrap.GradleDaemon 8.11.1
java_class_path (initial): C:\Users\Farate\.gradle\wrapper\dists\gradle-8.11.1-bin\bpt9gzteqjrbo1mjrsomdt32c\gradle-8.11.1\lib\gradle-daemon-main-8.11.1.jar
Launcher Type: SUN_STANDARD

[Global flags]
     intx CICompilerCount                          = 4                                         {product} {ergonomic}
     uint ConcGCThreads                            = 3                                         {product} {ergonomic}
     uint G1ConcRefinementThreads                  = 10                                        {product} {ergonomic}
   size_t G1HeapRegionSize                         = 1048576                                   {product} {ergonomic}
    uintx GCDrainStackTargetSize                   = 64                                        {product} {ergonomic}
   size_t InitialHeapSize                          = 264241152                                 {product} {ergonomic}
   size_t MarkStackSize                            = 4194304                                   {product} {ergonomic}
   size_t MaxHeapSize                              = 2147483648                                {product} {command line}
   size_t MaxNewSize                               = 1287651328                                {product} {ergonomic}
   size_t MinHeapDeltaBytes                        = 1048576                                   {product} {ergonomic}
   size_t MinHeapSize                              = 8388608                                   {product} {ergonomic}
    uintx NonNMethodCodeHeapSize                   = 5839372                                {pd product} {ergonomic}
    uintx NonProfiledCodeHeapSize                  = 122909434                              {pd product} {ergonomic}
    uintx ProfiledCodeHeapSize                     = 122909434                              {pd product} {ergonomic}
    uintx ReservedCodeCacheSize                    = 251658240                              {pd product} {ergonomic}
     bool SegmentedCodeCache                       = true                                      {product} {ergonomic}
   size_t SoftMaxHeapSize                          = 2147483648                             {manageable} {ergonomic}
     bool UseCompressedClassPointers               = true                           {product lp64_product} {ergonomic}
     bool UseCompressedOops                        = true                           {product lp64_product} {ergonomic}
     bool UseG1GC                                  = true                                      {product} {ergonomic}
     bool UseLargePagesIndividualAllocation        = false                                  {pd product} {ergonomic}

Logging:
Log output configuration:
 #0: stdout all=warning uptime,level,tags
 #1: stderr all=off uptime,level,tags

Environment Variables:
JAVA_HOME=C:\Program Files\Eclipse Adoptium\jdk-17.0.10.7-hotspot
PATH=C:\Program Files\Eclipse Adoptium\jdk-17.0.15.6-hotspot\bin;C:\Program Files (x86)\VMware\VMware Workstation\bin\;C:\Users\Farate\AppData\Local\Programs\Python\Python312\Scripts\;C:\Users\Farate\AppData\Local\Programs\Python\Python312\;C:\Program Files\Common Files\Oracle\Java\javapath;C:\windows\system32;C:\windows;C:\windows\System32\Wbem;C:\windows\System32\WindowsPowerShell\v1.0\;C:\windows\System32\OpenSSH\;C:\Program Files (x86)\NVIDIA Corporation\PhysX\Common;C:\Program Files\NVIDIA Corporation\NVIDIA NvDLISR;C:\Users\Administrator\AppData\Local\Microsoft\WindowsApps;C:\Program Files\HP\OMEN-Broadcast\Common;C:\MinGW\bin;C:\ProgramData\chocolatey\bin;C:\WINDOWS\system32;C:\WINDOWS;C:\WINDOWS\System32\Wbem;C:\WINDOWS\System32\WindowsPowerShell\v1.0\;C:\WINDOWS\System32\OpenSSH\;C:\Program Files\MongoDB\Server\8.0\bin;C:\xampp\apache\bin;C:\Program Files\nodejs\;C:\Program Files\MongoDB\Server\8.0\bin;C:\Program Files\MongoDB\mongosh\bin;C:\Program Files\Git\cmd;C:\Program Files\Java\jdk-24\bin;C:\Program Files\Eclipse Adoptium\jdk-17.0.10.7-hotspot\bin;C:\Users\Farate\AppData\Local\Programs\Python\Launcher\;C:\Users\Farate\AppData\Local\Microsoft\WindowsApps;C:\Users\Farate\AppData\Local\Programs\Microsoft VS Code\bin;C:\msys64\ucrt64\bin;C:\Program Files\Java\jdk-23\bin;C:\Program Files\MongoDB\Server\8.0\bin;C:\xampp\apache\bin;C:\Users\Farate\AppData\Roaming\npm;C:\Program Files\MongoDB\Server\8.0\bin;C:\Users\Farate\AppData\Local\Programs\mongosh\;E:\flutter\bin;C:\Program Files\JetBrains\IntelliJ IDEA 2025.1.1.1\bin;;C:\Users\Farate\AppData\Local\GitHubDesktop\bin
USERNAME=Farate
OS=Windows_NT
PROCESSOR_IDENTIFIER=Intel64 Family 6 Model 154 Stepping 3, GenuineIntel
TMP=C:\Users\Farate\AppData\Local\Temp
TEMP=C:\Users\Farate\AppData\Local\Temp



Periodic native trim disabled


---------------  S Y S T E M  ---------------

OS:
 Windows 11 , 64 bit Build 26100 (10.0.26100.2161)
OS uptime: 1 days 11:03 hours
Hyper-V role detected

CPU: total 12 (initial active 12) (6 cores per cpu, 2 threads per core) family 6 model 154 stepping 3 microcode 0x434, cx8, cmov, fxsr, ht, mmx, 3dnowpref, sse, sse2, sse3, ssse3, sse4.1, sse4.2, popcnt, lzcnt, tsc, tscinvbit, avx, avx2, aes, erms, clmul, bmi1, bmi2, adx, sha, fma, vzeroupper, clflush, clflushopt, clwb, hv
Processor Information for processor 0
  Max Mhz: 2000, Current Mhz: 2000, Mhz Limit: 2000
Processor Information for processor 1
  Max Mhz: 2000, Current Mhz: 2000, Mhz Limit: 2000
Processor Information for processor 2
  Max Mhz: 2000, Current Mhz: 2000, Mhz Limit: 2000
Processor Information for processor 3
  Max Mhz: 2000, Current Mhz: 2000, Mhz Limit: 2000
Processor Information for processor 4
  Max Mhz: 2000, Current Mhz: 2000, Mhz Limit: 2000
Processor Information for processor 5
  Max Mhz: 2000, Current Mhz: 2000, Mhz Limit: 2000
Processor Information for processor 6
  Max Mhz: 2000, Current Mhz: 2000, Mhz Limit: 2000
Processor Information for processor 7
  Max Mhz: 2000, Current Mhz: 2000, Mhz Limit: 2000
Processor Information for processor 8
  Max Mhz: 2000, Current Mhz: 1466, Mhz Limit: 2000
Processor Information for processor 9
  Max Mhz: 2000, Current Mhz: 2000, Mhz Limit: 2000
Processor Information for processor 10
  Max Mhz: 2000, Current Mhz: 1466, Mhz Limit: 2000
Processor Information for processor 11
  Max Mhz: 2000, Current Mhz: 2000, Mhz Limit: 2000

Memory: 4k page, system-wide physical 16024M (588M free)
TotalPageFile size 21381M (AvailPageFile size 22M)
current process WorkingSet (physical memory assigned to process): 326M, peak: 326M
current process commit charge ("private bytes"): 400M, peak: 466M

vm_info: OpenJDK 64-Bit Server VM (17.0.15+6) for windows-amd64 JRE (17.0.15+6), built on Apr 15 2025 21:25:47 by "admin" with MS VC++ 17.7 (VS2022)

END.
