#
# There is insufficient memory for the Java Runtime Environment to continue.
# Native memory allocation (malloc) failed to allocate 2541456 bytes. Error detail: Chunk::new
# Possible reasons:
#   The system is out of physical RAM or swap space
#   This process is running with CompressedOops enabled, and the Java Heap may be blocking the growth of the native heap
# Possible solutions:
#   Reduce memory load on the system
#   Increase physical memory or swap space
#   Check if swap backing store is full
#   Decrease Java heap size (-Xmx/-Xms)
#   Decrease number of Java threads
#   Decrease Java thread stack sizes (-Xss)
#   Set larger code cache with -XX:ReservedCodeCacheSize=
#   JVM is running with Unscaled Compressed Oops mode in which the Java heap is
#     placed in the first 4GB address space. The Java Heap base address is the
#     maximum limit for the native heap growth. Please use -XX:HeapBaseMinAddress
#     to set the Java Heap base and to place the Java Heap above 4GB virtual address.
# This output file may be truncated or incomplete.
#
#  Out of Memory Error (arena.cpp:191), pid=2616, tid=9504
#
# JRE version: OpenJDK Runtime Environment Temurin-17.0.15+6 (17.0.15+6) (build 17.0.15+6)
# Java VM: OpenJDK 64-Bit Server VM Temurin-17.0.15+6 (17.0.15+6, mixed mode, sharing, tiered, compressed oops, compressed class ptrs, g1 gc, windows-amd64)
# No core dump will be written. Minidumps are not enabled by default on client versions of Windows
#

---------------  S U M M A R Y ------------

Command Line: --add-opens=java.base/java.lang=ALL-UNNAMED --add-opens=java.base/java.lang.invoke=ALL-UNNAMED --add-opens=java.base/java.util=ALL-UNNAMED --add-opens=java.prefs/java.util.prefs=ALL-UNNAMED --add-exports=jdk.compiler/com.sun.tools.javac.api=ALL-UNNAMED --add-exports=jdk.compiler/com.sun.tools.javac.util=ALL-UNNAMED --add-opens=java.base/java.util=ALL-UNNAMED --add-opens=java.prefs/java.util.prefs=ALL-UNNAMED --add-opens=java.base/java.nio.charset=ALL-UNNAMED --add-opens=java.base/java.net=ALL-UNNAMED --add-opens=java.base/java.util.concurrent.atomic=ALL-UNNAMED --add-opens=java.xml/javax.xml.namespace=ALL-UNNAMED -Xmx2048m -Dfile.encoding=UTF-8 -Duser.country=IN -Duser.language=en -Duser.variant -javaagent:C:\Users\Farate\.gradle\wrapper\dists\gradle-8.11.1-bin\bpt9gzteqjrbo1mjrsomdt32c\gradle-8.11.1\lib\agents\gradle-instrumentation-agent-8.11.1.jar org.gradle.launcher.daemon.bootstrap.GradleDaemon 8.11.1

Host: 12th Gen Intel(R) Core(TM) i5-12450H, 12 cores, 15G,  Windows 11 , 64 bit Build 26100 (10.0.26100.2161)
Time: Fri Jun 27 21:53:46 2025 India Standard Time elapsed time: 39.212093 seconds (0d 0h 0m 39s)

---------------  T H R E A D  ---------------

Current thread (0x000001cbffb196c0):  JavaThread "C2 CompilerThread0" daemon [_thread_in_native, id=9504, stack(0x0000003037100000,0x0000003037200000)]


Current CompileTask:
C2:  39212 8168       4       org.gradle.internal.service.DefaultServiceRegistry$OwnServices::getService (317 bytes)

Stack: [0x0000003037100000,0x0000003037200000]
Native frames: (J=compiled Java code, j=interpreted, Vv=VM code, C=native code)
V  [jvm.dll+0x682fc9]
V  [jvm.dll+0x839878]
V  [jvm.dll+0x83b323]
V  [jvm.dll+0x83b993]
V  [jvm.dll+0x24725f]
V  [jvm.dll+0xacea4]
V  [jvm.dll+0xad53c]
V  [jvm.dll+0x365c1f]
V  [jvm.dll+0x1ba8d3]
V  [jvm.dll+0x2183a7]
V  [jvm.dll+0x21768f]
V  [jvm.dll+0x1a31b0]
V  [jvm.dll+0x227a9c]
V  [jvm.dll+0x225bfb]
V  [jvm.dll+0x7ef018]
V  [jvm.dll+0x7e94dc]
V  [jvm.dll+0x681ea7]
C  [ucrtbase.dll+0x14ea0]
C  [KERNEL32.DLL+0x2dbe7]
C  [ntdll.dll+0xdfbec]


---------------  P R O C E S S  ---------------

Threads class SMR info:
_java_thread_list=0x000001cbcf3424d0, length=44, elements={
0x000001cbe520e730, 0x000001cbffafe420, 0x000001cbffb01090, 0x000001cbffb13400,
0x000001cbffb160f0, 0x000001cbffb169c0, 0x000001cbffb182a0, 0x000001cbffb196c0,
0x000001cbffb23540, 0x000001cbffb24e40, 0x000001cbffcaa750, 0x000001cbffd992f0,
0x000001cbcc910370, 0x000001cbcc1bfb00, 0x000001cbcce17010, 0x000001cbcb269150,
0x000001cbccdcf080, 0x000001cbccce0bd0, 0x000001cbcccdd930, 0x000001cbccce01b0,
0x000001cbcccdde40, 0x000001cbcccde860, 0x000001cbccce06c0, 0x000001cbcccdfca0,
0x000001cbcccdf280, 0x000001cbccce10e0, 0x000001cbcccde350, 0x000001cbcccded70,
0x000001cbcccdf790, 0x000001cbcf4de770, 0x000001cbcf4dd840, 0x000001cbcf4ddd50,
0x000001cbcf4dec80, 0x000001cbcf4dd330, 0x000001cbcf4dc910, 0x000001cbcf4db4d0,
0x000001cbcf4df190, 0x000001cbcf4db9e0, 0x000001cbcf4dc400, 0x000001cbcf4dbef0,
0x000001cbcf4e1a10, 0x000001cbcf4e2940, 0x000001cbcf4e2e50, 0x000001cbcf3ce8c0
}

Java Threads: ( => current thread )
  0x000001cbe520e730 JavaThread "main" [_thread_blocked, id=24192, stack(0x0000003036400000,0x0000003036500000)]
  0x000001cbffafe420 JavaThread "Reference Handler" daemon [_thread_blocked, id=13148, stack(0x0000003036b00000,0x0000003036c00000)]
  0x000001cbffb01090 JavaThread "Finalizer" daemon [_thread_blocked, id=19616, stack(0x0000003036c00000,0x0000003036d00000)]
  0x000001cbffb13400 JavaThread "Signal Dispatcher" daemon [_thread_blocked, id=8232, stack(0x0000003036d00000,0x0000003036e00000)]
  0x000001cbffb160f0 JavaThread "Attach Listener" daemon [_thread_blocked, id=19664, stack(0x0000003036e00000,0x0000003036f00000)]
  0x000001cbffb169c0 JavaThread "Service Thread" daemon [_thread_blocked, id=14504, stack(0x0000003036f00000,0x0000003037000000)]
  0x000001cbffb182a0 JavaThread "Monitor Deflation Thread" daemon [_thread_blocked, id=22752, stack(0x0000003037000000,0x0000003037100000)]
=>0x000001cbffb196c0 JavaThread "C2 CompilerThread0" daemon [_thread_in_native, id=9504, stack(0x0000003037100000,0x0000003037200000)]
  0x000001cbffb23540 JavaThread "C1 CompilerThread0" daemon [_thread_blocked, id=408, stack(0x0000003037200000,0x0000003037300000)]
  0x000001cbffb24e40 JavaThread "Sweeper thread" daemon [_thread_blocked, id=3160, stack(0x0000003037300000,0x0000003037400000)]
  0x000001cbffcaa750 JavaThread "Common-Cleaner" daemon [_thread_blocked, id=20572, stack(0x0000003037400000,0x0000003037500000)]
  0x000001cbffd992f0 JavaThread "Notification Thread" daemon [_thread_blocked, id=5420, stack(0x0000003037500000,0x0000003037600000)]
  0x000001cbcc910370 JavaThread "Daemon health stats" [_thread_blocked, id=8184, stack(0x0000003037800000,0x0000003037900000)]
  0x000001cbcc1bfb00 JavaThread "Incoming local TCP Connector on port 63344" [_thread_in_native, id=22848, stack(0x0000003037700000,0x0000003037800000)]
  0x000001cbcce17010 JavaThread "Daemon periodic checks" [_thread_blocked, id=22644, stack(0x0000003037e00000,0x0000003037f00000)]
  0x000001cbcb269150 JavaThread "Daemon" [_thread_blocked, id=2312, stack(0x0000003037f00000,0x0000003038000000)]
  0x000001cbccdcf080 JavaThread "Handler for socket connection from /127.0.0.1:63344 to /127.0.0.1:63345" [_thread_in_native, id=23804, stack(0x0000003038000000,0x0000003038100000)]
  0x000001cbccce0bd0 JavaThread "Cancel handler" [_thread_blocked, id=19888, stack(0x0000003038100000,0x0000003038200000)]
  0x000001cbcccdd930 JavaThread "Daemon worker" [_thread_in_vm, id=19264, stack(0x0000003038200000,0x0000003038300000)]
  0x000001cbccce01b0 JavaThread "Asynchronous log dispatcher for DefaultDaemonConnection: socket connection from /127.0.0.1:63344 to /127.0.0.1:63345" [_thread_blocked, id=16108, stack(0x0000003038300000,0x0000003038400000)]
  0x000001cbcccdde40 JavaThread "Stdin handler" [_thread_blocked, id=19112, stack(0x0000003038400000,0x0000003038500000)]
  0x000001cbcccde860 JavaThread "Daemon client event forwarder" [_thread_blocked, id=19532, stack(0x0000003038500000,0x0000003038600000)]
  0x000001cbccce06c0 JavaThread "Cache worker for journal cache (C:\Users\Farate\.gradle\caches\journal-1)" [_thread_blocked, id=11732, stack(0x0000003038600000,0x0000003038700000)]
  0x000001cbcccdfca0 JavaThread "File lock request listener" [_thread_in_native, id=3676, stack(0x0000003038700000,0x0000003038800000)]
  0x000001cbcccdf280 JavaThread "Cache worker for file hash cache (C:\Users\Farate\.gradle\caches\8.11.1\fileHashes)" [_thread_blocked, id=18212, stack(0x0000003038900000,0x0000003038a00000)]
  0x000001cbccce10e0 JavaThread "Cache worker for file content cache (C:\Users\Farate\.gradle\caches\8.11.1\fileContent)" [_thread_blocked, id=15344, stack(0x0000003038b00000,0x0000003038c00000)]
  0x000001cbcccde350 JavaThread "Cache worker for file hash cache (C:\Users\Farate\AndroidStudioProjects\SmartMechanicApp\.gradle\8.11.1\fileHashes)" [_thread_blocked, id=14844, stack(0x0000003038c00000,0x0000003038d00000)]
  0x000001cbcccded70 JavaThread "Cache worker for Build Output Cleanup Cache (C:\Users\Farate\AndroidStudioProjects\SmartMechanicApp\.gradle\buildOutputCleanup)" [_thread_blocked, id=2596, stack(0x0000003038d00000,0x0000003038e00000)]
  0x000001cbcccdf790 JavaThread "File watcher server" daemon [_thread_in_native, id=6076, stack(0x0000003039400000,0x0000003039500000)]
  0x000001cbcf4de770 JavaThread "File watcher consumer" daemon [_thread_blocked, id=24532, stack(0x0000003039500000,0x0000003039600000)]
  0x000001cbcf4dd840 JavaThread "jar transforms" [_thread_blocked, id=16368, stack(0x0000003039600000,0x0000003039700000)]
  0x000001cbcf4ddd50 JavaThread "jar transforms Thread 2" [_thread_blocked, id=5556, stack(0x0000003039700000,0x0000003039800000)]
  0x000001cbcf4dec80 JavaThread "jar transforms Thread 3" [_thread_blocked, id=20420, stack(0x0000003039800000,0x0000003039900000)]
  0x000001cbcf4dd330 JavaThread "File lock release action executor" [_thread_blocked, id=23272, stack(0x0000003039900000,0x0000003039a00000)]
  0x000001cbcf4dc910 JavaThread "Cache worker for checksums cache (C:\Users\Farate\AndroidStudioProjects\SmartMechanicApp\.gradle\8.11.1\checksums)" [_thread_blocked, id=10348, stack(0x0000003039a00000,0x0000003039b00000)]
  0x000001cbcf4db4d0 JavaThread "Cache worker for cache directory md-rule (C:\Users\Farate\.gradle\caches\8.11.1\md-rule)" [_thread_blocked, id=5868, stack(0x0000003039b00000,0x0000003039c00000)]
  0x000001cbcf4df190 JavaThread "Cache worker for cache directory md-supplier (C:\Users\Farate\.gradle\caches\8.11.1\md-supplier)" [_thread_blocked, id=23232, stack(0x0000003039c00000,0x0000003039d00000)]
  0x000001cbcf4db9e0 JavaThread "jar transforms Thread 4" [_thread_blocked, id=15120, stack(0x0000003038a00000,0x0000003038b00000)]
  0x000001cbcf4dc400 JavaThread "jar transforms Thread 5" [_thread_blocked, id=12716, stack(0x0000003038800000,0x0000003038900000)]
  0x000001cbcf4dbef0 JavaThread "jar transforms Thread 6" [_thread_blocked, id=11088, stack(0x0000003039f00000,0x000000303a000000)]
  0x000001cbcf4e1a10 JavaThread "jar transforms Thread 7" [_thread_blocked, id=23544, stack(0x0000003039d00000,0x0000003039e00000)]
  0x000001cbcf4e2940 JavaThread "jar transforms Thread 8" [_thread_blocked, id=3428, stack(0x0000003039e00000,0x0000003039f00000)]
  0x000001cbcf4e2e50 JavaThread "jar transforms Thread 9" [_thread_blocked, id=20544, stack(0x000000303a100000,0x000000303a200000)]
  0x000001cbcf3ce8c0 JavaThread "C2 CompilerThread1" daemon [_thread_in_native, id=21920, stack(0x000000303a800000,0x000000303a900000)]

Other Threads:
  0x000001cbffaf2420 VMThread "VM Thread" [stack: 0x0000003036a00000,0x0000003036b00000] [id=22152]
  0x000001cbffd01f00 WatcherThread [stack: 0x0000003037600000,0x0000003037700000] [id=8536]
  0x000001cbe5270130 GCTaskThread "GC Thread#0" [stack: 0x0000003036500000,0x0000003036600000] [id=12444]
  0x000001cbcb176770 GCTaskThread "GC Thread#1" [stack: 0x0000003037900000,0x0000003037a00000] [id=19736]
  0x000001cbcb893c00 GCTaskThread "GC Thread#2" [stack: 0x0000003037a00000,0x0000003037b00000] [id=14024]
  0x000001cbcb8631b0 GCTaskThread "GC Thread#3" [stack: 0x0000003037b00000,0x0000003037c00000] [id=3536]
  0x000001cbcb863470 GCTaskThread "GC Thread#4" [stack: 0x0000003037c00000,0x0000003037d00000] [id=18084]
  0x000001cbcb863730 GCTaskThread "GC Thread#5" [stack: 0x0000003037d00000,0x0000003037e00000] [id=8584]
  0x000001cbcfda3a80 GCTaskThread "GC Thread#6" [stack: 0x0000003038e00000,0x0000003038f00000] [id=14000]
  0x000001cbcfda37c0 GCTaskThread "GC Thread#7" [stack: 0x0000003038f00000,0x0000003039000000] [id=21280]
  0x000001cbcfda2f80 GCTaskThread "GC Thread#8" [stack: 0x0000003039000000,0x0000003039100000] [id=18268]
  0x000001cbcfda3d40 GCTaskThread "GC Thread#9" [stack: 0x0000003039100000,0x0000003039200000] [id=3912]
  0x000001cbe5280f90 ConcurrentGCThread "G1 Main Marker" [stack: 0x0000003036600000,0x0000003036700000] [id=12156]
  0x000001cbe5282590 ConcurrentGCThread "G1 Conc#0" [stack: 0x0000003036700000,0x0000003036800000] [id=17480]
  0x000001cbcfda4000 ConcurrentGCThread "G1 Conc#1" [stack: 0x0000003039200000,0x0000003039300000] [id=8812]
  0x000001cbcfda3240 ConcurrentGCThread "G1 Conc#2" [stack: 0x0000003039300000,0x0000003039400000] [id=10820]
  0x000001cbff9ada50 ConcurrentGCThread "G1 Refine#0" [stack: 0x0000003036800000,0x0000003036900000] [id=16348]
  0x000001cbce88b9e0 ConcurrentGCThread "G1 Refine#1" [stack: 0x000000303a300000,0x000000303a400000] [id=17184]
  0x000001cbce88c5a0 ConcurrentGCThread "G1 Refine#2" [stack: 0x000000303a400000,0x000000303a500000] [id=21268]
  0x000001cbce88d160 ConcurrentGCThread "G1 Refine#3" [stack: 0x000000303a500000,0x000000303a600000] [id=22772]
  0x000001cbce88e300 ConcurrentGCThread "G1 Refine#4" [stack: 0x000000303a600000,0x000000303a700000] [id=2828]
  0x000001cbce88c890 ConcurrentGCThread "G1 Refine#5" [stack: 0x000000303a700000,0x000000303a800000] [id=22676]
  0x000001cbff9af140 ConcurrentGCThread "G1 Service" [stack: 0x0000003036900000,0x0000003036a00000] [id=19180]

Threads with active compile tasks:
C2 CompilerThread0    39264 8168       4       org.gradle.internal.service.DefaultServiceRegistry$OwnServices::getService (317 bytes)
C2 CompilerThread1    39264 8350       4       org.objectweb.asm.Frame::execute (2303 bytes)

VM state: not at safepoint (normal execution)

VM Mutex/Monitor currently owned by a thread: None

Heap address: 0x0000000080000000, size: 2048 MB, Compressed Oops mode: 32-bit

CDS archive(s) mapped at: [0x000001cb86000000-0x000001cb86bb0000-0x000001cb86bb0000), size 12255232, SharedBaseAddress: 0x000001cb86000000, ArchiveRelocationMode: 1.
Compressed class space mapped at: 0x000001cb87000000-0x000001cbc7000000, reserved size: 1073741824
Narrow klass base: 0x000001cb86000000, Narrow klass shift: 0, Narrow klass range: 0x100000000

GC Precious Log:
 CPUs: 12 total, 12 available
 Memory: 16024M
 Large Page Support: Disabled
 NUMA Support: Disabled
 Compressed Oops: Enabled (32-bit)
 Heap Region Size: 1M
 Heap Min Capacity: 8M
 Heap Initial Capacity: 252M
 Heap Max Capacity: 2G
 Pre-touch: Disabled
 Parallel Workers: 10
 Concurrent Workers: 3
 Concurrent Refinement Workers: 10
 Periodic GC: Disabled

Heap:
 garbage-first heap   total 161792K, used 96351K [0x0000000080000000, 0x0000000100000000)
  region size 1024K, 16 young (16384K), 1 survivors (1024K)
 Metaspace       used 102596K, committed 103360K, reserved 1179648K
  class space    used 13211K, committed 13568K, reserved 1048576K

Heap Regions: E=young(eden), S=young(survivor), O=old, HS=humongous(starts), HC=humongous(continues), CS=collection set, F=free, OA=open archive, CA=closed archive, TAMS=top-at-mark-start (previous, next)
|   0|0x0000000080000000, 0x0000000080100000, 0x0000000080100000|100%| O|  |TAMS 0x0000000080100000, 0x0000000080000000| Untracked 
|   1|0x0000000080100000, 0x0000000080200000, 0x0000000080200000|100%|HS|  |TAMS 0x0000000080200000, 0x0000000080100000| Complete 
|   2|0x0000000080200000, 0x0000000080300000, 0x0000000080300000|100%|HC|  |TAMS 0x0000000080300000, 0x0000000080200000| Complete 
|   3|0x0000000080300000, 0x0000000080400000, 0x0000000080400000|100%|HC|  |TAMS 0x0000000080400000, 0x0000000080300000| Complete 
|   4|0x0000000080400000, 0x0000000080500000, 0x0000000080500000|100%| O|  |TAMS 0x0000000080500000, 0x0000000080400000| Untracked 
|   5|0x0000000080500000, 0x0000000080600000, 0x0000000080600000|100%| O|  |TAMS 0x0000000080600000, 0x0000000080500000| Untracked 
|   6|0x0000000080600000, 0x0000000080700000, 0x0000000080700000|100%| O|  |TAMS 0x0000000080700000, 0x0000000080600000| Untracked 
|   7|0x0000000080700000, 0x0000000080800000, 0x0000000080800000|100%|HS|  |TAMS 0x0000000080800000, 0x0000000080700000| Complete 
|   8|0x0000000080800000, 0x0000000080900000, 0x0000000080900000|100%| O|  |TAMS 0x0000000080900000, 0x0000000080800000| Untracked 
|   9|0x0000000080900000, 0x0000000080a00000, 0x0000000080a00000|100%| O|  |TAMS 0x0000000080a00000, 0x0000000080900000| Untracked 
|  10|0x0000000080a00000, 0x0000000080b00000, 0x0000000080b00000|100%| O|  |TAMS 0x0000000080b00000, 0x0000000080a00000| Untracked 
|  11|0x0000000080b00000, 0x0000000080c00000, 0x0000000080c00000|100%| O|  |TAMS 0x0000000080c00000, 0x0000000080b00000| Untracked 
|  12|0x0000000080c00000, 0x0000000080cff400, 0x0000000080d00000| 99%| O|  |TAMS 0x0000000080cff400, 0x0000000080c00000| Untracked 
|  13|0x0000000080d00000, 0x0000000080e00000, 0x0000000080e00000|100%| O|  |TAMS 0x0000000080e00000, 0x0000000080d00000| Untracked 
|  14|0x0000000080e00000, 0x0000000080f00000, 0x0000000080f00000|100%| O|  |TAMS 0x0000000080f00000, 0x0000000080e00000| Untracked 
|  15|0x0000000080f00000, 0x0000000081000000, 0x0000000081000000|100%| O|  |TAMS 0x0000000081000000, 0x0000000080f00000| Untracked 
|  16|0x0000000081000000, 0x0000000081100000, 0x0000000081100000|100%| O|  |TAMS 0x0000000081100000, 0x0000000081000000| Untracked 
|  17|0x0000000081100000, 0x0000000081200000, 0x0000000081200000|100%| O|  |TAMS 0x0000000081200000, 0x0000000081100000| Untracked 
|  18|0x0000000081200000, 0x0000000081300000, 0x0000000081300000|100%| O|  |TAMS 0x0000000081300000, 0x0000000081200000| Untracked 
|  19|0x0000000081300000, 0x0000000081400000, 0x0000000081400000|100%| O|  |TAMS 0x0000000081400000, 0x0000000081300000| Untracked 
|  20|0x0000000081400000, 0x0000000081500000, 0x0000000081500000|100%| O|  |TAMS 0x0000000081500000, 0x0000000081400000| Untracked 
|  21|0x0000000081500000, 0x0000000081600000, 0x0000000081600000|100%| O|  |TAMS 0x0000000081600000, 0x0000000081500000| Untracked 
|  22|0x0000000081600000, 0x0000000081700000, 0x0000000081700000|100%| O|  |TAMS 0x0000000081700000, 0x0000000081600000| Untracked 
|  23|0x0000000081700000, 0x0000000081800000, 0x0000000081800000|100%| O|  |TAMS 0x0000000081800000, 0x0000000081700000| Untracked 
|  24|0x0000000081800000, 0x0000000081800000, 0x0000000081900000|  0%| F|  |TAMS 0x0000000081800000, 0x0000000081800000| Untracked 
|  25|0x0000000081900000, 0x0000000081a00000, 0x0000000081a00000|100%| O|  |TAMS 0x0000000081a00000, 0x0000000081900000| Untracked 
|  26|0x0000000081a00000, 0x0000000081b00000, 0x0000000081b00000|100%| O|  |TAMS 0x0000000081b00000, 0x0000000081a00000| Untracked 
|  27|0x0000000081b00000, 0x0000000081c00000, 0x0000000081c00000|100%| O|  |TAMS 0x0000000081c00000, 0x0000000081b00000| Untracked 
|  28|0x0000000081c00000, 0x0000000081d00000, 0x0000000081d00000|100%| O|  |TAMS 0x0000000081d00000, 0x0000000081c00000| Untracked 
|  29|0x0000000081d00000, 0x0000000081e00000, 0x0000000081e00000|100%| O|  |TAMS 0x0000000081e00000, 0x0000000081d00000| Untracked 
|  30|0x0000000081e00000, 0x0000000081f00000, 0x0000000081f00000|100%| O|  |TAMS 0x0000000081f00000, 0x0000000081e00000| Untracked 
|  31|0x0000000081f00000, 0x0000000082000000, 0x0000000082000000|100%| O|  |TAMS 0x0000000082000000, 0x0000000081f00000| Untracked 
|  32|0x0000000082000000, 0x0000000082100000, 0x0000000082100000|100%| O|  |TAMS 0x0000000082100000, 0x0000000082000000| Untracked 
|  33|0x0000000082100000, 0x0000000082200000, 0x0000000082200000|100%| O|  |TAMS 0x0000000082200000, 0x0000000082100000| Untracked 
|  34|0x0000000082200000, 0x0000000082300000, 0x0000000082300000|100%| O|  |TAMS 0x0000000082300000, 0x0000000082200000| Untracked 
|  35|0x0000000082300000, 0x0000000082400000, 0x0000000082400000|100%| O|  |TAMS 0x0000000082400000, 0x0000000082300000| Untracked 
|  36|0x0000000082400000, 0x0000000082500000, 0x0000000082500000|100%| O|  |TAMS 0x0000000082500000, 0x0000000082400000| Untracked 
|  37|0x0000000082500000, 0x0000000082600000, 0x0000000082600000|100%| O|  |TAMS 0x0000000082600000, 0x0000000082500000| Untracked 
|  38|0x0000000082600000, 0x0000000082700000, 0x0000000082700000|100%| O|  |TAMS 0x0000000082700000, 0x0000000082600000| Untracked 
|  39|0x0000000082700000, 0x0000000082800000, 0x0000000082800000|100%| O|  |TAMS 0x0000000082800000, 0x0000000082700000| Untracked 
|  40|0x0000000082800000, 0x0000000082900000, 0x0000000082900000|100%| O|  |TAMS 0x0000000082900000, 0x0000000082800000| Untracked 
|  41|0x0000000082900000, 0x0000000082a00000, 0x0000000082a00000|100%|HS|  |TAMS 0x0000000082a00000, 0x0000000082900000| Complete 
|  42|0x0000000082a00000, 0x0000000082b00000, 0x0000000082b00000|100%| O|  |TAMS 0x0000000082b00000, 0x0000000082a00000| Untracked 
|  43|0x0000000082b00000, 0x0000000082c00000, 0x0000000082c00000|100%| O|  |TAMS 0x0000000082c00000, 0x0000000082b00000| Untracked 
|  44|0x0000000082c00000, 0x0000000082d00000, 0x0000000082d00000|100%| O|  |TAMS 0x0000000082d00000, 0x0000000082c00000| Untracked 
|  45|0x0000000082d00000, 0x0000000082e00000, 0x0000000082e00000|100%| O|  |TAMS 0x0000000082e00000, 0x0000000082d00000| Untracked 
|  46|0x0000000082e00000, 0x0000000082f00000, 0x0000000082f00000|100%| O|  |TAMS 0x0000000082f00000, 0x0000000082e00000| Untracked 
|  47|0x0000000082f00000, 0x0000000083000000, 0x0000000083000000|100%|HS|  |TAMS 0x0000000083000000, 0x0000000082f00000| Complete 
|  48|0x0000000083000000, 0x0000000083100000, 0x0000000083100000|100%|HC|  |TAMS 0x0000000083100000, 0x0000000083000000| Complete 
|  49|0x0000000083100000, 0x0000000083200000, 0x0000000083200000|100%|HC|  |TAMS 0x0000000083200000, 0x0000000083100000| Complete 
|  50|0x0000000083200000, 0x0000000083300000, 0x0000000083300000|100%|HC|  |TAMS 0x0000000083300000, 0x0000000083200000| Complete 
|  51|0x0000000083300000, 0x0000000083400000, 0x0000000083400000|100%|HC|  |TAMS 0x0000000083400000, 0x0000000083300000| Complete 
|  52|0x0000000083400000, 0x0000000083500000, 0x0000000083500000|100%|HC|  |TAMS 0x0000000083500000, 0x0000000083400000| Complete 
|  53|0x0000000083500000, 0x0000000083600000, 0x0000000083600000|100%| O|  |TAMS 0x0000000083600000, 0x0000000083500000| Untracked 
|  54|0x0000000083600000, 0x0000000083700000, 0x0000000083700000|100%| O|  |TAMS 0x0000000083700000, 0x0000000083600000| Untracked 
|  55|0x0000000083700000, 0x0000000083800000, 0x0000000083800000|100%| O|  |TAMS 0x0000000083800000, 0x0000000083700000| Untracked 
|  56|0x0000000083800000, 0x0000000083900000, 0x0000000083900000|100%| O|  |TAMS 0x0000000083900000, 0x0000000083800000| Untracked 
|  57|0x0000000083900000, 0x0000000083a00000, 0x0000000083a00000|100%| O|  |TAMS 0x0000000083a00000, 0x0000000083900000| Untracked 
|  58|0x0000000083a00000, 0x0000000083b00000, 0x0000000083b00000|100%| O|  |TAMS 0x0000000083b00000, 0x0000000083a00000| Untracked 
|  59|0x0000000083b00000, 0x0000000083c00000, 0x0000000083c00000|100%| O|  |TAMS 0x0000000083c00000, 0x0000000083b00000| Untracked 
|  60|0x0000000083c00000, 0x0000000083d00000, 0x0000000083d00000|100%| O|  |TAMS 0x0000000083d00000, 0x0000000083c00000| Untracked 
|  61|0x0000000083d00000, 0x0000000083e00000, 0x0000000083e00000|100%| O|  |TAMS 0x0000000083e00000, 0x0000000083d00000| Untracked 
|  62|0x0000000083e00000, 0x0000000083f00000, 0x0000000083f00000|100%| O|  |TAMS 0x0000000083f00000, 0x0000000083e00000| Untracked 
|  63|0x0000000083f00000, 0x0000000084000000, 0x0000000084000000|100%| O|  |TAMS 0x0000000084000000, 0x0000000083f00000| Untracked 
|  64|0x0000000084000000, 0x0000000084100000, 0x0000000084100000|100%| O|  |TAMS 0x0000000084100000, 0x0000000084000000| Untracked 
|  65|0x0000000084100000, 0x0000000084200000, 0x0000000084200000|100%| O|  |TAMS 0x0000000084200000, 0x0000000084100000| Untracked 
|  66|0x0000000084200000, 0x0000000084300000, 0x0000000084300000|100%| O|  |TAMS 0x0000000084300000, 0x0000000084200000| Untracked 
|  67|0x0000000084300000, 0x0000000084400000, 0x0000000084400000|100%| O|  |TAMS 0x0000000084361800, 0x0000000084300000| Untracked 
|  68|0x0000000084400000, 0x0000000084500000, 0x0000000084500000|100%| O|  |TAMS 0x0000000084400000, 0x0000000084400000| Untracked 
|  69|0x0000000084500000, 0x0000000084600000, 0x0000000084600000|100%| O|  |TAMS 0x0000000084500000, 0x0000000084500000| Untracked 
|  70|0x0000000084600000, 0x0000000084700000, 0x0000000084700000|100%| O|  |TAMS 0x0000000084600000, 0x0000000084600000| Untracked 
|  71|0x0000000084700000, 0x0000000084800000, 0x0000000084800000|100%| O|  |TAMS 0x0000000084700000, 0x0000000084700000| Untracked 
|  72|0x0000000084800000, 0x0000000084900000, 0x0000000084900000|100%| O|  |TAMS 0x0000000084800000, 0x0000000084800000| Untracked 
|  73|0x0000000084900000, 0x0000000084a00000, 0x0000000084a00000|100%| O|  |TAMS 0x0000000084900000, 0x0000000084900000| Untracked 
|  74|0x0000000084a00000, 0x0000000084b00000, 0x0000000084b00000|100%| O|  |TAMS 0x0000000084a00000, 0x0000000084a00000| Untracked 
|  75|0x0000000084b00000, 0x0000000084c00000, 0x0000000084c00000|100%| O|  |TAMS 0x0000000084b00000, 0x0000000084b00000| Untracked 
|  76|0x0000000084c00000, 0x0000000084c8a000, 0x0000000084d00000| 53%| O|  |TAMS 0x0000000084c00000, 0x0000000084c00000| Untracked 
|  77|0x0000000084d00000, 0x0000000084d00000, 0x0000000084e00000|  0%| F|  |TAMS 0x0000000084d00000, 0x0000000084d00000| Untracked 
|  78|0x0000000084e00000, 0x0000000084e00000, 0x0000000084f00000|  0%| F|  |TAMS 0x0000000084e00000, 0x0000000084e00000| Untracked 
|  79|0x0000000084f00000, 0x0000000084f00000, 0x0000000085000000|  0%| F|  |TAMS 0x0000000084f00000, 0x0000000084f00000| Untracked 
|  80|0x0000000085000000, 0x0000000085000000, 0x0000000085100000|  0%| F|  |TAMS 0x0000000085000000, 0x0000000085000000| Untracked 
|  81|0x0000000085100000, 0x0000000085100000, 0x0000000085200000|  0%| F|  |TAMS 0x0000000085100000, 0x0000000085100000| Untracked 
|  82|0x0000000085200000, 0x0000000085200000, 0x0000000085300000|  0%| F|  |TAMS 0x0000000085200000, 0x0000000085200000| Untracked 
|  83|0x0000000085300000, 0x0000000085300000, 0x0000000085400000|  0%| F|  |TAMS 0x0000000085300000, 0x0000000085300000| Untracked 
|  84|0x0000000085400000, 0x0000000085400000, 0x0000000085500000|  0%| F|  |TAMS 0x0000000085400000, 0x0000000085400000| Untracked 
|  85|0x0000000085500000, 0x0000000085500000, 0x0000000085600000|  0%| F|  |TAMS 0x0000000085500000, 0x0000000085500000| Untracked 
|  86|0x0000000085600000, 0x0000000085600000, 0x0000000085700000|  0%| F|  |TAMS 0x0000000085600000, 0x0000000085600000| Untracked 
|  87|0x0000000085700000, 0x0000000085700000, 0x0000000085800000|  0%| F|  |TAMS 0x0000000085700000, 0x0000000085700000| Untracked 
|  88|0x0000000085800000, 0x0000000085800000, 0x0000000085900000|  0%| F|  |TAMS 0x0000000085800000, 0x0000000085800000| Untracked 
|  89|0x0000000085900000, 0x0000000085900000, 0x0000000085a00000|  0%| F|  |TAMS 0x0000000085900000, 0x0000000085900000| Untracked 
|  90|0x0000000085a00000, 0x0000000085a00000, 0x0000000085b00000|  0%| F|  |TAMS 0x0000000085a00000, 0x0000000085a00000| Untracked 
|  91|0x0000000085b00000, 0x0000000085b00000, 0x0000000085c00000|  0%| F|  |TAMS 0x0000000085b00000, 0x0000000085b00000| Untracked 
|  92|0x0000000085c00000, 0x0000000085c00000, 0x0000000085d00000|  0%| F|  |TAMS 0x0000000085c00000, 0x0000000085c00000| Untracked 
|  93|0x0000000085d00000, 0x0000000085d00000, 0x0000000085e00000|  0%| F|  |TAMS 0x0000000085d00000, 0x0000000085d00000| Untracked 
|  94|0x0000000085e00000, 0x0000000085e00000, 0x0000000085f00000|  0%| F|  |TAMS 0x0000000085e00000, 0x0000000085e00000| Untracked 
|  95|0x0000000085f00000, 0x0000000085f00000, 0x0000000086000000|  0%| F|  |TAMS 0x0000000085f00000, 0x0000000085f00000| Untracked 
|  96|0x0000000086000000, 0x0000000086000000, 0x0000000086100000|  0%| F|  |TAMS 0x0000000086000000, 0x0000000086000000| Untracked 
|  97|0x0000000086100000, 0x0000000086100000, 0x0000000086200000|  0%| F|  |TAMS 0x0000000086100000, 0x0000000086100000| Untracked 
|  98|0x0000000086200000, 0x0000000086200000, 0x0000000086300000|  0%| F|  |TAMS 0x0000000086200000, 0x0000000086200000| Untracked 
|  99|0x0000000086300000, 0x0000000086300000, 0x0000000086400000|  0%| F|  |TAMS 0x0000000086300000, 0x0000000086300000| Untracked 
| 100|0x0000000086400000, 0x0000000086400000, 0x0000000086500000|  0%| F|  |TAMS 0x0000000086400000, 0x0000000086400000| Untracked 
| 101|0x0000000086500000, 0x0000000086500000, 0x0000000086600000|  0%| F|  |TAMS 0x0000000086500000, 0x0000000086500000| Untracked 
| 102|0x0000000086600000, 0x0000000086600000, 0x0000000086700000|  0%| F|  |TAMS 0x0000000086600000, 0x0000000086600000| Untracked 
| 103|0x0000000086700000, 0x0000000086700000, 0x0000000086800000|  0%| F|  |TAMS 0x0000000086700000, 0x0000000086700000| Untracked 
| 104|0x0000000086800000, 0x0000000086800000, 0x0000000086900000|  0%| F|  |TAMS 0x0000000086800000, 0x0000000086800000| Untracked 
| 105|0x0000000086900000, 0x0000000086900000, 0x0000000086a00000|  0%| F|  |TAMS 0x0000000086900000, 0x0000000086900000| Untracked 
| 106|0x0000000086a00000, 0x0000000086a00000, 0x0000000086b00000|  0%| F|  |TAMS 0x0000000086a00000, 0x0000000086a00000| Untracked 
| 107|0x0000000086b00000, 0x0000000086b00000, 0x0000000086c00000|  0%| F|  |TAMS 0x0000000086b00000, 0x0000000086b00000| Untracked 
| 108|0x0000000086c00000, 0x0000000086c00000, 0x0000000086d00000|  0%| F|  |TAMS 0x0000000086c00000, 0x0000000086c00000| Untracked 
| 109|0x0000000086d00000, 0x0000000086d00000, 0x0000000086e00000|  0%| F|  |TAMS 0x0000000086d00000, 0x0000000086d00000| Untracked 
| 110|0x0000000086e00000, 0x0000000086e00000, 0x0000000086f00000|  0%| F|  |TAMS 0x0000000086e00000, 0x0000000086e00000| Untracked 
| 111|0x0000000086f00000, 0x0000000086f00000, 0x0000000087000000|  0%| F|  |TAMS 0x0000000086f00000, 0x0000000086f00000| Untracked 
| 112|0x0000000087000000, 0x0000000087000000, 0x0000000087100000|  0%| F|  |TAMS 0x0000000087000000, 0x0000000087000000| Untracked 
| 113|0x0000000087100000, 0x0000000087100000, 0x0000000087200000|  0%| F|  |TAMS 0x0000000087100000, 0x0000000087100000| Untracked 
| 114|0x0000000087200000, 0x0000000087200000, 0x0000000087300000|  0%| F|  |TAMS 0x0000000087200000, 0x0000000087200000| Untracked 
| 115|0x0000000087300000, 0x0000000087300000, 0x0000000087400000|  0%| F|  |TAMS 0x0000000087300000, 0x0000000087300000| Untracked 
| 116|0x0000000087400000, 0x0000000087400000, 0x0000000087500000|  0%| F|  |TAMS 0x0000000087400000, 0x0000000087400000| Untracked 
| 117|0x0000000087500000, 0x0000000087500000, 0x0000000087600000|  0%| F|  |TAMS 0x0000000087500000, 0x0000000087500000| Untracked 
| 118|0x0000000087600000, 0x0000000087600000, 0x0000000087700000|  0%| F|  |TAMS 0x0000000087600000, 0x0000000087600000| Untracked 
| 119|0x0000000087700000, 0x0000000087700000, 0x0000000087800000|  0%| F|  |TAMS 0x0000000087700000, 0x0000000087700000| Untracked 
| 120|0x0000000087800000, 0x0000000087800000, 0x0000000087900000|  0%| F|  |TAMS 0x0000000087800000, 0x0000000087800000| Untracked 
| 121|0x0000000087900000, 0x0000000087900000, 0x0000000087a00000|  0%| F|  |TAMS 0x0000000087900000, 0x0000000087900000| Untracked 
| 122|0x0000000087a00000, 0x0000000087a00000, 0x0000000087b00000|  0%| F|  |TAMS 0x0000000087a00000, 0x0000000087a00000| Untracked 
| 123|0x0000000087b00000, 0x0000000087b00000, 0x0000000087c00000|  0%| F|  |TAMS 0x0000000087b00000, 0x0000000087b00000| Untracked 
| 124|0x0000000087c00000, 0x0000000087c00000, 0x0000000087d00000|  0%| F|  |TAMS 0x0000000087c00000, 0x0000000087c00000| Untracked 
| 125|0x0000000087d00000, 0x0000000087d00000, 0x0000000087e00000|  0%| F|  |TAMS 0x0000000087d00000, 0x0000000087d00000| Untracked 
| 126|0x0000000087e00000, 0x0000000087e00000, 0x0000000087f00000|  0%| F|  |TAMS 0x0000000087e00000, 0x0000000087e00000| Untracked 
| 127|0x0000000087f00000, 0x0000000087f00000, 0x0000000088000000|  0%| F|  |TAMS 0x0000000087f00000, 0x0000000087f00000| Untracked 
| 128|0x0000000088000000, 0x0000000088000000, 0x0000000088100000|  0%| F|  |TAMS 0x0000000088000000, 0x0000000088000000| Untracked 
| 129|0x0000000088100000, 0x0000000088100000, 0x0000000088200000|  0%| F|  |TAMS 0x0000000088100000, 0x0000000088100000| Untracked 
| 130|0x0000000088200000, 0x0000000088200000, 0x0000000088300000|  0%| F|  |TAMS 0x0000000088200000, 0x0000000088200000| Untracked 
| 131|0x0000000088300000, 0x0000000088300000, 0x0000000088400000|  0%| F|  |TAMS 0x0000000088300000, 0x0000000088300000| Untracked 
| 132|0x0000000088400000, 0x0000000088400000, 0x0000000088500000|  0%| F|  |TAMS 0x0000000088400000, 0x0000000088400000| Untracked 
| 133|0x0000000088500000, 0x0000000088500000, 0x0000000088600000|  0%| F|  |TAMS 0x0000000088500000, 0x0000000088500000| Untracked 
| 134|0x0000000088600000, 0x0000000088600000, 0x0000000088700000|  0%| F|  |TAMS 0x0000000088600000, 0x0000000088600000| Untracked 
| 135|0x0000000088700000, 0x0000000088700000, 0x0000000088800000|  0%| F|  |TAMS 0x0000000088700000, 0x0000000088700000| Untracked 
| 136|0x0000000088800000, 0x0000000088800000, 0x0000000088900000|  0%| F|  |TAMS 0x0000000088800000, 0x0000000088800000| Untracked 
| 137|0x0000000088900000, 0x000000008899e9b8, 0x0000000088a00000| 61%| E|  |TAMS 0x0000000088900000, 0x0000000088900000| Complete 
| 138|0x0000000088a00000, 0x0000000088b00000, 0x0000000088b00000|100%| E|CS|TAMS 0x0000000088a00000, 0x0000000088a00000| Complete 
| 139|0x0000000088b00000, 0x0000000088c00000, 0x0000000088c00000|100%| E|CS|TAMS 0x0000000088b00000, 0x0000000088b00000| Complete 
| 140|0x0000000088c00000, 0x0000000088d00000, 0x0000000088d00000|100%| E|CS|TAMS 0x0000000088c00000, 0x0000000088c00000| Complete 
| 141|0x0000000088d00000, 0x0000000088e00000, 0x0000000088e00000|100%| E|CS|TAMS 0x0000000088d00000, 0x0000000088d00000| Complete 
| 142|0x0000000088e00000, 0x0000000088f00000, 0x0000000088f00000|100%| E|CS|TAMS 0x0000000088e00000, 0x0000000088e00000| Complete 
| 143|0x0000000088f00000, 0x0000000089000000, 0x0000000089000000|100%| E|CS|TAMS 0x0000000088f00000, 0x0000000088f00000| Complete 
| 144|0x0000000089000000, 0x0000000089100000, 0x0000000089100000|100%| E|CS|TAMS 0x0000000089000000, 0x0000000089000000| Complete 
| 145|0x0000000089100000, 0x0000000089200000, 0x0000000089200000|100%| E|CS|TAMS 0x0000000089100000, 0x0000000089100000| Complete 
| 146|0x0000000089200000, 0x0000000089300000, 0x0000000089300000|100%| E|CS|TAMS 0x0000000089200000, 0x0000000089200000| Complete 
| 147|0x0000000089300000, 0x0000000089400000, 0x0000000089400000|100%| E|CS|TAMS 0x0000000089300000, 0x0000000089300000| Complete 
| 148|0x0000000089400000, 0x0000000089500000, 0x0000000089500000|100%| E|CS|TAMS 0x0000000089400000, 0x0000000089400000| Complete 
| 149|0x0000000089500000, 0x0000000089600000, 0x0000000089600000|100%| E|CS|TAMS 0x0000000089500000, 0x0000000089500000| Complete 
| 150|0x0000000089600000, 0x000000008968e840, 0x0000000089700000| 55%| S|CS|TAMS 0x0000000089600000, 0x0000000089600000| Complete 
| 251|0x000000008fb00000, 0x000000008fc00000, 0x000000008fc00000|100%| E|CS|TAMS 0x000000008fb00000, 0x000000008fb00000| Complete 
|2042|0x00000000ffa00000, 0x00000000ffb00000, 0x00000000ffb00000|100%| O|  |TAMS 0x00000000ffb00000, 0x00000000ffa00000| Untracked 
|2043|0x00000000ffb00000, 0x00000000ffc00000, 0x00000000ffc00000|100%| E|CS|TAMS 0x00000000ffb00000, 0x00000000ffb00000| Complete 
|2044|0x00000000ffc00000, 0x00000000ffd00000, 0x00000000ffd00000|100%| O|  |TAMS 0x00000000ffd00000, 0x00000000ffc00000| Untracked 
|2045|0x00000000ffd00000, 0x00000000ffe00000, 0x00000000ffe00000|100%| O|  |TAMS 0x00000000ffe00000, 0x00000000ffd00000| Untracked 
|2046|0x00000000ffe00000, 0x00000000fff00000, 0x00000000fff00000|100%| O|  |TAMS 0x00000000fff00000, 0x00000000ffe00000| Untracked 
|2047|0x00000000fff00000, 0x0000000100000000, 0x0000000100000000|100%| E|CS|TAMS 0x00000000fff00000, 0x00000000fff00000| Complete 

Card table byte_map: [0x000001cbfe5c0000,0x000001cbfe9c0000] _byte_map_base: 0x000001cbfe1c0000

Marking Bits (Prev, Next): (CMBitMap*) 0x000001cbe5270660, (CMBitMap*) 0x000001cbe52706a0
 Prev Bits: [0x000001cb80000000, 0x000001cb82000000)
 Next Bits: [0x000001cb82000000, 0x000001cb84000000)

Polling page: 0x000001cbe52c0000

Metaspace:

Usage:
  Non-class:     87.39 MB used.
      Class:     12.92 MB used.
       Both:    100.31 MB used.

Virtual space:
  Non-class space:      128.00 MB reserved,      87.75 MB ( 69%) committed,  2 nodes.
      Class space:        1.00 GB reserved,      13.25 MB (  1%) committed,  1 nodes.
             Both:        1.12 GB reserved,     101.00 MB (  9%) committed. 

Chunk freelists:
   Non-Class:  8.12 MB
       Class:  2.64 MB
        Both:  10.77 MB

MaxMetaspaceSize: unlimited
CompressedClassSpaceSize: 1.00 GB
Initial GC threshold: 21.00 MB
Current GC threshold: 154.00 MB
CDS: on
MetaspaceReclaimPolicy: balanced
 - commit_granule_bytes: 65536.
 - commit_granule_words: 8192.
 - virtual_space_node_default_size: 8388608.
 - enlarge_chunks_in_place: 1.
 - new_chunks_are_fully_committed: 0.
 - uncommit_free_chunks: 1.
 - use_allocation_guard: 0.
 - handle_deallocations: 1.


Internal statistics:

num_allocs_failed_limit: 6.
num_arena_births: 922.
num_arena_deaths: 0.
num_vsnodes_births: 3.
num_vsnodes_deaths: 0.
num_space_committed: 1614.
num_space_uncommitted: 0.
num_chunks_returned_to_freelist: 6.
num_chunks_taken_from_freelist: 4650.
num_chunk_merges: 3.
num_chunk_splits: 3529.
num_chunks_enlarged: 2890.
num_inconsistent_stats: 0.

CodeHeap 'non-profiled nmethods': size=120000Kb used=4271Kb max_used=4792Kb free=115728Kb
 bounds [0x000001cbf6000000, 0x000001cbf64b0000, 0x000001cbfd530000]
CodeHeap 'profiled nmethods': size=120000Kb used=15487Kb max_used=16368Kb free=104512Kb
 bounds [0x000001cbee530000, 0x000001cbef530000, 0x000001cbf5a60000]
CodeHeap 'non-nmethods': size=5760Kb used=2508Kb max_used=2537Kb free=3251Kb
 bounds [0x000001cbf5a60000, 0x000001cbf5ce0000, 0x000001cbf6000000]
 total_blobs=8362 nmethods=7298 adapters=975
 compilation: enabled
              stopped_count=0, restarted_count=0
 full_count=0

Compilation events (20 events):
Event: 39.153 Thread 0x000001cbffb23540 8352       3       com.google.common.collect.AbstractMapBasedMultimap$WrappedCollection$WrappedIterator::<init> (32 bytes)
Event: 39.154 Thread 0x000001cbffb23540 nmethod 8352 0x000001cbeeb85690 code [0x000001cbeeb85880, 0x000001cbeeb85fd8]
Event: 39.154 Thread 0x000001cbcf3ce8c0 nmethod 8347 0x000001cbf64ad810 code [0x000001cbf64ad9a0, 0x000001cbf64adfd8]
Event: 39.154 Thread 0x000001cbcf3ce8c0 8350       4       org.objectweb.asm.Frame::execute (2303 bytes)
Event: 39.160 Thread 0x000001cbffb23540 8355       3       java.lang.invoke.InvokerBytecodeGenerator::emitReturn (107 bytes)
Event: 39.161 Thread 0x000001cbffb23540 nmethod 8355 0x000001cbee625110 code [0x000001cbee625300, 0x000001cbee625798]
Event: 39.175 Thread 0x000001cbffb23540 8359   !   3       org.gradle.internal.deprecation.DeprecationLogger::whileDisabled (22 bytes)
Event: 39.176 Thread 0x000001cbffb23540 nmethod 8359 0x000001cbee76f990 code [0x000001cbee76fc00, 0x000001cbee770738]
Event: 39.176 Thread 0x000001cbffb23540 8360       3       org.gradle.internal.instantiation.generator.AsmBackedClassGenerator::getDisplayNameForNext (21 bytes)
Event: 39.176 Thread 0x000001cbffb23540 nmethod 8360 0x000001cbee6a0510 code [0x000001cbee6a06c0, 0x000001cbee6a09c8]
Event: 39.186 Thread 0x000001cbffb23540 8361       3       com.google.common.collect.RegularImmutableList::get (7 bytes)
Event: 39.186 Thread 0x000001cbffb23540 nmethod 8361 0x000001cbee541a10 code [0x000001cbee541ba0, 0x000001cbee541cd8]
Event: 39.191 Thread 0x000001cbffb23540 8362       1       org.gradle.api.attributes.Attribute::getName (5 bytes)
Event: 39.192 Thread 0x000001cbffb23540 nmethod 8362 0x000001cbf60d4810 code [0x000001cbf60d49a0, 0x000001cbf60d4a78]
Event: 39.192 Thread 0x000001cbffb23540 8363       3       com.google.common.collect.ImmutableList::asImmutableList (7 bytes)
Event: 39.192 Thread 0x000001cbffb23540 nmethod 8363 0x000001cbee594990 code [0x000001cbee594b20, 0x000001cbee594c48]
Event: 39.201 Thread 0x000001cbffb23540 8364       3       com.google.common.reflect.TypeResolver::resolveType (74 bytes)
Event: 39.202 Thread 0x000001cbffb23540 nmethod 8364 0x000001cbee5c7290 code [0x000001cbee5c7520, 0x000001cbee5c83e8]
Event: 39.203 Thread 0x000001cbffb23540 8366       3       java.lang.invoke.LambdaFormEditor::getInCache (165 bytes)
Event: 39.204 Thread 0x000001cbffb23540 nmethod 8366 0x000001cbee6c7310 code [0x000001cbee6c7580, 0x000001cbee6c84b8]

GC Heap History (20 events):
Event: 20.645 GC heap before
{Heap before GC invocations=29 (full 0):
 garbage-first heap   total 112640K, used 81532K [0x0000000080000000, 0x0000000100000000)
  region size 1024K, 19 young (19456K), 2 survivors (2048K)
 Metaspace       used 68703K, committed 69312K, reserved 1114112K
  class space    used 9291K, committed 9600K, reserved 1048576K
}
Event: 20.653 GC heap after
{Heap after GC invocations=30 (full 0):
 garbage-first heap   total 112640K, used 66400K [0x0000000080000000, 0x0000000100000000)
  region size 1024K, 3 young (3072K), 3 survivors (3072K)
 Metaspace       used 68703K, committed 69312K, reserved 1114112K
  class space    used 9291K, committed 9600K, reserved 1048576K
}
Event: 20.725 GC heap before
{Heap before GC invocations=30 (full 0):
 garbage-first heap   total 112640K, used 68448K [0x0000000080000000, 0x0000000100000000)
  region size 1024K, 5 young (5120K), 3 survivors (3072K)
 Metaspace       used 68988K, committed 69632K, reserved 1114112K
  class space    used 9325K, committed 9664K, reserved 1048576K
}
Event: 20.733 GC heap after
{Heap after GC invocations=31 (full 0):
 garbage-first heap   total 112640K, used 65639K [0x0000000080000000, 0x0000000100000000)
  region size 1024K, 1 young (1024K), 1 survivors (1024K)
 Metaspace       used 68988K, committed 69632K, reserved 1114112K
  class space    used 9325K, committed 9664K, reserved 1048576K
}
Event: 22.776 GC heap before
{Heap before GC invocations=31 (full 0):
 garbage-first heap   total 112640K, used 90215K [0x0000000080000000, 0x0000000100000000)
  region size 1024K, 26 young (26624K), 1 survivors (1024K)
 Metaspace       used 71989K, committed 72576K, reserved 1114112K
  class space    used 9686K, committed 9984K, reserved 1048576K
}
Event: 22.784 GC heap after
{Heap after GC invocations=32 (full 0):
 garbage-first heap   total 161792K, used 66255K [0x0000000080000000, 0x0000000100000000)
  region size 1024K, 1 young (1024K), 1 survivors (1024K)
 Metaspace       used 71989K, committed 72576K, reserved 1114112K
  class space    used 9686K, committed 9984K, reserved 1048576K
}
Event: 26.344 GC heap before
{Heap before GC invocations=33 (full 0):
 garbage-first heap   total 161792K, used 125647K [0x0000000080000000, 0x0000000100000000)
  region size 1024K, 58 young (59392K), 1 survivors (1024K)
 Metaspace       used 77228K, committed 77888K, reserved 1179648K
  class space    used 10350K, committed 10688K, reserved 1048576K
}
Event: 26.358 GC heap after
{Heap after GC invocations=34 (full 0):
 garbage-first heap   total 161792K, used 70413K [0x0000000080000000, 0x0000000100000000)
  region size 1024K, 6 young (6144K), 6 survivors (6144K)
 Metaspace       used 77228K, committed 77888K, reserved 1179648K
  class space    used 10350K, committed 10688K, reserved 1048576K
}
Event: 26.430 GC heap before
{Heap before GC invocations=34 (full 0):
 garbage-first heap   total 161792K, used 71437K [0x0000000080000000, 0x0000000100000000)
  region size 1024K, 7 young (7168K), 6 survivors (6144K)
 Metaspace       used 77228K, committed 77888K, reserved 1179648K
  class space    used 10350K, committed 10688K, reserved 1048576K
}
Event: 26.443 GC heap after
{Heap after GC invocations=35 (full 0):
 garbage-first heap   total 161792K, used 69876K [0x0000000080000000, 0x0000000100000000)
  region size 1024K, 1 young (1024K), 1 survivors (1024K)
 Metaspace       used 77228K, committed 77888K, reserved 1179648K
  class space    used 10350K, committed 10688K, reserved 1048576K
}
Event: 28.948 GC heap before
{Heap before GC invocations=35 (full 0):
 garbage-first heap   total 161792K, used 126196K [0x0000000080000000, 0x0000000100000000)
  region size 1024K, 56 young (57344K), 1 survivors (1024K)
 Metaspace       used 80691K, committed 81344K, reserved 1179648K
  class space    used 10728K, committed 11008K, reserved 1048576K
}
Event: 28.964 GC heap after
{Heap after GC invocations=36 (full 0):
 garbage-first heap   total 161792K, used 74152K [0x0000000080000000, 0x0000000100000000)
  region size 1024K, 5 young (5120K), 5 survivors (5120K)
 Metaspace       used 80691K, committed 81344K, reserved 1179648K
  class space    used 10728K, committed 11008K, reserved 1048576K
}
Event: 31.869 GC heap before
{Heap before GC invocations=36 (full 0):
 garbage-first heap   total 161792K, used 128424K [0x0000000080000000, 0x0000000100000000)
  region size 1024K, 58 young (59392K), 5 survivors (5120K)
 Metaspace       used 86638K, committed 87296K, reserved 1179648K
  class space    used 11339K, committed 11648K, reserved 1048576K
}
Event: 31.892 GC heap after
{Heap after GC invocations=37 (full 0):
 garbage-first heap   total 161792K, used 78108K [0x0000000080000000, 0x0000000100000000)
  region size 1024K, 4 young (4096K), 4 survivors (4096K)
 Metaspace       used 86638K, committed 87296K, reserved 1179648K
  class space    used 11339K, committed 11648K, reserved 1048576K
}
Event: 34.864 GC heap before
{Heap before GC invocations=37 (full 0):
 garbage-first heap   total 161792K, used 129308K [0x0000000080000000, 0x0000000100000000)
  region size 1024K, 54 young (55296K), 4 survivors (4096K)
 Metaspace       used 93914K, committed 94592K, reserved 1179648K
  class space    used 12162K, committed 12480K, reserved 1048576K
}
Event: 34.882 GC heap after
{Heap after GC invocations=38 (full 0):
 garbage-first heap   total 161792K, used 80440K [0x0000000080000000, 0x0000000100000000)
  region size 1024K, 3 young (3072K), 3 survivors (3072K)
 Metaspace       used 93914K, committed 94592K, reserved 1179648K
  class space    used 12162K, committed 12480K, reserved 1048576K
}
Event: 38.882 GC heap before
{Heap before GC invocations=39 (full 0):
 garbage-first heap   total 161792K, used 130616K [0x0000000080000000, 0x0000000100000000)
  region size 1024K, 53 young (54272K), 3 survivors (3072K)
 Metaspace       used 100789K, committed 101504K, reserved 1179648K
  class space    used 12916K, committed 13248K, reserved 1048576K
}
Event: 38.897 GC heap after
{Heap after GC invocations=40 (full 0):
 garbage-first heap   total 161792K, used 82408K [0x0000000080000000, 0x0000000100000000)
  region size 1024K, 5 young (5120K), 5 survivors (5120K)
 Metaspace       used 100789K, committed 101504K, reserved 1179648K
  class space    used 12916K, committed 13248K, reserved 1048576K
}
Event: 38.974 GC heap before
{Heap before GC invocations=40 (full 0):
 garbage-first heap   total 161792K, used 84456K [0x0000000080000000, 0x0000000100000000)
  region size 1024K, 7 young (7168K), 5 survivors (5120K)
 Metaspace       used 100973K, committed 101760K, reserved 1179648K
  class space    used 12946K, committed 13312K, reserved 1048576K
}
Event: 38.981 GC heap after
{Heap after GC invocations=41 (full 0):
 garbage-first heap   total 161792K, used 82015K [0x0000000080000000, 0x0000000100000000)
  region size 1024K, 1 young (1024K), 1 survivors (1024K)
 Metaspace       used 100973K, committed 101760K, reserved 1179648K
  class space    used 12946K, committed 13312K, reserved 1048576K
}

Dll operation events (15 events):
Event: 0.029 Loaded shared library C:\Program Files\Eclipse Adoptium\jdk-17.0.15.6-hotspot\bin\java.dll
Event: 0.163 Loaded shared library C:\Program Files\Eclipse Adoptium\jdk-17.0.15.6-hotspot\bin\jsvml.dll
Event: 0.290 Loaded shared library C:\Program Files\Eclipse Adoptium\jdk-17.0.15.6-hotspot\bin\zip.dll
Event: 0.324 Loaded shared library C:\Program Files\Eclipse Adoptium\jdk-17.0.15.6-hotspot\bin\instrument.dll
Event: 0.337 Loaded shared library C:\Program Files\Eclipse Adoptium\jdk-17.0.15.6-hotspot\bin\net.dll
Event: 0.343 Loaded shared library C:\Program Files\Eclipse Adoptium\jdk-17.0.15.6-hotspot\bin\nio.dll
Event: 0.348 Loaded shared library C:\Program Files\Eclipse Adoptium\jdk-17.0.15.6-hotspot\bin\zip.dll
Event: 0.955 Loaded shared library C:\Program Files\Eclipse Adoptium\jdk-17.0.15.6-hotspot\bin\jimage.dll
Event: 1.269 Loaded shared library C:\Program Files\Eclipse Adoptium\jdk-17.0.15.6-hotspot\bin\verify.dll
Event: 1.476 Loaded shared library C:\Users\Farate\.gradle\native\c067742578af261105cb4f569cf0c3c89f3d7b1fecec35dd04571415982c5e48\windows-amd64\native-platform.dll
Event: 1.485 Loaded shared library C:\Users\Farate\.gradle\native\100fb08df4bc3b14c8652ba06237920a3bd2aa13389f12d3474272988ae205f9\windows-amd64\native-platform-file-events.dll
Event: 3.187 Loaded shared library C:\Program Files\Eclipse Adoptium\jdk-17.0.15.6-hotspot\bin\management.dll
Event: 3.192 Loaded shared library C:\Program Files\Eclipse Adoptium\jdk-17.0.15.6-hotspot\bin\management_ext.dll
Event: 3.450 Loaded shared library C:\Program Files\Eclipse Adoptium\jdk-17.0.15.6-hotspot\bin\extnet.dll
Event: 4.037 Loaded shared library C:\Program Files\Eclipse Adoptium\jdk-17.0.15.6-hotspot\bin\sunmscapi.dll

Deoptimization events (20 events):
Event: 37.002 Thread 0x000001cbcccdd930 Uncommon trap: trap_request=0xffffff45 fr.pc=0x000001cbf62bea24 relative=0x00000000000006e4
Event: 37.002 Thread 0x000001cbcccdd930 Uncommon trap: reason=unstable_if action=reinterpret pc=0x000001cbf62bea24 method=org.objectweb.asm.ClassReader.readUtf(II[C)Ljava/lang/String; @ 41 c2
Event: 37.002 Thread 0x000001cbcccdd930 DEOPT PACKING pc=0x000001cbf62bea24 sp=0x00000030382f6f50
Event: 37.002 Thread 0x000001cbcccdd930 DEOPT UNPACKING pc=0x000001cbf5ab69a3 sp=0x00000030382f6e18 mode 2
Event: 37.002 Thread 0x000001cbcccdd930 Uncommon trap: trap_request=0xffffff3d fr.pc=0x000001cbf61fd688 relative=0x0000000000000ce8
Event: 37.002 Thread 0x000001cbcccdd930 Uncommon trap: reason=unstable_fused_if action=reinterpret pc=0x000001cbf61fd688 method=org.objectweb.asm.ByteVector.putUTF8(Ljava/lang/String;)Lorg/objectweb/asm/ByteVector; @ 93 c2
Event: 37.002 Thread 0x000001cbcccdd930 DEOPT PACKING pc=0x000001cbf61fd688 sp=0x00000030382f6eb0
Event: 37.002 Thread 0x000001cbcccdd930 DEOPT UNPACKING pc=0x000001cbf5ab69a3 sp=0x00000030382f6e08 mode 2
Event: 37.022 Thread 0x000001cbcccdd930 Uncommon trap: trap_request=0xffffff45 fr.pc=0x000001cbf624e248 relative=0x0000000000000588
Event: 37.022 Thread 0x000001cbcccdd930 Uncommon trap: reason=unstable_if action=reinterpret pc=0x000001cbf624e248 method=org.objectweb.asm.ClassReader.readUtf(II[C)Ljava/lang/String; @ 41 c2
Event: 37.022 Thread 0x000001cbcccdd930 DEOPT PACKING pc=0x000001cbf624e248 sp=0x00000030382f6e70
Event: 37.022 Thread 0x000001cbcccdd930 DEOPT UNPACKING pc=0x000001cbf5ab69a3 sp=0x00000030382f6e18 mode 2
Event: 37.022 Thread 0x000001cbcccdd930 Uncommon trap: trap_request=0xffffff3d fr.pc=0x000001cbf61a28d0 relative=0x0000000000000210
Event: 37.022 Thread 0x000001cbcccdd930 Uncommon trap: reason=unstable_fused_if action=reinterpret pc=0x000001cbf61a28d0 method=org.objectweb.asm.ByteVector.putUTF8(Ljava/lang/String;)Lorg/objectweb/asm/ByteVector; @ 93 c2
Event: 37.022 Thread 0x000001cbcccdd930 DEOPT PACKING pc=0x000001cbf61a28d0 sp=0x00000030382f6e50
Event: 37.022 Thread 0x000001cbcccdd930 DEOPT UNPACKING pc=0x000001cbf5ab69a3 sp=0x00000030382f6dd0 mode 2
Event: 37.778 Thread 0x000001cbcccdd930 Uncommon trap: trap_request=0xffffff45 fr.pc=0x000001cbf622c010 relative=0x0000000000003190
Event: 37.778 Thread 0x000001cbcccdd930 Uncommon trap: reason=unstable_if action=reinterpret pc=0x000001cbf622c010 method=org.objectweb.asm.Frame.push(I)V @ 26 c2
Event: 37.778 Thread 0x000001cbcccdd930 DEOPT PACKING pc=0x000001cbf622c010 sp=0x00000030382f80c0
Event: 37.778 Thread 0x000001cbcccdd930 DEOPT UNPACKING pc=0x000001cbf5ab69a3 sp=0x00000030382f7ff8 mode 2

Classes loaded (20 events):
Event: 25.115 Loading class java/util/AbstractList$SubList$1
Event: 25.115 Loading class java/util/AbstractList$SubList$1 done
Event: 25.446 Loading class java/util/EnumMap$EntrySet
Event: 25.446 Loading class java/util/EnumMap$EntrySet done
Event: 25.446 Loading class java/util/EnumMap$EntryIterator
Event: 25.447 Loading class java/util/EnumMap$EnumMapIterator
Event: 25.447 Loading class java/util/EnumMap$EnumMapIterator done
Event: 25.447 Loading class java/util/EnumMap$EntryIterator done
Event: 25.447 Loading class java/util/EnumMap$EntryIterator$Entry
Event: 25.447 Loading class java/util/EnumMap$EntryIterator$Entry done
Event: 28.645 Loading class java/util/AbstractList$RandomAccessSubList
Event: 28.645 Loading class java/util/AbstractList$RandomAccessSubList done
Event: 36.385 Loading class java/util/Vector$Itr
Event: 36.385 Loading class java/util/Vector$Itr done
Event: 36.897 Loading class java/util/zip/ZipInputStream
Event: 36.898 Loading class java/util/zip/ZipInputStream done
Event: 37.261 Loading class java/io/CharArrayWriter
Event: 37.261 Loading class java/io/CharArrayWriter done
Event: 39.008 Loading class java/util/concurrent/RecursiveAction
Event: 39.008 Loading class java/util/concurrent/RecursiveAction done

Classes unloaded (0 events):
No events

Classes redefined (0 events):
No events

Internal exceptions (20 events):
Event: 36.623 Thread 0x000001cbcccdd930 Exception <a 'java/lang/NoSuchMethodError'{0x0000000087740ef8}: 'void java.lang.invoke.DirectMethodHandle$Holder.invokeStaticInit(java.lang.Object, java.lang.Object, java.lang.Object, java.lang.Object, java.lang.Object, java.lang.Object, java.lang.Object, int)'> (0x0000000087740ef8) 
thrown [s\src\hotspot\share\interpreter\linkResolver.cpp, line 759]
Event: 36.864 Thread 0x000001cbcccdd930 Exception <a 'sun/nio/fs/WindowsException'{0x0000000087597f38}> (0x0000000087597f38) 
thrown [s\src\hotspot\share\prims\jni.cpp, line 516]
Event: 36.871 Thread 0x000001cbcccdd930 Exception <a 'sun/nio/fs/WindowsException'{0x00000000875998d0}> (0x00000000875998d0) 
thrown [s\src\hotspot\share\prims\jni.cpp, line 516]
Event: 36.991 Thread 0x000001cbcccdd930 Exception <a 'sun/nio/fs/WindowsException'{0x0000000087482738}> (0x0000000087482738) 
thrown [s\src\hotspot\share\prims\jni.cpp, line 516]
Event: 37.009 Thread 0x000001cbcccdd930 Exception <a 'sun/nio/fs/WindowsException'{0x000000008748a6b0}> (0x000000008748a6b0) 
thrown [s\src\hotspot\share\prims\jni.cpp, line 516]
Event: 37.038 Thread 0x000001cbcccdd930 Exception <a 'sun/nio/fs/WindowsException'{0x00000000874924f0}> (0x00000000874924f0) 
thrown [s\src\hotspot\share\prims\jni.cpp, line 516]
Event: 37.092 Thread 0x000001cbcccdd930 Exception <a 'sun/nio/fs/WindowsException'{0x000000008749b578}> (0x000000008749b578) 
thrown [s\src\hotspot\share\prims\jni.cpp, line 516]
Event: 38.264 Thread 0x000001cbcccdd930 Exception <a 'java/lang/NoSuchMethodError'{0x0000000086ec49e0}: 'java.lang.Object java.lang.invoke.DirectMethodHandle$Holder.invokeSpecial(java.lang.Object, java.lang.Object, java.lang.Object, java.lang.Object, int, java.lang.Object)'> (0x0000000086ec49e0) 
thrown [s\src\hotspot\share\interpreter\linkResolver.cpp, line 759]
Event: 38.357 Thread 0x000001cbcccdd930 Exception <a 'java/lang/NoSuchMethodError'{0x0000000086d6bb58}: 'void java.lang.invoke.DirectMethodHandle$Holder.invokeStatic(java.lang.Object, java.lang.Object, long, java.lang.Object)'> (0x0000000086d6bb58) 
thrown [s\src\hotspot\share\interpreter\linkResolver.cpp, line 759]
Event: 38.493 Thread 0x000001cbcccdd930 Exception <a 'java/lang/NoSuchMethodError'{0x0000000086b17810}: 'int java.lang.invoke.DirectMethodHandle$Holder.invokeInterface(java.lang.Object, java.lang.Object, java.lang.Object, java.lang.Object)'> (0x0000000086b17810) 
thrown [s\src\hotspot\share\interpreter\linkResolver.cpp, line 759]
Event: 38.634 Thread 0x000001cbcccdd930 Exception <a 'java/lang/NoSuchMethodError'{0x000000008694c0e8}: 'java.lang.Object java.lang.invoke.DirectMethodHandle$Holder.invokeStatic(java.lang.Object, long, java.lang.Object)'> (0x000000008694c0e8) 
thrown [s\src\hotspot\share\interpreter\linkResolver.cpp, line 759]
Event: 38.636 Thread 0x000001cbcccdd930 Exception <a 'java/lang/NoSuchMethodError'{0x0000000086953f68}: 'java.lang.Object java.lang.invoke.DirectMethodHandle$Holder.newInvokeSpecial(java.lang.Object, long)'> (0x0000000086953f68) 
thrown [s\src\hotspot\share\interpreter\linkResolver.cpp, line 759]
Event: 38.663 Thread 0x000001cbcccdd930 Exception <a 'java/lang/NoSuchMethodError'{0x00000000869c3a60}: 'java.lang.Object java.lang.invoke.Invokers$Holder.linkToTargetMethod(java.lang.Object, java.lang.Object, java.lang.Object, java.lang.Object, long, java.lang.Object, java.lang.Object)'> (0x00000000869c3a60) 
thrown [s\src\hotspot\share\interpreter\linkResolver.cpp, line 759]
Event: 38.677 Thread 0x000001cbcccdd930 Exception <a 'java/lang/NoSuchMethodError'{0x000000008680a070}: 'java.lang.Object java.lang.invoke.DirectMethodHandle$Holder.newInvokeSpecial(java.lang.Object, java.lang.Object, java.lang.Object, long, java.lang.Object)'> (0x000000008680a070) 
thrown [s\src\hotspot\share\interpreter\linkResolver.cpp, line 759]
Event: 38.680 Thread 0x000001cbcccdd930 Exception <a 'java/lang/NoSuchMethodError'{0x000000008680ef10}: 'java.lang.Object java.lang.invoke.DirectMethodHandle$Holder.invokeSpecial(java.lang.Object, java.lang.Object, java.lang.Object, java.lang.Object, long, java.lang.Object)'> (0x000000008680ef10) 
thrown [s\src\hotspot\share\interpreter\linkResolver.cpp, line 759]
Event: 38.680 Thread 0x000001cbcccdd930 Exception <a 'java/lang/NoSuchMethodError'{0x00000000868136f8}: 'java.lang.Object java.lang.invoke.Invokers$Holder.linkToTargetMethod(java.lang.Object, java.lang.Object, long, java.lang.Object, java.lang.Object)'> (0x00000000868136f8) 
thrown [s\src\hotspot\share\interpreter\linkResolver.cpp, line 759]
Event: 39.082 Thread 0x000001cbcccdd930 Exception <a 'java/lang/NoSuchMethodError'{0x0000000089358a10}: 'void java.lang.invoke.DirectMethodHandle$Holder.invokeInterface(java.lang.Object, java.lang.Object)'> (0x0000000089358a10) 
thrown [s\src\hotspot\share\interpreter\linkResolver.cpp, line 759]
Event: 39.083 Thread 0x000001cbcccdd930 Exception <a 'java/lang/IncompatibleClassChangeError'{0x0000000089364518}: Found class java.lang.Object, but interface was expected> (0x0000000089364518) 
thrown [s\src\hotspot\share\interpreter\linkResolver.cpp, line 826]
Event: 39.161 Thread 0x000001cbcccdd930 Exception <a 'java/lang/NoSuchMethodError'{0x00000000891bdb58}: 'java.lang.Object java.lang.invoke.DirectMethodHandle$Holder.newInvokeSpecial(java.lang.Object, int, java.lang.Object)'> (0x00000000891bdb58) 
thrown [s\src\hotspot\share\interpreter\linkResolver.cpp, line 759]
Event: 39.204 Thread 0x000001cbcccdd930 Exception <a 'java/lang/NoSuchMethodError'{0x0000000088e00278}: 'java.lang.Object java.lang.invoke.DirectMethodHandle$Holder.invokeSpecial(java.lang.Object, java.lang.Object, long, java.lang.Object, java.lang.Object)'> (0x0000000088e00278) 
thrown [s\src\hotspot\share\interpreter\linkResolver.cpp, line 759]

VM Operations (20 events):
Event: 35.825 Executing VM operation: HandshakeAllThreads
Event: 35.825 Executing VM operation: HandshakeAllThreads done
Event: 36.444 Executing VM operation: ICBufferFull
Event: 36.444 Executing VM operation: ICBufferFull done
Event: 37.457 Executing VM operation: Cleanup
Event: 37.457 Executing VM operation: Cleanup done
Event: 38.177 Executing VM operation: HandshakeAllThreads
Event: 38.178 Executing VM operation: HandshakeAllThreads done
Event: 38.489 Executing VM operation: HandshakeAllThreads
Event: 38.489 Executing VM operation: HandshakeAllThreads done
Event: 38.489 Executing VM operation: Cleanup
Event: 38.489 Executing VM operation: Cleanup done
Event: 38.882 Executing VM operation: G1CollectForAllocation
Event: 38.897 Executing VM operation: G1CollectForAllocation done
Event: 38.973 Executing VM operation: G1CollectForAllocation
Event: 38.981 Executing VM operation: G1CollectForAllocation done
Event: 39.138 Executing VM operation: HandshakeAllThreads
Event: 39.139 Executing VM operation: HandshakeAllThreads done
Event: 39.154 Executing VM operation: HandshakeAllThreads
Event: 39.155 Executing VM operation: HandshakeAllThreads done

Memory protections (0 events):
No events

Nmethod flushes (20 events):
Event: 39.164 Thread 0x000001cbffb24e40 flushing  nmethod 0x000001cbeee44890
Event: 39.164 Thread 0x000001cbffb24e40 flushing  nmethod 0x000001cbeee45f10
Event: 39.164 Thread 0x000001cbffb24e40 flushing  nmethod 0x000001cbeee48f90
Event: 39.164 Thread 0x000001cbffb24e40 flushing  nmethod 0x000001cbeee4a910
Event: 39.164 Thread 0x000001cbffb24e40 flushing  nmethod 0x000001cbeee50210
Event: 39.164 Thread 0x000001cbffb24e40 flushing  nmethod 0x000001cbeee86510
Event: 39.164 Thread 0x000001cbffb24e40 flushing  nmethod 0x000001cbeee88990
Event: 39.164 Thread 0x000001cbffb24e40 flushing  nmethod 0x000001cbeeee4f10
Event: 39.164 Thread 0x000001cbffb24e40 flushing  nmethod 0x000001cbeeef5690
Event: 39.164 Thread 0x000001cbffb24e40 flushing  nmethod 0x000001cbeeefe790
Event: 39.164 Thread 0x000001cbffb24e40 flushing  nmethod 0x000001cbeef15310
Event: 39.164 Thread 0x000001cbffb24e40 flushing  nmethod 0x000001cbeef1d910
Event: 39.164 Thread 0x000001cbffb24e40 flushing  nmethod 0x000001cbeef1e110
Event: 39.164 Thread 0x000001cbffb24e40 flushing  nmethod 0x000001cbeef1ef10
Event: 39.164 Thread 0x000001cbffb24e40 flushing  nmethod 0x000001cbeef1f590
Event: 39.164 Thread 0x000001cbffb24e40 flushing  nmethod 0x000001cbeef21310
Event: 39.164 Thread 0x000001cbffb24e40 flushing  nmethod 0x000001cbeef2f990
Event: 39.164 Thread 0x000001cbffb24e40 flushing  nmethod 0x000001cbeef30210
Event: 39.164 Thread 0x000001cbffb24e40 flushing  nmethod 0x000001cbeef3b190
Event: 39.164 Thread 0x000001cbffb24e40 flushing  nmethod 0x000001cbeef41710

Events (20 events):
Event: 10.230 Thread 0x000001cbd03d5c40 Thread exited: 0x000001cbd03d5c40
Event: 12.264 Thread 0x000001cbffb23540 Thread added: 0x000001cbd03d8170
Event: 12.658 Thread 0x000001cbd03d8170 Thread exited: 0x000001cbd03d8170
Event: 13.209 Thread 0x000001cbffb23540 Thread added: 0x000001cbd03d8c10
Event: 13.562 Thread 0x000001cbd03d8c10 Thread added: 0x000001cbd03d66e0
Event: 14.442 Thread 0x000001cbd03d66e0 Thread exited: 0x000001cbd03d66e0
Event: 14.645 Thread 0x000001cbd03d8c10 Thread exited: 0x000001cbd03d8c10
Event: 22.651 Thread 0x000001cbffb23540 Thread added: 0x000001cbd03d66e0
Event: 22.916 Thread 0x000001cbd03d66e0 Thread exited: 0x000001cbd03d66e0
Event: 25.818 Thread 0x000001cbffb23540 Thread added: 0x000001cbd03d66e0
Event: 26.913 Thread 0x000001cbd03d66e0 Thread exited: 0x000001cbd03d66e0
Event: 27.064 Thread 0x000001cbffb23540 Thread added: 0x000001cbcf3cc8e0
Event: 28.769 Thread 0x000001cbcf3cc8e0 Thread exited: 0x000001cbcf3cc8e0
Event: 30.133 Thread 0x000001cbffb23540 Thread added: 0x000001cbcf3ce8c0
Event: 31.541 Thread 0x000001cbcf3ce8c0 Thread exited: 0x000001cbcf3ce8c0
Event: 33.828 Thread 0x000001cbffb23540 Thread added: 0x000001cbcf3cce30
Event: 35.027 Thread 0x000001cbcf3cce30 Thread exited: 0x000001cbcf3cce30
Event: 38.321 Thread 0x000001cbffb23540 Thread added: 0x000001cbcf3cc8e0
Event: 38.509 Thread 0x000001cbcf3cc8e0 Thread exited: 0x000001cbcf3cc8e0
Event: 38.877 Thread 0x000001cbffb23540 Thread added: 0x000001cbcf3ce8c0


Dynamic libraries:
0x00007ff6948d0000 - 0x00007ff6948de000 	C:\Program Files\Eclipse Adoptium\jdk-17.0.15.6-hotspot\bin\java.exe
0x00007ffae1ea0000 - 0x00007ffae2103000 	C:\WINDOWS\SYSTEM32\ntdll.dll
0x00007ffae0d10000 - 0x00007ffae0dd8000 	C:\WINDOWS\System32\KERNEL32.DLL
0x00007ffadf5f0000 - 0x00007ffadf9a1000 	C:\WINDOWS\System32\KERNELBASE.dll
0x00007ffadfb40000 - 0x00007ffadfc8b000 	C:\WINDOWS\System32\ucrtbase.dll
0x00007ffab0b90000 - 0x00007ffab0ba7000 	C:\Program Files\Eclipse Adoptium\jdk-17.0.15.6-hotspot\bin\jli.dll
0x00007ffab0a30000 - 0x00007ffab0a4e000 	C:\Program Files\Eclipse Adoptium\jdk-17.0.15.6-hotspot\bin\VCRUNTIME140.dll
0x00007ffae14f0000 - 0x00007ffae16b8000 	C:\WINDOWS\System32\USER32.dll
0x00007ffadf9b0000 - 0x00007ffadf9d7000 	C:\WINDOWS\System32\win32u.dll
0x00007ffae16c0000 - 0x00007ffae16ea000 	C:\WINDOWS\System32\GDI32.dll
0x00007ffadf410000 - 0x00007ffadf535000 	C:\WINDOWS\System32\gdi32full.dll
0x00007ffadf540000 - 0x00007ffadf5e3000 	C:\WINDOWS\System32\msvcp_win.dll
0x00007ffaba5f0000 - 0x00007ffaba880000 	C:\WINDOWS\WinSxS\amd64_microsoft.windows.common-controls_6595b64144ccf1df_6.0.26100.2161_none_3e0cadb0e33078e1\COMCTL32.dll
0x00007ffae1740000 - 0x00007ffae17e9000 	C:\WINDOWS\System32\msvcrt.dll
0x00007ffae0cd0000 - 0x00007ffae0cff000 	C:\WINDOWS\System32\IMM32.DLL
0x00007ffabec00000 - 0x00007ffabec0c000 	C:\Program Files\Eclipse Adoptium\jdk-17.0.15.6-hotspot\bin\vcruntime140_1.dll
0x00007ffa84650000 - 0x00007ffa846dd000 	C:\Program Files\Eclipse Adoptium\jdk-17.0.15.6-hotspot\bin\msvcp140.dll
0x00007ffa26e10000 - 0x00007ffa27a7b000 	C:\Program Files\Eclipse Adoptium\jdk-17.0.15.6-hotspot\bin\server\jvm.dll
0x00007ffae1be0000 - 0x00007ffae1c94000 	C:\WINDOWS\System32\ADVAPI32.dll
0x00007ffae1910000 - 0x00007ffae19b6000 	C:\WINDOWS\System32\sechost.dll
0x00007ffae17f0000 - 0x00007ffae1906000 	C:\WINDOWS\System32\RPCRT4.dll
0x00007ffadfdf0000 - 0x00007ffadfe64000 	C:\WINDOWS\System32\WS2_32.dll
0x00007ffaddf50000 - 0x00007ffaddf9e000 	C:\WINDOWS\SYSTEM32\POWRPROF.dll
0x00007ffad4090000 - 0x00007ffad409b000 	C:\WINDOWS\SYSTEM32\VERSION.dll
0x00007ffacb9d0000 - 0x00007ffacba06000 	C:\WINDOWS\SYSTEM32\WINMM.dll
0x00007ffaddf30000 - 0x00007ffaddf44000 	C:\WINDOWS\SYSTEM32\UMPDC.dll
0x00007ffade1f0000 - 0x00007ffade20a000 	C:\WINDOWS\SYSTEM32\kernel.appcore.dll
0x00007ffab7db0000 - 0x00007ffab7dba000 	C:\Program Files\Eclipse Adoptium\jdk-17.0.15.6-hotspot\bin\jimage.dll
0x00007ffadcb20000 - 0x00007ffadcd61000 	C:\WINDOWS\SYSTEM32\DBGHELP.DLL
0x00007ffae0950000 - 0x00007ffae0ccd000 	C:\WINDOWS\System32\combase.dll
0x00007ffadfd10000 - 0x00007ffadfde6000 	C:\WINDOWS\System32\OLEAUT32.dll
0x00007ffab5f80000 - 0x00007ffab5fb9000 	C:\WINDOWS\SYSTEM32\dbgcore.DLL
0x00007ffadf9e0000 - 0x00007ffadfa79000 	C:\WINDOWS\System32\bcryptPrimitives.dll
0x00007ffab6740000 - 0x00007ffab674e000 	C:\Program Files\Eclipse Adoptium\jdk-17.0.15.6-hotspot\bin\instrument.dll
0x00007ffa92520000 - 0x00007ffa92545000 	C:\Program Files\Eclipse Adoptium\jdk-17.0.15.6-hotspot\bin\java.dll
0x00007ffa843f0000 - 0x00007ffa844c7000 	C:\Program Files\Eclipse Adoptium\jdk-17.0.15.6-hotspot\bin\jsvml.dll
0x00007ffae0de0000 - 0x00007ffae14df000 	C:\WINDOWS\System32\SHELL32.dll
0x00007ffadcfe0000 - 0x00007ffadd80d000 	C:\WINDOWS\SYSTEM32\windows.storage.dll
0x00007ffae0350000 - 0x00007ffae0423000 	C:\WINDOWS\System32\SHCORE.dll
0x00007ffae1af0000 - 0x00007ffae1b4d000 	C:\WINDOWS\System32\shlwapi.dll
0x00007ffadf1a0000 - 0x00007ffadf1ce000 	C:\WINDOWS\SYSTEM32\profapi.dll
0x00007ffaae1f0000 - 0x00007ffaae208000 	C:\Program Files\Eclipse Adoptium\jdk-17.0.15.6-hotspot\bin\zip.dll
0x00007ffaadd20000 - 0x00007ffaadd39000 	C:\Program Files\Eclipse Adoptium\jdk-17.0.15.6-hotspot\bin\net.dll
0x00007ffad8290000 - 0x00007ffad83b6000 	C:\WINDOWS\SYSTEM32\WINHTTP.dll
0x00007ffade6f0000 - 0x00007ffade758000 	C:\WINDOWS\system32\mswsock.dll
0x00007ffaa2ff0000 - 0x00007ffaa3006000 	C:\Program Files\Eclipse Adoptium\jdk-17.0.15.6-hotspot\bin\nio.dll
0x00007ffab6550000 - 0x00007ffab6560000 	C:\Program Files\Eclipse Adoptium\jdk-17.0.15.6-hotspot\bin\verify.dll
0x00007ffaca220000 - 0x00007ffaca247000 	C:\Users\Farate\.gradle\native\c067742578af261105cb4f569cf0c3c89f3d7b1fecec35dd04571415982c5e48\windows-amd64\native-platform.dll
0x00007ffaac470000 - 0x00007ffaac5b4000 	C:\Users\Farate\.gradle\native\100fb08df4bc3b14c8652ba06237920a3bd2aa13389f12d3474272988ae205f9\windows-amd64\native-platform-file-events.dll
0x00007ffab5ff0000 - 0x00007ffab5ffa000 	C:\Program Files\Eclipse Adoptium\jdk-17.0.15.6-hotspot\bin\management.dll
0x00007ffab5d30000 - 0x00007ffab5d3b000 	C:\Program Files\Eclipse Adoptium\jdk-17.0.15.6-hotspot\bin\management_ext.dll
0x00007ffae1e40000 - 0x00007ffae1e48000 	C:\WINDOWS\System32\PSAPI.DLL
0x00007ffade990000 - 0x00007ffade9ac000 	C:\WINDOWS\SYSTEM32\CRYPTSP.dll
0x00007ffade150000 - 0x00007ffade188000 	C:\WINDOWS\system32\rsaenh.dll
0x00007ffade790000 - 0x00007ffade7bb000 	C:\WINDOWS\SYSTEM32\USERENV.dll
0x00007ffadebd0000 - 0x00007ffadebf6000 	C:\WINDOWS\SYSTEM32\bcrypt.dll
0x00007ffade9b0000 - 0x00007ffade9bc000 	C:\WINDOWS\SYSTEM32\CRYPTBASE.dll
0x00007ffaddbe0000 - 0x00007ffaddc11000 	C:\WINDOWS\SYSTEM32\IPHLPAPI.DLL
0x00007ffae1e50000 - 0x00007ffae1e5a000 	C:\WINDOWS\System32\NSI.dll
0x00007ffad8af0000 - 0x00007ffad8b0e000 	C:\WINDOWS\SYSTEM32\dhcpcsvc6.DLL
0x00007ffad8a30000 - 0x00007ffad8a55000 	C:\WINDOWS\SYSTEM32\dhcpcsvc.DLL
0x00007ffaddc80000 - 0x00007ffaddda5000 	C:\WINDOWS\SYSTEM32\DNSAPI.dll
0x00007ffab4e80000 - 0x00007ffab4e89000 	C:\Program Files\Eclipse Adoptium\jdk-17.0.15.6-hotspot\bin\extnet.dll
0x00007ffab1070000 - 0x00007ffab107e000 	C:\Program Files\Eclipse Adoptium\jdk-17.0.15.6-hotspot\bin\sunmscapi.dll
0x00007ffadf290000 - 0x00007ffadf406000 	C:\WINDOWS\System32\CRYPT32.dll
0x00007ffadeb90000 - 0x00007ffadebc0000 	C:\WINDOWS\SYSTEM32\ncrypt.dll
0x00007ffadeb40000 - 0x00007ffadeb7f000 	C:\WINDOWS\SYSTEM32\NTASN1.dll
0x00007ffab1410000 - 0x00007ffab1418000 	C:\WINDOWS\system32\wshunix.dll
0x00007ffade310000 - 0x00007ffade345000 	C:\WINDOWS\SYSTEM32\ntmarta.dll

dbghelp: loaded successfully - version: 4.0.5 - missing functions: none
symbol engine: initialized successfully - sym options: 0x614 - pdb path: .;C:\Program Files\Eclipse Adoptium\jdk-17.0.15.6-hotspot\bin;C:\WINDOWS\SYSTEM32;C:\WINDOWS\WinSxS\amd64_microsoft.windows.common-controls_6595b64144ccf1df_6.0.26100.2161_none_3e0cadb0e33078e1;C:\Program Files\Eclipse Adoptium\jdk-17.0.15.6-hotspot\bin\server;C:\Users\Farate\.gradle\native\c067742578af261105cb4f569cf0c3c89f3d7b1fecec35dd04571415982c5e48\windows-amd64;C:\Users\Farate\.gradle\native\100fb08df4bc3b14c8652ba06237920a3bd2aa13389f12d3474272988ae205f9\windows-amd64

VM Arguments:
jvm_args: --add-opens=java.base/java.lang=ALL-UNNAMED --add-opens=java.base/java.lang.invoke=ALL-UNNAMED --add-opens=java.base/java.util=ALL-UNNAMED --add-opens=java.prefs/java.util.prefs=ALL-UNNAMED --add-exports=jdk.compiler/com.sun.tools.javac.api=ALL-UNNAMED --add-exports=jdk.compiler/com.sun.tools.javac.util=ALL-UNNAMED --add-opens=java.base/java.util=ALL-UNNAMED --add-opens=java.prefs/java.util.prefs=ALL-UNNAMED --add-opens=java.base/java.nio.charset=ALL-UNNAMED --add-opens=java.base/java.net=ALL-UNNAMED --add-opens=java.base/java.util.concurrent.atomic=ALL-UNNAMED --add-opens=java.xml/javax.xml.namespace=ALL-UNNAMED -Xmx2048m -Dfile.encoding=UTF-8 -Duser.country=IN -Duser.language=en -Duser.variant -javaagent:C:\Users\Farate\.gradle\wrapper\dists\gradle-8.11.1-bin\bpt9gzteqjrbo1mjrsomdt32c\gradle-8.11.1\lib\agents\gradle-instrumentation-agent-8.11.1.jar 
java_command: org.gradle.launcher.daemon.bootstrap.GradleDaemon 8.11.1
java_class_path (initial): C:\Users\Farate\.gradle\wrapper\dists\gradle-8.11.1-bin\bpt9gzteqjrbo1mjrsomdt32c\gradle-8.11.1\lib\gradle-daemon-main-8.11.1.jar
Launcher Type: SUN_STANDARD

[Global flags]
     intx CICompilerCount                          = 4                                         {product} {ergonomic}
     uint ConcGCThreads                            = 3                                         {product} {ergonomic}
     uint G1ConcRefinementThreads                  = 10                                        {product} {ergonomic}
   size_t G1HeapRegionSize                         = 1048576                                   {product} {ergonomic}
    uintx GCDrainStackTargetSize                   = 64                                        {product} {ergonomic}
   size_t InitialHeapSize                          = 264241152                                 {product} {ergonomic}
   size_t MarkStackSize                            = 4194304                                   {product} {ergonomic}
   size_t MaxHeapSize                              = 2147483648                                {product} {command line}
   size_t MaxNewSize                               = 1287651328                                {product} {ergonomic}
   size_t MinHeapDeltaBytes                        = 1048576                                   {product} {ergonomic}
   size_t MinHeapSize                              = 8388608                                   {product} {ergonomic}
    uintx NonNMethodCodeHeapSize                   = 5839372                                {pd product} {ergonomic}
    uintx NonProfiledCodeHeapSize                  = 122909434                              {pd product} {ergonomic}
    uintx ProfiledCodeHeapSize                     = 122909434                              {pd product} {ergonomic}
    uintx ReservedCodeCacheSize                    = 251658240                              {pd product} {ergonomic}
     bool SegmentedCodeCache                       = true                                      {product} {ergonomic}
   size_t SoftMaxHeapSize                          = 2147483648                             {manageable} {ergonomic}
     bool UseCompressedClassPointers               = true                           {product lp64_product} {ergonomic}
     bool UseCompressedOops                        = true                           {product lp64_product} {ergonomic}
     bool UseG1GC                                  = true                                      {product} {ergonomic}
     bool UseLargePagesIndividualAllocation        = false                                  {pd product} {ergonomic}

Logging:
Log output configuration:
 #0: stdout all=warning uptime,level,tags
 #1: stderr all=off uptime,level,tags

Environment Variables:
JAVA_HOME=C:\Program Files\Eclipse Adoptium\jdk-17.0.10.7-hotspot
PATH=C:\Program Files\Eclipse Adoptium\jdk-17.0.15.6-hotspot\bin;C:\Program Files (x86)\VMware\VMware Workstation\bin\;C:\Users\Farate\AppData\Local\Programs\Python\Python312\Scripts\;C:\Users\Farate\AppData\Local\Programs\Python\Python312\;C:\Program Files\Common Files\Oracle\Java\javapath;C:\windows\system32;C:\windows;C:\windows\System32\Wbem;C:\windows\System32\WindowsPowerShell\v1.0\;C:\windows\System32\OpenSSH\;C:\Program Files (x86)\NVIDIA Corporation\PhysX\Common;C:\Program Files\NVIDIA Corporation\NVIDIA NvDLISR;C:\Users\Administrator\AppData\Local\Microsoft\WindowsApps;C:\Program Files\HP\OMEN-Broadcast\Common;C:\MinGW\bin;C:\ProgramData\chocolatey\bin;C:\WINDOWS\system32;C:\WINDOWS;C:\WINDOWS\System32\Wbem;C:\WINDOWS\System32\WindowsPowerShell\v1.0\;C:\WINDOWS\System32\OpenSSH\;C:\Program Files\MongoDB\Server\8.0\bin;C:\xampp\apache\bin;C:\Program Files\nodejs\;C:\Program Files\MongoDB\Server\8.0\bin;C:\Program Files\MongoDB\mongosh\bin;C:\Program Files\Git\cmd;C:\Program Files\Java\jdk-24\bin;C:\Program Files\Eclipse Adoptium\jdk-17.0.10.7-hotspot\bin;C:\Users\Farate\AppData\Local\Programs\Python\Launcher\;C:\Users\Farate\AppData\Local\Microsoft\WindowsApps;C:\Users\Farate\AppData\Local\Programs\Microsoft VS Code\bin;C:\msys64\ucrt64\bin;C:\Program Files\Java\jdk-23\bin;C:\Program Files\MongoDB\Server\8.0\bin;C:\xampp\apache\bin;C:\Users\Farate\AppData\Roaming\npm;C:\Program Files\MongoDB\Server\8.0\bin;C:\Users\Farate\AppData\Local\Programs\mongosh\;E:\flutter\bin;C:\Program Files\JetBrains\IntelliJ IDEA 2025.1.1.1\bin;;C:\Users\Farate\AppData\Local\GitHubDesktop\bin
USERNAME=Farate
OS=Windows_NT
PROCESSOR_IDENTIFIER=Intel64 Family 6 Model 154 Stepping 3, GenuineIntel
TMP=C:\Users\Farate\AppData\Local\Temp
TEMP=C:\Users\Farate\AppData\Local\Temp



Periodic native trim disabled


---------------  S Y S T E M  ---------------

OS:
 Windows 11 , 64 bit Build 26100 (10.0.26100.2161)
OS uptime: 1 days 11:03 hours
Hyper-V role detected

CPU: total 12 (initial active 12) (6 cores per cpu, 2 threads per core) family 6 model 154 stepping 3 microcode 0x434, cx8, cmov, fxsr, ht, mmx, 3dnowpref, sse, sse2, sse3, ssse3, sse4.1, sse4.2, popcnt, lzcnt, tsc, tscinvbit, avx, avx2, aes, erms, clmul, bmi1, bmi2, adx, sha, fma, vzeroupper, clflush, clflushopt, clwb, hv
Processor Information for all 12 processors :
  Max Mhz: 2000, Current Mhz: 2000, Mhz Limit: 2000

Memory: 4k page, system-wide physical 16024M (491M free)
TotalPageFile size 21381M (AvailPageFile size 3M)
current process WorkingSet (physical memory assigned to process): 428M, peak: 428M
current process commit charge ("private bytes"): 469M, peak: 471M

vm_info: OpenJDK 64-Bit Server VM (17.0.15+6) for windows-amd64 JRE (17.0.15+6), built on Apr 15 2025 21:25:47 by "admin" with MS VC++ 17.7 (VS2022)

END.
